<?xml version="1.0" encoding="UTF-8"?>
<testsuite name="tetris.PlacementTests" tests="18" skipped="0" failures="0" errors="0" timestamp="2024-10-03T08:14:11" hostname="thinkpad" time="0.589">
  <properties/>
  <testcase name="testPlacementI" classname="tetris.PlacementTests" time="0.191"/>
  <testcase name="testPlacementIEven" classname="tetris.PlacementTests" time="0.008"/>
  <testcase name="testPlacementJ" classname="tetris.PlacementTests" time="0.005"/>
  <testcase name="testPlacementL" classname="tetris.PlacementTests" time="0.006"/>
  <testcase name="testPlacementO" classname="tetris.PlacementTests" time="0.005"/>
  <testcase name="testPlacementOEven" classname="tetris.PlacementTests" time="0.005"/>
  <testcase name="testPlacementS" classname="tetris.PlacementTests" time="0.006"/>
  <testcase name="testPlacementT" classname="tetris.PlacementTests" time="0.004"/>
  <testcase name="testPlacementZ" classname="tetris.PlacementTests" time="0.005"/>
  <testcase name="testPlacementI" classname="tetris.PlacementTests" time="0.004"/>
  <testcase name="testPlacementIEven" classname="tetris.PlacementTests" time="0.004"/>
  <testcase name="testPlacementJ" classname="tetris.PlacementTests" time="0.003"/>
  <testcase name="testPlacementL" classname="tetris.PlacementTests" time="0.003"/>
  <testcase name="testPlacementO" classname="tetris.PlacementTests" time="0.003"/>
  <testcase name="testPlacementOEven" classname="tetris.PlacementTests" time="0.004"/>
  <testcase name="testPlacementS" classname="tetris.PlacementTests" time="0.004"/>
  <testcase name="testPlacementT" classname="tetris.PlacementTests" time="0.004"/>
  <testcase name="testPlacementZ" classname="tetris.PlacementTests" time="0.003"/>
  <system-out><![CDATA[]]></system-out>
  <system-err><![CDATA[]]></system-err>
</testsuite>
