<?xml version="1.0" encoding="UTF-8"?>
<testsuite name="tetris.SpawnTests" tests="2" skipped="0" failures="2" errors="0" timestamp="2024-09-21T14:25:02" hostname="thinkpad" time="0.012">
  <properties/>
  <testcase name="testSpawn" classname="tetris.SpawnTests" time="0.005">
    <failure message="org.scalatest.exceptions.TestFailedException: didPass was false&#10;Hint: A new tetromino is spawned when moveDown is called but the current tetromino cannot move&#10;down.&#10;--------------------------------------------------------------------------------&#10;This is what went wrong:&#10;&#10;step=0, rand=0, actions=&lt;&gt;&#10;Want  | Got âœ—                                                                                                                                    &#10;-------------------------------------------------------------------------------------------------------------------------------------------------&#10;..... | LogicFailed(java.util.NoSuchElementException: key not found: (4,0)                                                                       &#10;.IIII | &#9;at scala.collection.immutable.BitmapIndexedMapNode.apply(HashMap.scala:670)                                                             &#10;..... | &#9;at scala.collection.immutable.BitmapIndexedMapNode.apply(HashMap.scala:672)                                                             &#10;..... | &#9;at scala.collection.immutable.HashMap.apply(HashMap.scala:132)                                                                          &#10;      | &#9;at tetris.logic.TetrisLogic.getCellType(TetrisLogic.scala:49)                                                                           &#10;      | &#9;at tetris.TetrisLogicWrapper.getCell(TetrisTestSuiteBase.scala:48)                                                                      &#10;      | &#9;at tetris.TetrisLogicWrapper.getCell(TetrisTestSuiteBase.scala:34)                                                                      &#10;      | &#9;at generic.GameTestSuite.$anonfun$getDisplay$2(GameTestSuite.scala:138)                                                                 &#10;      | &#9;at generic.GameTestSuite.$anonfun$getDisplay$2$adapted(GameTestSuite.scala:137)                                                         &#10;      | &#9;at scala.collection.immutable.Range.map(Range.scala:59)                                                                                 &#10;      | &#9;at generic.GameTestSuite.$anonfun$getDisplay$1(GameTestSuite.scala:137)                                                                 &#10;      | &#9;at generic.GameTestSuite.$anonfun$getDisplay$1$adapted(GameTestSuite.scala:136)                                                         &#10;      | &#9;at scala.collection.immutable.Range.map(Range.scala:59)                                                                                 &#10;      | &#9;at generic.GameTestSuite.getGridDisplay$1(GameTestSuite.scala:136)                                                                      &#10;      | &#9;at generic.GameTestSuite.getDisplay(GameTestSuite.scala:143)                                                                            &#10;      | &#9;at generic.GameTestSuite$TestRecording.$anonfun$implementationDisplays$1(GameTestSuite.scala:190)                                       &#10;      | &#9;at generic.GameTestSuite$TestRecording.catchLogicError$1(GameTestSuite.scala:182)                                                       &#10;      | &#9;at generic.GameTestSuite$TestRecording.liftedTree1$1(GameTestSuite.scala:190)                                                           &#10;      | &#9;at generic.GameTestSuite$TestRecording.implementationDisplays$lzycompute(GameTestSuite.scala:187)                                       &#10;      | &#9;at generic.GameTestSuite$TestRecording.implementationDisplays(GameTestSuite.scala:178)                                                  &#10;      | &#9;at generic.GameTestSuite$TestRecording.passes$lzycompute(GameTestSuite.scala:208)                                                       &#10;      | &#9;at generic.GameTestSuite$TestRecording.passes(GameTestSuite.scala:207)                                                                  &#10;      | &#9;at generic.GameTestSuite.checkGame(GameTestSuite.scala:290)                                                                             &#10;      | &#9;at tetris.TetrisTestSuiteBase.checkGame(TetrisTestSuiteBase.scala:103)                                                                  &#10;      | &#9;at tetris.SpawnTests.$anonfun$new$1(SpawnTests.scala:36)                                                                                &#10;      | &#9;at scala.runtime.java8.JFunction0$mcV$sp.apply(JFunction0$mcV$sp.scala:18)                                                              &#10;      | &#9;at infrastructure.TestBase.$anonfun$test$1(TestBase.scala:36)                                                                           &#10;      | &#9;at org.scalatest.OutcomeOf.outcomeOf(OutcomeOf.scala:85)                                                                                &#10;      | &#9;at org.scalatest.OutcomeOf.outcomeOf$(OutcomeOf.scala:83)                                                                               &#10;      | &#9;at org.scalatest.OutcomeOf$.outcomeOf(OutcomeOf.scala:104)                                                                              &#10;      | &#9;at org.scalatest.Transformer.apply(Transformer.scala:22)                                                                                &#10;      | &#9;at org.scalatest.Transformer.apply(Transformer.scala:20)                                                                                &#10;      | &#9;at org.scalatest.FunSuiteLike$$anon$1.apply(FunSuiteLike.scala:186)                                                                     &#10;      | &#9;at org.scalatest.TestSuite.withFixture(TestSuite.scala:196)                                                                             &#10;      | &#9;at org.scalatest.TestSuite.withFixture$(TestSuite.scala:195)                                                                            &#10;      | &#9;at infrastructure.TestBase.org$scalatest$concurrent$TimeLimitedTests$$super$withFixture(TestBase.scala:9)                               &#10;      | &#9;at org.scalatest.concurrent.TimeLimitedTests.$anonfun$withFixture$3(TimeLimitedTests.scala:154)                                         &#10;      | &#9;at org.scalatest.enablers.Timed$$anon$1.timeoutAfter(Timed.scala:127)                                                                   &#10;      | &#9;at org.scalatest.concurrent.TimeLimits.failAfterImpl(TimeLimits.scala:239)                                                              &#10;      | &#9;at org.scalatest.concurrent.TimeLimits.failAfterImpl$(TimeLimits.scala:233)                                                             &#10;      | &#9;at org.scalatest.concurrent.TimeLimits$.failAfterImpl(TimeLimits.scala:305)                                                             &#10;      | &#9;at org.scalatest.concurrent.TimeLimitedTests.withFixture(TimeLimitedTests.scala:153)                                                    &#10;      | &#9;at org.scalatest.concurrent.TimeLimitedTests.withFixture$(TimeLimitedTests.scala:150)                                                   &#10;      | &#9;at infrastructure.TestBase.withFixture(TestBase.scala:9)                                                                                &#10;      | &#9;at org.scalatest.FunSuiteLike.invokeWithFixture$1(FunSuiteLike.scala:184)                                                               &#10;      | &#9;at org.scalatest.FunSuiteLike.$anonfun$runTest$1(FunSuiteLike.scala:196)                                                                &#10;      | &#9;at org.scalatest.SuperEngine.runTestImpl(Engine.scala:286)                                                                              &#10;      | &#9;at org.scalatest.FunSuiteLike.runTest(FunSuiteLike.scala:196)                                                                           &#10;      | &#9;at org.scalatest.FunSuiteLike.runTest$(FunSuiteLike.scala:178)                                                                          &#10;      | &#9;at org.scalatest.FunSuite.runTest(FunSuite.scala:1560)                                                                                  &#10;      | &#9;at org.scalatest.FunSuiteLike.$anonfun$runTests$1(FunSuiteLike.scala:229)                                                               &#10;      | &#9;at org.scalatest.SuperEngine.$anonfun$runTestsInBranch$1(Engine.scala:393)                                                              &#10;      | &#9;at scala.collection.immutable.List.foreach(List.scala:334)                                                                              &#10;      | &#9;at org.scalatest.SuperEngine.traverseSubNodes$1(Engine.scala:381)                                                                       &#10;      | &#9;at org.scalatest.SuperEngine.runTestsInBranch(Engine.scala:376)                                                                         &#10;      | &#9;at org.scalatest.SuperEngine.runTestsImpl(Engine.scala:458)                                                                             &#10;      | &#9;at org.scalatest.FunSuiteLike.runTests(FunSuiteLike.scala:229)                                                                          &#10;      | &#9;at org.scalatest.FunSuiteLike.runTests$(FunSuiteLike.scala:228)                                                                         &#10;      | &#9;at org.scalatest.FunSuite.runTests(FunSuite.scala:1560)                                                                                 &#10;      | &#9;at org.scalatest.Suite.run(Suite.scala:1124)                                                                                            &#10;      | &#9;at org.scalatest.Suite.run$(Suite.scala:1106)                                                                                           &#10;      | &#9;at org.scalatest.FunSuite.org$scalatest$FunSuiteLike$$super$run(FunSuite.scala:1560)                                                    &#10;      | &#9;at org.scalatest.FunSuiteLike.$anonfun$run$1(FunSuiteLike.scala:233)                                                                    &#10;      | &#9;at org.scalatest.SuperEngine.runImpl(Engine.scala:518)                                                                                  &#10;      | &#9;at org.scalatest.FunSuiteLike.run(FunSuiteLike.scala:233)                                                                               &#10;      | &#9;at org.scalatest.FunSuiteLike.run$(FunSuiteLike.scala:232)                                                                              &#10;      | &#9;at infrastructure.TestBase.run(TestBase.scala:26)                                                                                       &#10;      | &#9;at org.scalatest.Suite.callExecuteOnSuite$1(Suite.scala:1187)                                                                           &#10;      | &#9;at org.scalatest.Suite.$anonfun$runNestedSuites$1(Suite.scala:1234)                                                                     &#10;      | &#9;at scala.collection.ArrayOps$.foreach$extension(ArrayOps.scala:1323)                                                                    &#10;      | &#9;at org.scalatest.Suite.runNestedSuites(Suite.scala:1232)                                                                                &#10;      | &#9;at org.scalatest.Suite.runNestedSuites$(Suite.scala:1166)                                                                               &#10;      | &#9;at org.scalatest.Suites.runNestedSuites(Suites.scala:56)                                                                                &#10;      | &#9;at org.scalatest.Suite.run(Suite.scala:1121)                                                                                            &#10;      | &#9;at org.scalatest.Suite.run$(Suite.scala:1106)                                                                                           &#10;      | &#9;at tetris.TetrisTestSuitesBase.runDirect(TetrisTestSuitesBase.scala:20)                                                                 &#10;      | &#9;at tetris.TetrisTestSuitesBase.runWithScoreCounter(TetrisTestSuitesBase.scala:14)                                                       &#10;      | &#9;at tetris.TetrisTestSuite3_2.run(TetrisTestSuite3_2.scala:25)                                                                           &#10;      | &#9;at org.scalatestplus.junit.JUnitRunner.run(JUnitRunner.scala:99)                                                                        &#10;      | &#9;at org.gradle.api.internal.tasks.testing.junit.JUnitTestClassExecutor.runTestClass(JUnitTestClassExecutor.java:112)                     &#10;      | &#9;at org.gradle.api.internal.tasks.testing.junit.JUnitTestClassExecutor.execute(JUnitTestClassExecutor.java:58)                           &#10;      | &#9;at org.gradle.api.internal.tasks.testing.junit.JUnitTestClassExecutor.execute(JUnitTestClassExecutor.java:40)                           &#10;      | &#9;at org.gradle.api.internal.tasks.testing.junit.AbstractJUnitTestClassProcessor.processTestClass(AbstractJUnitTestClassProcessor.java:54)&#10;      | &#9;at org.gradle.api.internal.tasks.testing.SuiteTestClassProcessor.processTestClass(SuiteTestClassProcessor.java:53)                      &#10;      | &#9;at java.base/jdk.internal.reflect.NativeMethodAccessorImpl.invoke0(Native Method)                                                       &#10;      | &#9;at java.base/jdk.internal.reflect.NativeMethodAccessorImpl.invoke(NativeMethodAccessorImpl.java:62)                                     &#10;      | &#9;at java.base/jdk.internal.reflect.DelegatingMethodAccessorImpl.invoke(DelegatingMethodAccessorImpl.java:43)                             &#10;      | &#9;at java.base/java.lang.reflect.Method.invoke(Method.java:566)                                                                           &#10;      | &#9;at org.gradle.internal.dispatch.ReflectionDispatch.dispatch(ReflectionDispatch.java:36)                                                 &#10;      | &#9;at org.gradle.internal.dispatch.ReflectionDispatch.dispatch(ReflectionDispatch.java:24)                                                 &#10;      | &#9;at org.gradle.internal.dispatch.ContextClassLoaderDispatch.dispatch(ContextClassLoaderDispatch.java:33)                                 &#10;      | &#9;at org.gradle.internal.dispatch.ProxyDispatchAdapter$DispatchingInvocationHandler.invoke(ProxyDispatchAdapter.java:92)                  &#10;      | &#9;at com.sun.proxy.$Proxy4.processTestClass(Unknown Source)                                                                               &#10;      | &#9;at org.gradle.api.internal.tasks.testing.worker.TestWorker$2.run(TestWorker.java:183)                                                   &#10;      | &#9;at org.gradle.api.internal.tasks.testing.worker.TestWorker.executeAndMaintainThreadName(TestWorker.java:132)                            &#10;      | &#9;at org.gradle.api.internal.tasks.testing.worker.TestWorker.execute(TestWorker.java:103)                                                 &#10;      | &#9;at org.gradle.api.internal.tasks.testing.worker.TestWorker.execute(TestWorker.java:63)                                                  &#10;      | &#9;at org.gradle.process.internal.worker.child.ActionExecutionWorker.execute(ActionExecutionWorker.java:56)                                &#10;      | &#9;at org.gradle.process.internal.worker.child.SystemApplicationClassLoaderWorker.call(SystemApplicationClassLoaderWorker.java:121)        &#10;      | &#9;at org.gradle.process.internal.worker.child.SystemApplicationClassLoaderWorker.call(SystemApplicationClassLoaderWorker.java:71)         &#10;      | &#9;at worker.org.gradle.process.internal.worker.GradleWorkerMain.run(GradleWorkerMain.java:69)                                             &#10;      | &#9;at worker.org.gradle.process.internal.worker.GradleWorkerMain.main(GradleWorkerMain.java:74)                                            &#10;      | )                                                                                                                                        &#10;&#10;" type="org.scalatest.exceptions.TestFailedException">org.scalatest.exceptions.TestFailedException: didPass was false
Hint: A new tetromino is spawned when moveDown is called but the current tetromino cannot move
down.
--------------------------------------------------------------------------------
This is what went wrong:

step=0, rand=0, actions=&lt;&gt;
Want  | Got âœ—                                                                                                                                    
-------------------------------------------------------------------------------------------------------------------------------------------------
..... | LogicFailed(java.util.NoSuchElementException: key not found: (4,0)                                                                       
.IIII | 	at scala.collection.immutable.BitmapIndexedMapNode.apply(HashMap.scala:670)                                                             
..... | 	at scala.collection.immutable.BitmapIndexedMapNode.apply(HashMap.scala:672)                                                             
..... | 	at scala.collection.immutable.HashMap.apply(HashMap.scala:132)                                                                          
      | 	at tetris.logic.TetrisLogic.getCellType(TetrisLogic.scala:49)                                                                           
      | 	at tetris.TetrisLogicWrapper.getCell(TetrisTestSuiteBase.scala:48)                                                                      
      | 	at tetris.TetrisLogicWrapper.getCell(TetrisTestSuiteBase.scala:34)                                                                      
      | 	at generic.GameTestSuite.$anonfun$getDisplay$2(GameTestSuite.scala:138)                                                                 
      | 	at generic.GameTestSuite.$anonfun$getDisplay$2$adapted(GameTestSuite.scala:137)                                                         
      | 	at scala.collection.immutable.Range.map(Range.scala:59)                                                                                 
      | 	at generic.GameTestSuite.$anonfun$getDisplay$1(GameTestSuite.scala:137)                                                                 
      | 	at generic.GameTestSuite.$anonfun$getDisplay$1$adapted(GameTestSuite.scala:136)                                                         
      | 	at scala.collection.immutable.Range.map(Range.scala:59)                                                                                 
      | 	at generic.GameTestSuite.getGridDisplay$1(GameTestSuite.scala:136)                                                                      
      | 	at generic.GameTestSuite.getDisplay(GameTestSuite.scala:143)                                                                            
      | 	at generic.GameTestSuite$TestRecording.$anonfun$implementationDisplays$1(GameTestSuite.scala:190)                                       
      | 	at generic.GameTestSuite$TestRecording.catchLogicError$1(GameTestSuite.scala:182)                                                       
      | 	at generic.GameTestSuite$TestRecording.liftedTree1$1(GameTestSuite.scala:190)                                                           
      | 	at generic.GameTestSuite$TestRecording.implementationDisplays$lzycompute(GameTestSuite.scala:187)                                       
      | 	at generic.GameTestSuite$TestRecording.implementationDisplays(GameTestSuite.scala:178)                                                  
      | 	at generic.GameTestSuite$TestRecording.passes$lzycompute(GameTestSuite.scala:208)                                                       
      | 	at generic.GameTestSuite$TestRecording.passes(GameTestSuite.scala:207)                                                                  
      | 	at generic.GameTestSuite.checkGame(GameTestSuite.scala:290)                                                                             
      | 	at tetris.TetrisTestSuiteBase.checkGame(TetrisTestSuiteBase.scala:103)                                                                  
      | 	at tetris.SpawnTests.$anonfun$new$1(SpawnTests.scala:36)                                                                                
      | 	at scala.runtime.java8.JFunction0$mcV$sp.apply(JFunction0$mcV$sp.scala:18)                                                              
      | 	at infrastructure.TestBase.$anonfun$test$1(TestBase.scala:36)                                                                           
      | 	at org.scalatest.OutcomeOf.outcomeOf(OutcomeOf.scala:85)                                                                                
      | 	at org.scalatest.OutcomeOf.outcomeOf$(OutcomeOf.scala:83)                                                                               
      | 	at org.scalatest.OutcomeOf$.outcomeOf(OutcomeOf.scala:104)                                                                              
      | 	at org.scalatest.Transformer.apply(Transformer.scala:22)                                                                                
      | 	at org.scalatest.Transformer.apply(Transformer.scala:20)                                                                                
      | 	at org.scalatest.FunSuiteLike$$anon$1.apply(FunSuiteLike.scala:186)                                                                     
      | 	at org.scalatest.TestSuite.withFixture(TestSuite.scala:196)                                                                             
      | 	at org.scalatest.TestSuite.withFixture$(TestSuite.scala:195)                                                                            
      | 	at infrastructure.TestBase.org$scalatest$concurrent$TimeLimitedTests$$super$withFixture(TestBase.scala:9)                               
      | 	at org.scalatest.concurrent.TimeLimitedTests.$anonfun$withFixture$3(TimeLimitedTests.scala:154)                                         
      | 	at org.scalatest.enablers.Timed$$anon$1.timeoutAfter(Timed.scala:127)                                                                   
      | 	at org.scalatest.concurrent.TimeLimits.failAfterImpl(TimeLimits.scala:239)                                                              
      | 	at org.scalatest.concurrent.TimeLimits.failAfterImpl$(TimeLimits.scala:233)                                                             
      | 	at org.scalatest.concurrent.TimeLimits$.failAfterImpl(TimeLimits.scala:305)                                                             
      | 	at org.scalatest.concurrent.TimeLimitedTests.withFixture(TimeLimitedTests.scala:153)                                                    
      | 	at org.scalatest.concurrent.TimeLimitedTests.withFixture$(TimeLimitedTests.scala:150)                                                   
      | 	at infrastructure.TestBase.withFixture(TestBase.scala:9)                                                                                
      | 	at org.scalatest.FunSuiteLike.invokeWithFixture$1(FunSuiteLike.scala:184)                                                               
      | 	at org.scalatest.FunSuiteLike.$anonfun$runTest$1(FunSuiteLike.scala:196)                                                                
      | 	at org.scalatest.SuperEngine.runTestImpl(Engine.scala:286)                                                                              
      | 	at org.scalatest.FunSuiteLike.runTest(FunSuiteLike.scala:196)                                                                           
      | 	at org.scalatest.FunSuiteLike.runTest$(FunSuiteLike.scala:178)                                                                          
      | 	at org.scalatest.FunSuite.runTest(FunSuite.scala:1560)                                                                                  
      | 	at org.scalatest.FunSuiteLike.$anonfun$runTests$1(FunSuiteLike.scala:229)                                                               
      | 	at org.scalatest.SuperEngine.$anonfun$runTestsInBranch$1(Engine.scala:393)                                                              
      | 	at scala.collection.immutable.List.foreach(List.scala:334)                                                                              
      | 	at org.scalatest.SuperEngine.traverseSubNodes$1(Engine.scala:381)                                                                       
      | 	at org.scalatest.SuperEngine.runTestsInBranch(Engine.scala:376)                                                                         
      | 	at org.scalatest.SuperEngine.runTestsImpl(Engine.scala:458)                                                                             
      | 	at org.scalatest.FunSuiteLike.runTests(FunSuiteLike.scala:229)                                                                          
      | 	at org.scalatest.FunSuiteLike.runTests$(FunSuiteLike.scala:228)                                                                         
      | 	at org.scalatest.FunSuite.runTests(FunSuite.scala:1560)                                                                                 
      | 	at org.scalatest.Suite.run(Suite.scala:1124)                                                                                            
      | 	at org.scalatest.Suite.run$(Suite.scala:1106)                                                                                           
      | 	at org.scalatest.FunSuite.org$scalatest$FunSuiteLike$$super$run(FunSuite.scala:1560)                                                    
      | 	at org.scalatest.FunSuiteLike.$anonfun$run$1(FunSuiteLike.scala:233)                                                                    
      | 	at org.scalatest.SuperEngine.runImpl(Engine.scala:518)                                                                                  
      | 	at org.scalatest.FunSuiteLike.run(FunSuiteLike.scala:233)                                                                               
      | 	at org.scalatest.FunSuiteLike.run$(FunSuiteLike.scala:232)                                                                              
      | 	at infrastructure.TestBase.run(TestBase.scala:26)                                                                                       
      | 	at org.scalatest.Suite.callExecuteOnSuite$1(Suite.scala:1187)                                                                           
      | 	at org.scalatest.Suite.$anonfun$runNestedSuites$1(Suite.scala:1234)                                                                     
      | 	at scala.collection.ArrayOps$.foreach$extension(ArrayOps.scala:1323)                                                                    
      | 	at org.scalatest.Suite.runNestedSuites(Suite.scala:1232)                                                                                
      | 	at org.scalatest.Suite.runNestedSuites$(Suite.scala:1166)                                                                               
      | 	at org.scalatest.Suites.runNestedSuites(Suites.scala:56)                                                                                
      | 	at org.scalatest.Suite.run(Suite.scala:1121)                                                                                            
      | 	at org.scalatest.Suite.run$(Suite.scala:1106)                                                                                           
      | 	at tetris.TetrisTestSuitesBase.runDirect(TetrisTestSuitesBase.scala:20)                                                                 
      | 	at tetris.TetrisTestSuitesBase.runWithScoreCounter(TetrisTestSuitesBase.scala:14)                                                       
      | 	at tetris.TetrisTestSuite3_2.run(TetrisTestSuite3_2.scala:25)                                                                           
      | 	at org.scalatestplus.junit.JUnitRunner.run(JUnitRunner.scala:99)                                                                        
      | 	at org.gradle.api.internal.tasks.testing.junit.JUnitTestClassExecutor.runTestClass(JUnitTestClassExecutor.java:112)                     
      | 	at org.gradle.api.internal.tasks.testing.junit.JUnitTestClassExecutor.execute(JUnitTestClassExecutor.java:58)                           
      | 	at org.gradle.api.internal.tasks.testing.junit.JUnitTestClassExecutor.execute(JUnitTestClassExecutor.java:40)                           
      | 	at org.gradle.api.internal.tasks.testing.junit.AbstractJUnitTestClassProcessor.processTestClass(AbstractJUnitTestClassProcessor.java:54)
      | 	at org.gradle.api.internal.tasks.testing.SuiteTestClassProcessor.processTestClass(SuiteTestClassProcessor.java:53)                      
      | 	at java.base/jdk.internal.reflect.NativeMethodAccessorImpl.invoke0(Native Method)                                                       
      | 	at java.base/jdk.internal.reflect.NativeMethodAccessorImpl.invoke(NativeMethodAccessorImpl.java:62)                                     
      | 	at java.base/jdk.internal.reflect.DelegatingMethodAccessorImpl.invoke(DelegatingMethodAccessorImpl.java:43)                             
      | 	at java.base/java.lang.reflect.Method.invoke(Method.java:566)                                                                           
      | 	at org.gradle.internal.dispatch.ReflectionDispatch.dispatch(ReflectionDispatch.java:36)                                                 
      | 	at org.gradle.internal.dispatch.ReflectionDispatch.dispatch(ReflectionDispatch.java:24)                                                 
      | 	at org.gradle.internal.dispatch.ContextClassLoaderDispatch.dispatch(ContextClassLoaderDispatch.java:33)                                 
      | 	at org.gradle.internal.dispatch.ProxyDispatchAdapter$DispatchingInvocationHandler.invoke(ProxyDispatchAdapter.java:92)                  
      | 	at com.sun.proxy.$Proxy4.processTestClass(Unknown Source)                                                                               
      | 	at org.gradle.api.internal.tasks.testing.worker.TestWorker$2.run(TestWorker.java:183)                                                   
      | 	at org.gradle.api.internal.tasks.testing.worker.TestWorker.executeAndMaintainThreadName(TestWorker.java:132)                            
      | 	at org.gradle.api.internal.tasks.testing.worker.TestWorker.execute(TestWorker.java:103)                                                 
      | 	at org.gradle.api.internal.tasks.testing.worker.TestWorker.execute(TestWorker.java:63)                                                  
      | 	at org.gradle.process.internal.worker.child.ActionExecutionWorker.execute(ActionExecutionWorker.java:56)                                
      | 	at org.gradle.process.internal.worker.child.SystemApplicationClassLoaderWorker.call(SystemApplicationClassLoaderWorker.java:121)        
      | 	at org.gradle.process.internal.worker.child.SystemApplicationClassLoaderWorker.call(SystemApplicationClassLoaderWorker.java:71)         
      | 	at worker.org.gradle.process.internal.worker.GradleWorkerMain.run(GradleWorkerMain.java:69)                                             
      | 	at worker.org.gradle.process.internal.worker.GradleWorkerMain.main(GradleWorkerMain.java:74)                                            
      | )                                                                                                                                        


	at app//org.scalatest.Assertions.newAssertionFailedException(Assertions.scala:530)
	at app//org.scalatest.Assertions.newAssertionFailedException$(Assertions.scala:529)
	at app//org.scalatest.FunSuite.newAssertionFailedException(FunSuite.scala:1560)
	at app//org.scalatest.Assertions$AssertionsHelper.macroAssert(Assertions.scala:503)
	at app//generic.GameTestSuite.checkGame(GameTestSuite.scala:298)
	at app//tetris.TetrisTestSuiteBase.checkGame(TetrisTestSuiteBase.scala:103)
	at app//tetris.SpawnTests.$anonfun$new$1(SpawnTests.scala:36)
	at app//scala.runtime.java8.JFunction0$mcV$sp.apply(JFunction0$mcV$sp.scala:18)
	at app//infrastructure.TestBase.$anonfun$test$1(TestBase.scala:36)
	at app//org.scalatest.OutcomeOf.outcomeOf(OutcomeOf.scala:85)
	at app//org.scalatest.OutcomeOf.outcomeOf$(OutcomeOf.scala:83)
	at app//org.scalatest.OutcomeOf$.outcomeOf(OutcomeOf.scala:104)
	at app//org.scalatest.Transformer.apply(Transformer.scala:22)
	at app//org.scalatest.Transformer.apply(Transformer.scala:20)
	at app//org.scalatest.FunSuiteLike$$anon$1.apply(FunSuiteLike.scala:186)
	at app//org.scalatest.TestSuite.withFixture(TestSuite.scala:196)
	at app//org.scalatest.TestSuite.withFixture$(TestSuite.scala:195)
	at app//infrastructure.TestBase.org$scalatest$concurrent$TimeLimitedTests$$super$withFixture(TestBase.scala:9)
	at app//org.scalatest.concurrent.TimeLimitedTests.$anonfun$withFixture$3(TimeLimitedTests.scala:154)
	at app//org.scalatest.enablers.Timed$$anon$1.timeoutAfter(Timed.scala:127)
	at app//org.scalatest.concurrent.TimeLimits.failAfterImpl(TimeLimits.scala:239)
	at app//org.scalatest.concurrent.TimeLimits.failAfterImpl$(TimeLimits.scala:233)
	at app//org.scalatest.concurrent.TimeLimits$.failAfterImpl(TimeLimits.scala:305)
	at app//org.scalatest.concurrent.TimeLimitedTests.withFixture(TimeLimitedTests.scala:153)
	at app//org.scalatest.concurrent.TimeLimitedTests.withFixture$(TimeLimitedTests.scala:150)
	at app//infrastructure.TestBase.withFixture(TestBase.scala:9)
	at app//org.scalatest.FunSuiteLike.invokeWithFixture$1(FunSuiteLike.scala:184)
	at app//org.scalatest.FunSuiteLike.$anonfun$runTest$1(FunSuiteLike.scala:196)
	at app//org.scalatest.SuperEngine.runTestImpl(Engine.scala:286)
	at app//org.scalatest.FunSuiteLike.runTest(FunSuiteLike.scala:196)
	at app//org.scalatest.FunSuiteLike.runTest$(FunSuiteLike.scala:178)
	at app//org.scalatest.FunSuite.runTest(FunSuite.scala:1560)
	at app//org.scalatest.FunSuiteLike.$anonfun$runTests$1(FunSuiteLike.scala:229)
	at app//org.scalatest.SuperEngine.$anonfun$runTestsInBranch$1(Engine.scala:393)
	at app//scala.collection.immutable.List.foreach(List.scala:334)
	at app//org.scalatest.SuperEngine.traverseSubNodes$1(Engine.scala:381)
	at app//org.scalatest.SuperEngine.runTestsInBranch(Engine.scala:376)
	at app//org.scalatest.SuperEngine.runTestsImpl(Engine.scala:458)
	at app//org.scalatest.FunSuiteLike.runTests(FunSuiteLike.scala:229)
	at app//org.scalatest.FunSuiteLike.runTests$(FunSuiteLike.scala:228)
	at app//org.scalatest.FunSuite.runTests(FunSuite.scala:1560)
	at app//org.scalatest.Suite.run(Suite.scala:1124)
	at app//org.scalatest.Suite.run$(Suite.scala:1106)
	at app//org.scalatest.FunSuite.org$scalatest$FunSuiteLike$$super$run(FunSuite.scala:1560)
	at app//org.scalatest.FunSuiteLike.$anonfun$run$1(FunSuiteLike.scala:233)
	at app//org.scalatest.SuperEngine.runImpl(Engine.scala:518)
	at app//org.scalatest.FunSuiteLike.run(FunSuiteLike.scala:233)
	at app//org.scalatest.FunSuiteLike.run$(FunSuiteLike.scala:232)
	at app//infrastructure.TestBase.run(TestBase.scala:26)
	at app//org.scalatest.Suite.callExecuteOnSuite$1(Suite.scala:1187)
	at app//org.scalatest.Suite.$anonfun$runNestedSuites$1(Suite.scala:1234)
	at app//scala.collection.ArrayOps$.foreach$extension(ArrayOps.scala:1323)
	at app//org.scalatest.Suite.runNestedSuites(Suite.scala:1232)
	at app//org.scalatest.Suite.runNestedSuites$(Suite.scala:1166)
	at app//org.scalatest.Suites.runNestedSuites(Suites.scala:56)
	at app//org.scalatest.Suite.run(Suite.scala:1121)
	at app//org.scalatest.Suite.run$(Suite.scala:1106)
	at app//tetris.TetrisTestSuitesBase.runDirect(TetrisTestSuitesBase.scala:20)
	at app//tetris.TetrisTestSuitesBase.runWithScoreCounter(TetrisTestSuitesBase.scala:14)
	at app//tetris.TetrisTestSuite3_2.run(TetrisTestSuite3_2.scala:25)
	at app//org.scalatestplus.junit.JUnitRunner.run(JUnitRunner.scala:99)
	at org.gradle.api.internal.tasks.testing.junit.JUnitTestClassExecutor.runTestClass(JUnitTestClassExecutor.java:112)
	at org.gradle.api.internal.tasks.testing.junit.JUnitTestClassExecutor.execute(JUnitTestClassExecutor.java:58)
	at org.gradle.api.internal.tasks.testing.junit.JUnitTestClassExecutor.execute(JUnitTestClassExecutor.java:40)
	at org.gradle.api.internal.tasks.testing.junit.AbstractJUnitTestClassProcessor.processTestClass(AbstractJUnitTestClassProcessor.java:54)
	at org.gradle.api.internal.tasks.testing.SuiteTestClassProcessor.processTestClass(SuiteTestClassProcessor.java:53)
	at java.base@11.0.24/jdk.internal.reflect.NativeMethodAccessorImpl.invoke0(Native Method)
	at java.base@11.0.24/jdk.internal.reflect.NativeMethodAccessorImpl.invoke(NativeMethodAccessorImpl.java:62)
	at java.base@11.0.24/jdk.internal.reflect.DelegatingMethodAccessorImpl.invoke(DelegatingMethodAccessorImpl.java:43)
	at java.base@11.0.24/java.lang.reflect.Method.invoke(Method.java:566)
	at org.gradle.internal.dispatch.ReflectionDispatch.dispatch(ReflectionDispatch.java:36)
	at org.gradle.internal.dispatch.ReflectionDispatch.dispatch(ReflectionDispatch.java:24)
	at org.gradle.internal.dispatch.ContextClassLoaderDispatch.dispatch(ContextClassLoaderDispatch.java:33)
	at org.gradle.internal.dispatch.ProxyDispatchAdapter$DispatchingInvocationHandler.invoke(ProxyDispatchAdapter.java:92)
	at com.sun.proxy.$Proxy4.processTestClass(Unknown Source)
	at org.gradle.api.internal.tasks.testing.worker.TestWorker$2.run(TestWorker.java:183)
	at org.gradle.api.internal.tasks.testing.worker.TestWorker.executeAndMaintainThreadName(TestWorker.java:132)
	at org.gradle.api.internal.tasks.testing.worker.TestWorker.execute(TestWorker.java:103)
	at org.gradle.api.internal.tasks.testing.worker.TestWorker.execute(TestWorker.java:63)
	at org.gradle.process.internal.worker.child.ActionExecutionWorker.execute(ActionExecutionWorker.java:56)
	at org.gradle.process.internal.worker.child.SystemApplicationClassLoaderWorker.call(SystemApplicationClassLoaderWorker.java:121)
	at org.gradle.process.internal.worker.child.SystemApplicationClassLoaderWorker.call(SystemApplicationClassLoaderWorker.java:71)
	at app//worker.org.gradle.process.internal.worker.GradleWorkerMain.run(GradleWorkerMain.java:69)
	at app//worker.org.gradle.process.internal.worker.GradleWorkerMain.main(GradleWorkerMain.java:74)
</failure>
  </testcase>
  <testcase name="testSpawn2" classname="tetris.SpawnTests" time="0.006">
    <failure message="org.scalatest.exceptions.TestFailedException: didPass was false&#10;Hint: A new tetromino is spawned when moveDown is called but the current tetromino cannot move&#10;down.&#10;--------------------------------------------------------------------------------&#10;This is what went wrong:&#10;&#10;step=0, rand=1, actions=&lt;&gt;&#10;Want | Got âœ—                                                                                                                                    &#10;------------------------------------------------------------------------------------------------------------------------------------------------&#10;J... | LogicFailed(java.util.NoSuchElementException: key not found: (0,4)                                                                       &#10;JJJ. | &#9;at scala.collection.immutable.BitmapIndexedMapNode.apply(HashMap.scala:674)                                                             &#10;.... | &#9;at scala.collection.immutable.HashMap.apply(HashMap.scala:132)                                                                          &#10;.... | &#9;at tetris.logic.TetrisLogic.getCellType(TetrisLogic.scala:49)                                                                           &#10;.... | &#9;at tetris.TetrisLogicWrapper.getCell(TetrisTestSuiteBase.scala:48)                                                                      &#10;.... | &#9;at tetris.TetrisLogicWrapper.getCell(TetrisTestSuiteBase.scala:34)                                                                      &#10;     | &#9;at generic.GameTestSuite.$anonfun$getDisplay$2(GameTestSuite.scala:138)                                                                 &#10;     | &#9;at generic.GameTestSuite.$anonfun$getDisplay$2$adapted(GameTestSuite.scala:137)                                                         &#10;     | &#9;at scala.collection.immutable.Range.map(Range.scala:59)                                                                                 &#10;     | &#9;at generic.GameTestSuite.$anonfun$getDisplay$1(GameTestSuite.scala:137)                                                                 &#10;     | &#9;at generic.GameTestSuite.$anonfun$getDisplay$1$adapted(GameTestSuite.scala:136)                                                         &#10;     | &#9;at scala.collection.immutable.Range.map(Range.scala:59)                                                                                 &#10;     | &#9;at generic.GameTestSuite.getGridDisplay$1(GameTestSuite.scala:136)                                                                      &#10;     | &#9;at generic.GameTestSuite.getDisplay(GameTestSuite.scala:143)                                                                            &#10;     | &#9;at generic.GameTestSuite$TestRecording.$anonfun$implementationDisplays$1(GameTestSuite.scala:190)                                       &#10;     | &#9;at generic.GameTestSuite$TestRecording.catchLogicError$1(GameTestSuite.scala:182)                                                       &#10;     | &#9;at generic.GameTestSuite$TestRecording.liftedTree1$1(GameTestSuite.scala:190)                                                           &#10;     | &#9;at generic.GameTestSuite$TestRecording.implementationDisplays$lzycompute(GameTestSuite.scala:187)                                       &#10;     | &#9;at generic.GameTestSuite$TestRecording.implementationDisplays(GameTestSuite.scala:178)                                                  &#10;     | &#9;at generic.GameTestSuite$TestRecording.passes$lzycompute(GameTestSuite.scala:208)                                                       &#10;     | &#9;at generic.GameTestSuite$TestRecording.passes(GameTestSuite.scala:207)                                                                  &#10;     | &#9;at generic.GameTestSuite.checkGame(GameTestSuite.scala:290)                                                                             &#10;     | &#9;at tetris.TetrisTestSuiteBase.checkGame(TetrisTestSuiteBase.scala:103)                                                                  &#10;     | &#9;at tetris.SpawnTests.$anonfun$new$2(SpawnTests.scala:104)                                                                               &#10;     | &#9;at scala.runtime.java8.JFunction0$mcV$sp.apply(JFunction0$mcV$sp.scala:18)                                                              &#10;     | &#9;at infrastructure.TestBase.$anonfun$test$1(TestBase.scala:36)                                                                           &#10;     | &#9;at org.scalatest.OutcomeOf.outcomeOf(OutcomeOf.scala:85)                                                                                &#10;     | &#9;at org.scalatest.OutcomeOf.outcomeOf$(OutcomeOf.scala:83)                                                                               &#10;     | &#9;at org.scalatest.OutcomeOf$.outcomeOf(OutcomeOf.scala:104)                                                                              &#10;     | &#9;at org.scalatest.Transformer.apply(Transformer.scala:22)                                                                                &#10;     | &#9;at org.scalatest.Transformer.apply(Transformer.scala:20)                                                                                &#10;     | &#9;at org.scalatest.FunSuiteLike$$anon$1.apply(FunSuiteLike.scala:186)                                                                     &#10;     | &#9;at org.scalatest.TestSuite.withFixture(TestSuite.scala:196)                                                                             &#10;     | &#9;at org.scalatest.TestSuite.withFixture$(TestSuite.scala:195)                                                                            &#10;     | &#9;at infrastructure.TestBase.org$scalatest$concurrent$TimeLimitedTests$$super$withFixture(TestBase.scala:9)                               &#10;     | &#9;at org.scalatest.concurrent.TimeLimitedTests.$anonfun$withFixture$3(TimeLimitedTests.scala:154)                                         &#10;     | &#9;at org.scalatest.enablers.Timed$$anon$1.timeoutAfter(Timed.scala:127)                                                                   &#10;     | &#9;at org.scalatest.concurrent.TimeLimits.failAfterImpl(TimeLimits.scala:239)                                                              &#10;     | &#9;at org.scalatest.concurrent.TimeLimits.failAfterImpl$(TimeLimits.scala:233)                                                             &#10;     | &#9;at org.scalatest.concurrent.TimeLimits$.failAfterImpl(TimeLimits.scala:305)                                                             &#10;     | &#9;at org.scalatest.concurrent.TimeLimitedTests.withFixture(TimeLimitedTests.scala:153)                                                    &#10;     | &#9;at org.scalatest.concurrent.TimeLimitedTests.withFixture$(TimeLimitedTests.scala:150)                                                   &#10;     | &#9;at infrastructure.TestBase.withFixture(TestBase.scala:9)                                                                                &#10;     | &#9;at org.scalatest.FunSuiteLike.invokeWithFixture$1(FunSuiteLike.scala:184)                                                               &#10;     | &#9;at org.scalatest.FunSuiteLike.$anonfun$runTest$1(FunSuiteLike.scala:196)                                                                &#10;     | &#9;at org.scalatest.SuperEngine.runTestImpl(Engine.scala:286)                                                                              &#10;     | &#9;at org.scalatest.FunSuiteLike.runTest(FunSuiteLike.scala:196)                                                                           &#10;     | &#9;at org.scalatest.FunSuiteLike.runTest$(FunSuiteLike.scala:178)                                                                          &#10;     | &#9;at org.scalatest.FunSuite.runTest(FunSuite.scala:1560)                                                                                  &#10;     | &#9;at org.scalatest.FunSuiteLike.$anonfun$runTests$1(FunSuiteLike.scala:229)                                                               &#10;     | &#9;at org.scalatest.SuperEngine.$anonfun$runTestsInBranch$1(Engine.scala:393)                                                              &#10;     | &#9;at scala.collection.immutable.List.foreach(List.scala:334)                                                                              &#10;     | &#9;at org.scalatest.SuperEngine.traverseSubNodes$1(Engine.scala:381)                                                                       &#10;     | &#9;at org.scalatest.SuperEngine.runTestsInBranch(Engine.scala:376)                                                                         &#10;     | &#9;at org.scalatest.SuperEngine.runTestsImpl(Engine.scala:458)                                                                             &#10;     | &#9;at org.scalatest.FunSuiteLike.runTests(FunSuiteLike.scala:229)                                                                          &#10;     | &#9;at org.scalatest.FunSuiteLike.runTests$(FunSuiteLike.scala:228)                                                                         &#10;     | &#9;at org.scalatest.FunSuite.runTests(FunSuite.scala:1560)                                                                                 &#10;     | &#9;at org.scalatest.Suite.run(Suite.scala:1124)                                                                                            &#10;     | &#9;at org.scalatest.Suite.run$(Suite.scala:1106)                                                                                           &#10;     | &#9;at org.scalatest.FunSuite.org$scalatest$FunSuiteLike$$super$run(FunSuite.scala:1560)                                                    &#10;     | &#9;at org.scalatest.FunSuiteLike.$anonfun$run$1(FunSuiteLike.scala:233)                                                                    &#10;     | &#9;at org.scalatest.SuperEngine.runImpl(Engine.scala:518)                                                                                  &#10;     | &#9;at org.scalatest.FunSuiteLike.run(FunSuiteLike.scala:233)                                                                               &#10;     | &#9;at org.scalatest.FunSuiteLike.run$(FunSuiteLike.scala:232)                                                                              &#10;     | &#9;at infrastructure.TestBase.run(TestBase.scala:26)                                                                                       &#10;     | &#9;at org.scalatest.Suite.callExecuteOnSuite$1(Suite.scala:1187)                                                                           &#10;     | &#9;at org.scalatest.Suite.$anonfun$runNestedSuites$1(Suite.scala:1234)                                                                     &#10;     | &#9;at scala.collection.ArrayOps$.foreach$extension(ArrayOps.scala:1323)                                                                    &#10;     | &#9;at org.scalatest.Suite.runNestedSuites(Suite.scala:1232)                                                                                &#10;     | &#9;at org.scalatest.Suite.runNestedSuites$(Suite.scala:1166)                                                                               &#10;     | &#9;at org.scalatest.Suites.runNestedSuites(Suites.scala:56)                                                                                &#10;     | &#9;at org.scalatest.Suite.run(Suite.scala:1121)                                                                                            &#10;     | &#9;at org.scalatest.Suite.run$(Suite.scala:1106)                                                                                           &#10;     | &#9;at tetris.TetrisTestSuitesBase.runDirect(TetrisTestSuitesBase.scala:20)                                                                 &#10;     | &#9;at tetris.TetrisTestSuitesBase.runWithScoreCounter(TetrisTestSuitesBase.scala:14)                                                       &#10;     | &#9;at tetris.TetrisTestSuite3_2.run(TetrisTestSuite3_2.scala:25)                                                                           &#10;     | &#9;at org.scalatestplus.junit.JUnitRunner.run(JUnitRunner.scala:99)                                                                        &#10;     | &#9;at org.gradle.api.internal.tasks.testing.junit.JUnitTestClassExecutor.runTestClass(JUnitTestClassExecutor.java:112)                     &#10;     | &#9;at org.gradle.api.internal.tasks.testing.junit.JUnitTestClassExecutor.execute(JUnitTestClassExecutor.java:58)                           &#10;     | &#9;at org.gradle.api.internal.tasks.testing.junit.JUnitTestClassExecutor.execute(JUnitTestClassExecutor.java:40)                           &#10;     | &#9;at org.gradle.api.internal.tasks.testing.junit.AbstractJUnitTestClassProcessor.processTestClass(AbstractJUnitTestClassProcessor.java:54)&#10;     | &#9;at org.gradle.api.internal.tasks.testing.SuiteTestClassProcessor.processTestClass(SuiteTestClassProcessor.java:53)                      &#10;     | &#9;at java.base/jdk.internal.reflect.NativeMethodAccessorImpl.invoke0(Native Method)                                                       &#10;     | &#9;at java.base/jdk.internal.reflect.NativeMethodAccessorImpl.invoke(NativeMethodAccessorImpl.java:62)                                     &#10;     | &#9;at java.base/jdk.internal.reflect.DelegatingMethodAccessorImpl.invoke(DelegatingMethodAccessorImpl.java:43)                             &#10;     | &#9;at java.base/java.lang.reflect.Method.invoke(Method.java:566)                                                                           &#10;     | &#9;at org.gradle.internal.dispatch.ReflectionDispatch.dispatch(ReflectionDispatch.java:36)                                                 &#10;     | &#9;at org.gradle.internal.dispatch.ReflectionDispatch.dispatch(ReflectionDispatch.java:24)                                                 &#10;     | &#9;at org.gradle.internal.dispatch.ContextClassLoaderDispatch.dispatch(ContextClassLoaderDispatch.java:33)                                 &#10;     | &#9;at org.gradle.internal.dispatch.ProxyDispatchAdapter$DispatchingInvocationHandler.invoke(ProxyDispatchAdapter.java:92)                  &#10;     | &#9;at com.sun.proxy.$Proxy4.processTestClass(Unknown Source)                                                                               &#10;     | &#9;at org.gradle.api.internal.tasks.testing.worker.TestWorker$2.run(TestWorker.java:183)                                                   &#10;     | &#9;at org.gradle.api.internal.tasks.testing.worker.TestWorker.executeAndMaintainThreadName(TestWorker.java:132)                            &#10;     | &#9;at org.gradle.api.internal.tasks.testing.worker.TestWorker.execute(TestWorker.java:103)                                                 &#10;     | &#9;at org.gradle.api.internal.tasks.testing.worker.TestWorker.execute(TestWorker.java:63)                                                  &#10;     | &#9;at org.gradle.process.internal.worker.child.ActionExecutionWorker.execute(ActionExecutionWorker.java:56)                                &#10;     | &#9;at org.gradle.process.internal.worker.child.SystemApplicationClassLoaderWorker.call(SystemApplicationClassLoaderWorker.java:121)        &#10;     | &#9;at org.gradle.process.internal.worker.child.SystemApplicationClassLoaderWorker.call(SystemApplicationClassLoaderWorker.java:71)         &#10;     | &#9;at worker.org.gradle.process.internal.worker.GradleWorkerMain.run(GradleWorkerMain.java:69)                                             &#10;     | &#9;at worker.org.gradle.process.internal.worker.GradleWorkerMain.main(GradleWorkerMain.java:74)                                            &#10;     | )                                                                                                                                        &#10;&#10;" type="org.scalatest.exceptions.TestFailedException">org.scalatest.exceptions.TestFailedException: didPass was false
Hint: A new tetromino is spawned when moveDown is called but the current tetromino cannot move
down.
--------------------------------------------------------------------------------
This is what went wrong:

step=0, rand=1, actions=&lt;&gt;
Want | Got âœ—                                                                                                                                    
------------------------------------------------------------------------------------------------------------------------------------------------
J... | LogicFailed(java.util.NoSuchElementException: key not found: (0,4)                                                                       
JJJ. | 	at scala.collection.immutable.BitmapIndexedMapNode.apply(HashMap.scala:674)                                                             
.... | 	at scala.collection.immutable.HashMap.apply(HashMap.scala:132)                                                                          
.... | 	at tetris.logic.TetrisLogic.getCellType(TetrisLogic.scala:49)                                                                           
.... | 	at tetris.TetrisLogicWrapper.getCell(TetrisTestSuiteBase.scala:48)                                                                      
.... | 	at tetris.TetrisLogicWrapper.getCell(TetrisTestSuiteBase.scala:34)                                                                      
     | 	at generic.GameTestSuite.$anonfun$getDisplay$2(GameTestSuite.scala:138)                                                                 
     | 	at generic.GameTestSuite.$anonfun$getDisplay$2$adapted(GameTestSuite.scala:137)                                                         
     | 	at scala.collection.immutable.Range.map(Range.scala:59)                                                                                 
     | 	at generic.GameTestSuite.$anonfun$getDisplay$1(GameTestSuite.scala:137)                                                                 
     | 	at generic.GameTestSuite.$anonfun$getDisplay$1$adapted(GameTestSuite.scala:136)                                                         
     | 	at scala.collection.immutable.Range.map(Range.scala:59)                                                                                 
     | 	at generic.GameTestSuite.getGridDisplay$1(GameTestSuite.scala:136)                                                                      
     | 	at generic.GameTestSuite.getDisplay(GameTestSuite.scala:143)                                                                            
     | 	at generic.GameTestSuite$TestRecording.$anonfun$implementationDisplays$1(GameTestSuite.scala:190)                                       
     | 	at generic.GameTestSuite$TestRecording.catchLogicError$1(GameTestSuite.scala:182)                                                       
     | 	at generic.GameTestSuite$TestRecording.liftedTree1$1(GameTestSuite.scala:190)                                                           
     | 	at generic.GameTestSuite$TestRecording.implementationDisplays$lzycompute(GameTestSuite.scala:187)                                       
     | 	at generic.GameTestSuite$TestRecording.implementationDisplays(GameTestSuite.scala:178)                                                  
     | 	at generic.GameTestSuite$TestRecording.passes$lzycompute(GameTestSuite.scala:208)                                                       
     | 	at generic.GameTestSuite$TestRecording.passes(GameTestSuite.scala:207)                                                                  
     | 	at generic.GameTestSuite.checkGame(GameTestSuite.scala:290)                                                                             
     | 	at tetris.TetrisTestSuiteBase.checkGame(TetrisTestSuiteBase.scala:103)                                                                  
     | 	at tetris.SpawnTests.$anonfun$new$2(SpawnTests.scala:104)                                                                               
     | 	at scala.runtime.java8.JFunction0$mcV$sp.apply(JFunction0$mcV$sp.scala:18)                                                              
     | 	at infrastructure.TestBase.$anonfun$test$1(TestBase.scala:36)                                                                           
     | 	at org.scalatest.OutcomeOf.outcomeOf(OutcomeOf.scala:85)                                                                                
     | 	at org.scalatest.OutcomeOf.outcomeOf$(OutcomeOf.scala:83)                                                                               
     | 	at org.scalatest.OutcomeOf$.outcomeOf(OutcomeOf.scala:104)                                                                              
     | 	at org.scalatest.Transformer.apply(Transformer.scala:22)                                                                                
     | 	at org.scalatest.Transformer.apply(Transformer.scala:20)                                                                                
     | 	at org.scalatest.FunSuiteLike$$anon$1.apply(FunSuiteLike.scala:186)                                                                     
     | 	at org.scalatest.TestSuite.withFixture(TestSuite.scala:196)                                                                             
     | 	at org.scalatest.TestSuite.withFixture$(TestSuite.scala:195)                                                                            
     | 	at infrastructure.TestBase.org$scalatest$concurrent$TimeLimitedTests$$super$withFixture(TestBase.scala:9)                               
     | 	at org.scalatest.concurrent.TimeLimitedTests.$anonfun$withFixture$3(TimeLimitedTests.scala:154)                                         
     | 	at org.scalatest.enablers.Timed$$anon$1.timeoutAfter(Timed.scala:127)                                                                   
     | 	at org.scalatest.concurrent.TimeLimits.failAfterImpl(TimeLimits.scala:239)                                                              
     | 	at org.scalatest.concurrent.TimeLimits.failAfterImpl$(TimeLimits.scala:233)                                                             
     | 	at org.scalatest.concurrent.TimeLimits$.failAfterImpl(TimeLimits.scala:305)                                                             
     | 	at org.scalatest.concurrent.TimeLimitedTests.withFixture(TimeLimitedTests.scala:153)                                                    
     | 	at org.scalatest.concurrent.TimeLimitedTests.withFixture$(TimeLimitedTests.scala:150)                                                   
     | 	at infrastructure.TestBase.withFixture(TestBase.scala:9)                                                                                
     | 	at org.scalatest.FunSuiteLike.invokeWithFixture$1(FunSuiteLike.scala:184)                                                               
     | 	at org.scalatest.FunSuiteLike.$anonfun$runTest$1(FunSuiteLike.scala:196)                                                                
     | 	at org.scalatest.SuperEngine.runTestImpl(Engine.scala:286)                                                                              
     | 	at org.scalatest.FunSuiteLike.runTest(FunSuiteLike.scala:196)                                                                           
     | 	at org.scalatest.FunSuiteLike.runTest$(FunSuiteLike.scala:178)                                                                          
     | 	at org.scalatest.FunSuite.runTest(FunSuite.scala:1560)                                                                                  
     | 	at org.scalatest.FunSuiteLike.$anonfun$runTests$1(FunSuiteLike.scala:229)                                                               
     | 	at org.scalatest.SuperEngine.$anonfun$runTestsInBranch$1(Engine.scala:393)                                                              
     | 	at scala.collection.immutable.List.foreach(List.scala:334)                                                                              
     | 	at org.scalatest.SuperEngine.traverseSubNodes$1(Engine.scala:381)                                                                       
     | 	at org.scalatest.SuperEngine.runTestsInBranch(Engine.scala:376)                                                                         
     | 	at org.scalatest.SuperEngine.runTestsImpl(Engine.scala:458)                                                                             
     | 	at org.scalatest.FunSuiteLike.runTests(FunSuiteLike.scala:229)                                                                          
     | 	at org.scalatest.FunSuiteLike.runTests$(FunSuiteLike.scala:228)                                                                         
     | 	at org.scalatest.FunSuite.runTests(FunSuite.scala:1560)                                                                                 
     | 	at org.scalatest.Suite.run(Suite.scala:1124)                                                                                            
     | 	at org.scalatest.Suite.run$(Suite.scala:1106)                                                                                           
     | 	at org.scalatest.FunSuite.org$scalatest$FunSuiteLike$$super$run(FunSuite.scala:1560)                                                    
     | 	at org.scalatest.FunSuiteLike.$anonfun$run$1(FunSuiteLike.scala:233)                                                                    
     | 	at org.scalatest.SuperEngine.runImpl(Engine.scala:518)                                                                                  
     | 	at org.scalatest.FunSuiteLike.run(FunSuiteLike.scala:233)                                                                               
     | 	at org.scalatest.FunSuiteLike.run$(FunSuiteLike.scala:232)                                                                              
     | 	at infrastructure.TestBase.run(TestBase.scala:26)                                                                                       
     | 	at org.scalatest.Suite.callExecuteOnSuite$1(Suite.scala:1187)                                                                           
     | 	at org.scalatest.Suite.$anonfun$runNestedSuites$1(Suite.scala:1234)                                                                     
     | 	at scala.collection.ArrayOps$.foreach$extension(ArrayOps.scala:1323)                                                                    
     | 	at org.scalatest.Suite.runNestedSuites(Suite.scala:1232)                                                                                
     | 	at org.scalatest.Suite.runNestedSuites$(Suite.scala:1166)                                                                               
     | 	at org.scalatest.Suites.runNestedSuites(Suites.scala:56)                                                                                
     | 	at org.scalatest.Suite.run(Suite.scala:1121)                                                                                            
     | 	at org.scalatest.Suite.run$(Suite.scala:1106)                                                                                           
     | 	at tetris.TetrisTestSuitesBase.runDirect(TetrisTestSuitesBase.scala:20)                                                                 
     | 	at tetris.TetrisTestSuitesBase.runWithScoreCounter(TetrisTestSuitesBase.scala:14)                                                       
     | 	at tetris.TetrisTestSuite3_2.run(TetrisTestSuite3_2.scala:25)                                                                           
     | 	at org.scalatestplus.junit.JUnitRunner.run(JUnitRunner.scala:99)                                                                        
     | 	at org.gradle.api.internal.tasks.testing.junit.JUnitTestClassExecutor.runTestClass(JUnitTestClassExecutor.java:112)                     
     | 	at org.gradle.api.internal.tasks.testing.junit.JUnitTestClassExecutor.execute(JUnitTestClassExecutor.java:58)                           
     | 	at org.gradle.api.internal.tasks.testing.junit.JUnitTestClassExecutor.execute(JUnitTestClassExecutor.java:40)                           
     | 	at org.gradle.api.internal.tasks.testing.junit.AbstractJUnitTestClassProcessor.processTestClass(AbstractJUnitTestClassProcessor.java:54)
     | 	at org.gradle.api.internal.tasks.testing.SuiteTestClassProcessor.processTestClass(SuiteTestClassProcessor.java:53)                      
     | 	at java.base/jdk.internal.reflect.NativeMethodAccessorImpl.invoke0(Native Method)                                                       
     | 	at java.base/jdk.internal.reflect.NativeMethodAccessorImpl.invoke(NativeMethodAccessorImpl.java:62)                                     
     | 	at java.base/jdk.internal.reflect.DelegatingMethodAccessorImpl.invoke(DelegatingMethodAccessorImpl.java:43)                             
     | 	at java.base/java.lang.reflect.Method.invoke(Method.java:566)                                                                           
     | 	at org.gradle.internal.dispatch.ReflectionDispatch.dispatch(ReflectionDispatch.java:36)                                                 
     | 	at org.gradle.internal.dispatch.ReflectionDispatch.dispatch(ReflectionDispatch.java:24)                                                 
     | 	at org.gradle.internal.dispatch.ContextClassLoaderDispatch.dispatch(ContextClassLoaderDispatch.java:33)                                 
     | 	at org.gradle.internal.dispatch.ProxyDispatchAdapter$DispatchingInvocationHandler.invoke(ProxyDispatchAdapter.java:92)                  
     | 	at com.sun.proxy.$Proxy4.processTestClass(Unknown Source)                                                                               
     | 	at org.gradle.api.internal.tasks.testing.worker.TestWorker$2.run(TestWorker.java:183)                                                   
     | 	at org.gradle.api.internal.tasks.testing.worker.TestWorker.executeAndMaintainThreadName(TestWorker.java:132)                            
     | 	at org.gradle.api.internal.tasks.testing.worker.TestWorker.execute(TestWorker.java:103)                                                 
     | 	at org.gradle.api.internal.tasks.testing.worker.TestWorker.execute(TestWorker.java:63)                                                  
     | 	at org.gradle.process.internal.worker.child.ActionExecutionWorker.execute(ActionExecutionWorker.java:56)                                
     | 	at org.gradle.process.internal.worker.child.SystemApplicationClassLoaderWorker.call(SystemApplicationClassLoaderWorker.java:121)        
     | 	at org.gradle.process.internal.worker.child.SystemApplicationClassLoaderWorker.call(SystemApplicationClassLoaderWorker.java:71)         
     | 	at worker.org.gradle.process.internal.worker.GradleWorkerMain.run(GradleWorkerMain.java:69)                                             
     | 	at worker.org.gradle.process.internal.worker.GradleWorkerMain.main(GradleWorkerMain.java:74)                                            
     | )                                                                                                                                        


	at app//org.scalatest.Assertions.newAssertionFailedException(Assertions.scala:530)
	at app//org.scalatest.Assertions.newAssertionFailedException$(Assertions.scala:529)
	at app//org.scalatest.FunSuite.newAssertionFailedException(FunSuite.scala:1560)
	at app//org.scalatest.Assertions$AssertionsHelper.macroAssert(Assertions.scala:503)
	at app//generic.GameTestSuite.checkGame(GameTestSuite.scala:298)
	at app//tetris.TetrisTestSuiteBase.checkGame(TetrisTestSuiteBase.scala:103)
	at app//tetris.SpawnTests.$anonfun$new$2(SpawnTests.scala:104)
	at app//scala.runtime.java8.JFunction0$mcV$sp.apply(JFunction0$mcV$sp.scala:18)
	at app//infrastructure.TestBase.$anonfun$test$1(TestBase.scala:36)
	at app//org.scalatest.OutcomeOf.outcomeOf(OutcomeOf.scala:85)
	at app//org.scalatest.OutcomeOf.outcomeOf$(OutcomeOf.scala:83)
	at app//org.scalatest.OutcomeOf$.outcomeOf(OutcomeOf.scala:104)
	at app//org.scalatest.Transformer.apply(Transformer.scala:22)
	at app//org.scalatest.Transformer.apply(Transformer.scala:20)
	at app//org.scalatest.FunSuiteLike$$anon$1.apply(FunSuiteLike.scala:186)
	at app//org.scalatest.TestSuite.withFixture(TestSuite.scala:196)
	at app//org.scalatest.TestSuite.withFixture$(TestSuite.scala:195)
	at app//infrastructure.TestBase.org$scalatest$concurrent$TimeLimitedTests$$super$withFixture(TestBase.scala:9)
	at app//org.scalatest.concurrent.TimeLimitedTests.$anonfun$withFixture$3(TimeLimitedTests.scala:154)
	at app//org.scalatest.enablers.Timed$$anon$1.timeoutAfter(Timed.scala:127)
	at app//org.scalatest.concurrent.TimeLimits.failAfterImpl(TimeLimits.scala:239)
	at app//org.scalatest.concurrent.TimeLimits.failAfterImpl$(TimeLimits.scala:233)
	at app//org.scalatest.concurrent.TimeLimits$.failAfterImpl(TimeLimits.scala:305)
	at app//org.scalatest.concurrent.TimeLimitedTests.withFixture(TimeLimitedTests.scala:153)
	at app//org.scalatest.concurrent.TimeLimitedTests.withFixture$(TimeLimitedTests.scala:150)
	at app//infrastructure.TestBase.withFixture(TestBase.scala:9)
	at app//org.scalatest.FunSuiteLike.invokeWithFixture$1(FunSuiteLike.scala:184)
	at app//org.scalatest.FunSuiteLike.$anonfun$runTest$1(FunSuiteLike.scala:196)
	at app//org.scalatest.SuperEngine.runTestImpl(Engine.scala:286)
	at app//org.scalatest.FunSuiteLike.runTest(FunSuiteLike.scala:196)
	at app//org.scalatest.FunSuiteLike.runTest$(FunSuiteLike.scala:178)
	at app//org.scalatest.FunSuite.runTest(FunSuite.scala:1560)
	at app//org.scalatest.FunSuiteLike.$anonfun$runTests$1(FunSuiteLike.scala:229)
	at app//org.scalatest.SuperEngine.$anonfun$runTestsInBranch$1(Engine.scala:393)
	at app//scala.collection.immutable.List.foreach(List.scala:334)
	at app//org.scalatest.SuperEngine.traverseSubNodes$1(Engine.scala:381)
	at app//org.scalatest.SuperEngine.runTestsInBranch(Engine.scala:376)
	at app//org.scalatest.SuperEngine.runTestsImpl(Engine.scala:458)
	at app//org.scalatest.FunSuiteLike.runTests(FunSuiteLike.scala:229)
	at app//org.scalatest.FunSuiteLike.runTests$(FunSuiteLike.scala:228)
	at app//org.scalatest.FunSuite.runTests(FunSuite.scala:1560)
	at app//org.scalatest.Suite.run(Suite.scala:1124)
	at app//org.scalatest.Suite.run$(Suite.scala:1106)
	at app//org.scalatest.FunSuite.org$scalatest$FunSuiteLike$$super$run(FunSuite.scala:1560)
	at app//org.scalatest.FunSuiteLike.$anonfun$run$1(FunSuiteLike.scala:233)
	at app//org.scalatest.SuperEngine.runImpl(Engine.scala:518)
	at app//org.scalatest.FunSuiteLike.run(FunSuiteLike.scala:233)
	at app//org.scalatest.FunSuiteLike.run$(FunSuiteLike.scala:232)
	at app//infrastructure.TestBase.run(TestBase.scala:26)
	at app//org.scalatest.Suite.callExecuteOnSuite$1(Suite.scala:1187)
	at app//org.scalatest.Suite.$anonfun$runNestedSuites$1(Suite.scala:1234)
	at app//scala.collection.ArrayOps$.foreach$extension(ArrayOps.scala:1323)
	at app//org.scalatest.Suite.runNestedSuites(Suite.scala:1232)
	at app//org.scalatest.Suite.runNestedSuites$(Suite.scala:1166)
	at app//org.scalatest.Suites.runNestedSuites(Suites.scala:56)
	at app//org.scalatest.Suite.run(Suite.scala:1121)
	at app//org.scalatest.Suite.run$(Suite.scala:1106)
	at app//tetris.TetrisTestSuitesBase.runDirect(TetrisTestSuitesBase.scala:20)
	at app//tetris.TetrisTestSuitesBase.runWithScoreCounter(TetrisTestSuitesBase.scala:14)
	at app//tetris.TetrisTestSuite3_2.run(TetrisTestSuite3_2.scala:25)
	at app//org.scalatestplus.junit.JUnitRunner.run(JUnitRunner.scala:99)
	at org.gradle.api.internal.tasks.testing.junit.JUnitTestClassExecutor.runTestClass(JUnitTestClassExecutor.java:112)
	at org.gradle.api.internal.tasks.testing.junit.JUnitTestClassExecutor.execute(JUnitTestClassExecutor.java:58)
	at org.gradle.api.internal.tasks.testing.junit.JUnitTestClassExecutor.execute(JUnitTestClassExecutor.java:40)
	at org.gradle.api.internal.tasks.testing.junit.AbstractJUnitTestClassProcessor.processTestClass(AbstractJUnitTestClassProcessor.java:54)
	at org.gradle.api.internal.tasks.testing.SuiteTestClassProcessor.processTestClass(SuiteTestClassProcessor.java:53)
	at java.base@11.0.24/jdk.internal.reflect.NativeMethodAccessorImpl.invoke0(Native Method)
	at java.base@11.0.24/jdk.internal.reflect.NativeMethodAccessorImpl.invoke(NativeMethodAccessorImpl.java:62)
	at java.base@11.0.24/jdk.internal.reflect.DelegatingMethodAccessorImpl.invoke(DelegatingMethodAccessorImpl.java:43)
	at java.base@11.0.24/java.lang.reflect.Method.invoke(Method.java:566)
	at org.gradle.internal.dispatch.ReflectionDispatch.dispatch(ReflectionDispatch.java:36)
	at org.gradle.internal.dispatch.ReflectionDispatch.dispatch(ReflectionDispatch.java:24)
	at org.gradle.internal.dispatch.ContextClassLoaderDispatch.dispatch(ContextClassLoaderDispatch.java:33)
	at org.gradle.internal.dispatch.ProxyDispatchAdapter$DispatchingInvocationHandler.invoke(ProxyDispatchAdapter.java:92)
	at com.sun.proxy.$Proxy4.processTestClass(Unknown Source)
	at org.gradle.api.internal.tasks.testing.worker.TestWorker$2.run(TestWorker.java:183)
	at org.gradle.api.internal.tasks.testing.worker.TestWorker.executeAndMaintainThreadName(TestWorker.java:132)
	at org.gradle.api.internal.tasks.testing.worker.TestWorker.execute(TestWorker.java:103)
	at org.gradle.api.internal.tasks.testing.worker.TestWorker.execute(TestWorker.java:63)
	at org.gradle.process.internal.worker.child.ActionExecutionWorker.execute(ActionExecutionWorker.java:56)
	at org.gradle.process.internal.worker.child.SystemApplicationClassLoaderWorker.call(SystemApplicationClassLoaderWorker.java:121)
	at org.gradle.process.internal.worker.child.SystemApplicationClassLoaderWorker.call(SystemApplicationClassLoaderWorker.java:71)
	at app//worker.org.gradle.process.internal.worker.GradleWorkerMain.run(GradleWorkerMain.java:69)
	at app//worker.org.gradle.process.internal.worker.GradleWorkerMain.main(GradleWorkerMain.java:74)
</failure>
  </testcase>
  <system-out><![CDATA[HashMap((2,2) -> Empty, (2,0) -> Empty, (1,2) -> Empty, (1,4) -> Empty, (0,4) -> Empty, (3,0) -> Empty, (2,4) -> Empty, (3,2) -> Empty, (2,3) -> Empty, (1,3) -> Empty, (0,3) -> Empty, (0,2) -> Empty, (3,4) -> Empty, (2,1) -> Empty, (0,1) -> Empty, (1,1) -> Empty, (1,0) -> Empty, (3,1) -> Empty, (3,3) -> Empty, (0,0) -> Empty)
HashMap((2,2) -> Empty, (2,1) -> Empty, (4,1) -> Empty, (1,2) -> Empty, (5,2) -> Empty, (3,0) -> Empty, (3,2) -> Empty, (4,3) -> Empty, (1,3) -> Empty, (0,3) -> Empty, (4,2) -> Empty, (2,0) -> Empty, (0,1) -> Empty, (1,1) -> Empty, (1,0) -> Empty, (3,1) -> Empty, (0,0) -> Empty, (5,0) -> Empty, (4,0) -> Empty, (3,3) -> Empty, (5,1) -> Empty, (2,3) -> Empty, (5,3) -> Empty, (0,2) -> Empty)
]]></system-out>
  <system-err><![CDATA[]]></system-err>
</testsuite>
