<?xml version="1.0" encoding="UTF-8"?>
<testsuite name="tetris.BlockedTests" tests="11" skipped="0" failures="11" errors="0" timestamp="2024-09-21T14:25:02" hostname="thinkpad" time="0.113">
  <properties/>
  <testcase name="testMoveOutLeft" classname="tetris.BlockedTests" time="0.015">
    <failure message="org.scalatest.exceptions.TestFailedException: didPass was false&#10;Hint: Trying to move out of the screen on the left side has no effect&#10;--------------------------------------------------------------------------------&#10;This is what went wrong:&#10;&#10;step=0, rand=5, actions=&lt;&gt;&#10;Want    | Got âœ—                                                                                                                                    &#10;---------------------------------------------------------------------------------------------------------------------------------------------------&#10;...T... | LogicFailed(java.util.NoSuchElementException: key not found: (3,0)                                                                       &#10;..TTT.. | &#9;at scala.collection.immutable.BitmapIndexedMapNode.apply(HashMap.scala:670)                                                             &#10;....... | &#9;at scala.collection.immutable.HashMap.apply(HashMap.scala:132)                                                                          &#10;        | &#9;at tetris.logic.TetrisLogic.getCellType(TetrisLogic.scala:49)                                                                           &#10;        | &#9;at tetris.TetrisLogicWrapper.getCell(TetrisTestSuiteBase.scala:48)                                                                      &#10;        | &#9;at tetris.TetrisLogicWrapper.getCell(TetrisTestSuiteBase.scala:34)                                                                      &#10;        | &#9;at generic.GameTestSuite.$anonfun$getDisplay$2(GameTestSuite.scala:138)                                                                 &#10;        | &#9;at generic.GameTestSuite.$anonfun$getDisplay$2$adapted(GameTestSuite.scala:137)                                                         &#10;        | &#9;at scala.collection.immutable.Range.map(Range.scala:59)                                                                                 &#10;        | &#9;at generic.GameTestSuite.$anonfun$getDisplay$1(GameTestSuite.scala:137)                                                                 &#10;        | &#9;at generic.GameTestSuite.$anonfun$getDisplay$1$adapted(GameTestSuite.scala:136)                                                         &#10;        | &#9;at scala.collection.immutable.Range.map(Range.scala:59)                                                                                 &#10;        | &#9;at generic.GameTestSuite.getGridDisplay$1(GameTestSuite.scala:136)                                                                      &#10;        | &#9;at generic.GameTestSuite.getDisplay(GameTestSuite.scala:143)                                                                            &#10;        | &#9;at generic.GameTestSuite$TestRecording.$anonfun$implementationDisplays$1(GameTestSuite.scala:190)                                       &#10;        | &#9;at generic.GameTestSuite$TestRecording.catchLogicError$1(GameTestSuite.scala:182)                                                       &#10;        | &#9;at generic.GameTestSuite$TestRecording.liftedTree1$1(GameTestSuite.scala:190)                                                           &#10;        | &#9;at generic.GameTestSuite$TestRecording.implementationDisplays$lzycompute(GameTestSuite.scala:187)                                       &#10;        | &#9;at generic.GameTestSuite$TestRecording.implementationDisplays(GameTestSuite.scala:178)                                                  &#10;        | &#9;at generic.GameTestSuite$TestRecording.passes$lzycompute(GameTestSuite.scala:208)                                                       &#10;        | &#9;at generic.GameTestSuite$TestRecording.passes(GameTestSuite.scala:207)                                                                  &#10;        | &#9;at generic.GameTestSuite.checkGame(GameTestSuite.scala:290)                                                                             &#10;        | &#9;at tetris.TetrisTestSuiteBase.checkGame(TetrisTestSuiteBase.scala:103)                                                                  &#10;        | &#9;at tetris.BlockedTests.$anonfun$new$1(BlockedTests.scala:27)                                                                            &#10;        | &#9;at scala.runtime.java8.JFunction0$mcV$sp.apply(JFunction0$mcV$sp.scala:18)                                                              &#10;        | &#9;at infrastructure.TestBase.$anonfun$test$1(TestBase.scala:36)                                                                           &#10;        | &#9;at org.scalatest.OutcomeOf.outcomeOf(OutcomeOf.scala:85)                                                                                &#10;        | &#9;at org.scalatest.OutcomeOf.outcomeOf$(OutcomeOf.scala:83)                                                                               &#10;        | &#9;at org.scalatest.OutcomeOf$.outcomeOf(OutcomeOf.scala:104)                                                                              &#10;        | &#9;at org.scalatest.Transformer.apply(Transformer.scala:22)                                                                                &#10;        | &#9;at org.scalatest.Transformer.apply(Transformer.scala:20)                                                                                &#10;        | &#9;at org.scalatest.FunSuiteLike$$anon$1.apply(FunSuiteLike.scala:186)                                                                     &#10;        | &#9;at org.scalatest.TestSuite.withFixture(TestSuite.scala:196)                                                                             &#10;        | &#9;at org.scalatest.TestSuite.withFixture$(TestSuite.scala:195)                                                                            &#10;        | &#9;at infrastructure.TestBase.org$scalatest$concurrent$TimeLimitedTests$$super$withFixture(TestBase.scala:9)                               &#10;        | &#9;at org.scalatest.concurrent.TimeLimitedTests.$anonfun$withFixture$3(TimeLimitedTests.scala:154)                                         &#10;        | &#9;at org.scalatest.enablers.Timed$$anon$1.timeoutAfter(Timed.scala:127)                                                                   &#10;        | &#9;at org.scalatest.concurrent.TimeLimits.failAfterImpl(TimeLimits.scala:239)                                                              &#10;        | &#9;at org.scalatest.concurrent.TimeLimits.failAfterImpl$(TimeLimits.scala:233)                                                             &#10;        | &#9;at org.scalatest.concurrent.TimeLimits$.failAfterImpl(TimeLimits.scala:305)                                                             &#10;        | &#9;at org.scalatest.concurrent.TimeLimitedTests.withFixture(TimeLimitedTests.scala:153)                                                    &#10;        | &#9;at org.scalatest.concurrent.TimeLimitedTests.withFixture$(TimeLimitedTests.scala:150)                                                   &#10;        | &#9;at infrastructure.TestBase.withFixture(TestBase.scala:9)                                                                                &#10;        | &#9;at org.scalatest.FunSuiteLike.invokeWithFixture$1(FunSuiteLike.scala:184)                                                               &#10;        | &#9;at org.scalatest.FunSuiteLike.$anonfun$runTest$1(FunSuiteLike.scala:196)                                                                &#10;        | &#9;at org.scalatest.SuperEngine.runTestImpl(Engine.scala:286)                                                                              &#10;        | &#9;at org.scalatest.FunSuiteLike.runTest(FunSuiteLike.scala:196)                                                                           &#10;        | &#9;at org.scalatest.FunSuiteLike.runTest$(FunSuiteLike.scala:178)                                                                          &#10;        | &#9;at org.scalatest.FunSuite.runTest(FunSuite.scala:1560)                                                                                  &#10;        | &#9;at org.scalatest.FunSuiteLike.$anonfun$runTests$1(FunSuiteLike.scala:229)                                                               &#10;        | &#9;at org.scalatest.SuperEngine.$anonfun$runTestsInBranch$1(Engine.scala:393)                                                              &#10;        | &#9;at scala.collection.immutable.List.foreach(List.scala:334)                                                                              &#10;        | &#9;at org.scalatest.SuperEngine.traverseSubNodes$1(Engine.scala:381)                                                                       &#10;        | &#9;at org.scalatest.SuperEngine.runTestsInBranch(Engine.scala:376)                                                                         &#10;        | &#9;at org.scalatest.SuperEngine.runTestsImpl(Engine.scala:458)                                                                             &#10;        | &#9;at org.scalatest.FunSuiteLike.runTests(FunSuiteLike.scala:229)                                                                          &#10;        | &#9;at org.scalatest.FunSuiteLike.runTests$(FunSuiteLike.scala:228)                                                                         &#10;        | &#9;at org.scalatest.FunSuite.runTests(FunSuite.scala:1560)                                                                                 &#10;        | &#9;at org.scalatest.Suite.run(Suite.scala:1124)                                                                                            &#10;        | &#9;at org.scalatest.Suite.run$(Suite.scala:1106)                                                                                           &#10;        | &#9;at org.scalatest.FunSuite.org$scalatest$FunSuiteLike$$super$run(FunSuite.scala:1560)                                                    &#10;        | &#9;at org.scalatest.FunSuiteLike.$anonfun$run$1(FunSuiteLike.scala:233)                                                                    &#10;        | &#9;at org.scalatest.SuperEngine.runImpl(Engine.scala:518)                                                                                  &#10;        | &#9;at org.scalatest.FunSuiteLike.run(FunSuiteLike.scala:233)                                                                               &#10;        | &#9;at org.scalatest.FunSuiteLike.run$(FunSuiteLike.scala:232)                                                                              &#10;        | &#9;at infrastructure.TestBase.run(TestBase.scala:26)                                                                                       &#10;        | &#9;at org.scalatest.Suite.callExecuteOnSuite$1(Suite.scala:1187)                                                                           &#10;        | &#9;at org.scalatest.Suite.$anonfun$runNestedSuites$1(Suite.scala:1234)                                                                     &#10;        | &#9;at scala.collection.ArrayOps$.foreach$extension(ArrayOps.scala:1323)                                                                    &#10;        | &#9;at org.scalatest.Suite.runNestedSuites(Suite.scala:1232)                                                                                &#10;        | &#9;at org.scalatest.Suite.runNestedSuites$(Suite.scala:1166)                                                                               &#10;        | &#9;at org.scalatest.Suites.runNestedSuites(Suites.scala:56)                                                                                &#10;        | &#9;at org.scalatest.Suite.run(Suite.scala:1121)                                                                                            &#10;        | &#9;at org.scalatest.Suite.run$(Suite.scala:1106)                                                                                           &#10;        | &#9;at tetris.TetrisTestSuitesBase.runDirect(TetrisTestSuitesBase.scala:20)                                                                 &#10;        | &#9;at tetris.TetrisTestSuitesBase.runWithScoreCounter(TetrisTestSuitesBase.scala:14)                                                       &#10;        | &#9;at tetris.TetrisTestSuite3_2.run(TetrisTestSuite3_2.scala:25)                                                                           &#10;        | &#9;at org.scalatestplus.junit.JUnitRunner.run(JUnitRunner.scala:99)                                                                        &#10;        | &#9;at org.gradle.api.internal.tasks.testing.junit.JUnitTestClassExecutor.runTestClass(JUnitTestClassExecutor.java:112)                     &#10;        | &#9;at org.gradle.api.internal.tasks.testing.junit.JUnitTestClassExecutor.execute(JUnitTestClassExecutor.java:58)                           &#10;        | &#9;at org.gradle.api.internal.tasks.testing.junit.JUnitTestClassExecutor.execute(JUnitTestClassExecutor.java:40)                           &#10;        | &#9;at org.gradle.api.internal.tasks.testing.junit.AbstractJUnitTestClassProcessor.processTestClass(AbstractJUnitTestClassProcessor.java:54)&#10;        | &#9;at org.gradle.api.internal.tasks.testing.SuiteTestClassProcessor.processTestClass(SuiteTestClassProcessor.java:53)                      &#10;        | &#9;at java.base/jdk.internal.reflect.NativeMethodAccessorImpl.invoke0(Native Method)                                                       &#10;        | &#9;at java.base/jdk.internal.reflect.NativeMethodAccessorImpl.invoke(NativeMethodAccessorImpl.java:62)                                     &#10;        | &#9;at java.base/jdk.internal.reflect.DelegatingMethodAccessorImpl.invoke(DelegatingMethodAccessorImpl.java:43)                             &#10;        | &#9;at java.base/java.lang.reflect.Method.invoke(Method.java:566)                                                                           &#10;        | &#9;at org.gradle.internal.dispatch.ReflectionDispatch.dispatch(ReflectionDispatch.java:36)                                                 &#10;        | &#9;at org.gradle.internal.dispatch.ReflectionDispatch.dispatch(ReflectionDispatch.java:24)                                                 &#10;        | &#9;at org.gradle.internal.dispatch.ContextClassLoaderDispatch.dispatch(ContextClassLoaderDispatch.java:33)                                 &#10;        | &#9;at org.gradle.internal.dispatch.ProxyDispatchAdapter$DispatchingInvocationHandler.invoke(ProxyDispatchAdapter.java:92)                  &#10;        | &#9;at com.sun.proxy.$Proxy4.processTestClass(Unknown Source)                                                                               &#10;        | &#9;at org.gradle.api.internal.tasks.testing.worker.TestWorker$2.run(TestWorker.java:183)                                                   &#10;        | &#9;at org.gradle.api.internal.tasks.testing.worker.TestWorker.executeAndMaintainThreadName(TestWorker.java:132)                            &#10;        | &#9;at org.gradle.api.internal.tasks.testing.worker.TestWorker.execute(TestWorker.java:103)                                                 &#10;        | &#9;at org.gradle.api.internal.tasks.testing.worker.TestWorker.execute(TestWorker.java:63)                                                  &#10;        | &#9;at org.gradle.process.internal.worker.child.ActionExecutionWorker.execute(ActionExecutionWorker.java:56)                                &#10;        | &#9;at org.gradle.process.internal.worker.child.SystemApplicationClassLoaderWorker.call(SystemApplicationClassLoaderWorker.java:121)        &#10;        | &#9;at org.gradle.process.internal.worker.child.SystemApplicationClassLoaderWorker.call(SystemApplicationClassLoaderWorker.java:71)         &#10;        | &#9;at worker.org.gradle.process.internal.worker.GradleWorkerMain.run(GradleWorkerMain.java:69)                                             &#10;        | &#9;at worker.org.gradle.process.internal.worker.GradleWorkerMain.main(GradleWorkerMain.java:74)                                            &#10;        | )                                                                                                                                        &#10;&#10;" type="org.scalatest.exceptions.TestFailedException">org.scalatest.exceptions.TestFailedException: didPass was false
Hint: Trying to move out of the screen on the left side has no effect
--------------------------------------------------------------------------------
This is what went wrong:

step=0, rand=5, actions=&lt;&gt;
Want    | Got âœ—                                                                                                                                    
---------------------------------------------------------------------------------------------------------------------------------------------------
...T... | LogicFailed(java.util.NoSuchElementException: key not found: (3,0)                                                                       
..TTT.. | 	at scala.collection.immutable.BitmapIndexedMapNode.apply(HashMap.scala:670)                                                             
....... | 	at scala.collection.immutable.HashMap.apply(HashMap.scala:132)                                                                          
        | 	at tetris.logic.TetrisLogic.getCellType(TetrisLogic.scala:49)                                                                           
        | 	at tetris.TetrisLogicWrapper.getCell(TetrisTestSuiteBase.scala:48)                                                                      
        | 	at tetris.TetrisLogicWrapper.getCell(TetrisTestSuiteBase.scala:34)                                                                      
        | 	at generic.GameTestSuite.$anonfun$getDisplay$2(GameTestSuite.scala:138)                                                                 
        | 	at generic.GameTestSuite.$anonfun$getDisplay$2$adapted(GameTestSuite.scala:137)                                                         
        | 	at scala.collection.immutable.Range.map(Range.scala:59)                                                                                 
        | 	at generic.GameTestSuite.$anonfun$getDisplay$1(GameTestSuite.scala:137)                                                                 
        | 	at generic.GameTestSuite.$anonfun$getDisplay$1$adapted(GameTestSuite.scala:136)                                                         
        | 	at scala.collection.immutable.Range.map(Range.scala:59)                                                                                 
        | 	at generic.GameTestSuite.getGridDisplay$1(GameTestSuite.scala:136)                                                                      
        | 	at generic.GameTestSuite.getDisplay(GameTestSuite.scala:143)                                                                            
        | 	at generic.GameTestSuite$TestRecording.$anonfun$implementationDisplays$1(GameTestSuite.scala:190)                                       
        | 	at generic.GameTestSuite$TestRecording.catchLogicError$1(GameTestSuite.scala:182)                                                       
        | 	at generic.GameTestSuite$TestRecording.liftedTree1$1(GameTestSuite.scala:190)                                                           
        | 	at generic.GameTestSuite$TestRecording.implementationDisplays$lzycompute(GameTestSuite.scala:187)                                       
        | 	at generic.GameTestSuite$TestRecording.implementationDisplays(GameTestSuite.scala:178)                                                  
        | 	at generic.GameTestSuite$TestRecording.passes$lzycompute(GameTestSuite.scala:208)                                                       
        | 	at generic.GameTestSuite$TestRecording.passes(GameTestSuite.scala:207)                                                                  
        | 	at generic.GameTestSuite.checkGame(GameTestSuite.scala:290)                                                                             
        | 	at tetris.TetrisTestSuiteBase.checkGame(TetrisTestSuiteBase.scala:103)                                                                  
        | 	at tetris.BlockedTests.$anonfun$new$1(BlockedTests.scala:27)                                                                            
        | 	at scala.runtime.java8.JFunction0$mcV$sp.apply(JFunction0$mcV$sp.scala:18)                                                              
        | 	at infrastructure.TestBase.$anonfun$test$1(TestBase.scala:36)                                                                           
        | 	at org.scalatest.OutcomeOf.outcomeOf(OutcomeOf.scala:85)                                                                                
        | 	at org.scalatest.OutcomeOf.outcomeOf$(OutcomeOf.scala:83)                                                                               
        | 	at org.scalatest.OutcomeOf$.outcomeOf(OutcomeOf.scala:104)                                                                              
        | 	at org.scalatest.Transformer.apply(Transformer.scala:22)                                                                                
        | 	at org.scalatest.Transformer.apply(Transformer.scala:20)                                                                                
        | 	at org.scalatest.FunSuiteLike$$anon$1.apply(FunSuiteLike.scala:186)                                                                     
        | 	at org.scalatest.TestSuite.withFixture(TestSuite.scala:196)                                                                             
        | 	at org.scalatest.TestSuite.withFixture$(TestSuite.scala:195)                                                                            
        | 	at infrastructure.TestBase.org$scalatest$concurrent$TimeLimitedTests$$super$withFixture(TestBase.scala:9)                               
        | 	at org.scalatest.concurrent.TimeLimitedTests.$anonfun$withFixture$3(TimeLimitedTests.scala:154)                                         
        | 	at org.scalatest.enablers.Timed$$anon$1.timeoutAfter(Timed.scala:127)                                                                   
        | 	at org.scalatest.concurrent.TimeLimits.failAfterImpl(TimeLimits.scala:239)                                                              
        | 	at org.scalatest.concurrent.TimeLimits.failAfterImpl$(TimeLimits.scala:233)                                                             
        | 	at org.scalatest.concurrent.TimeLimits$.failAfterImpl(TimeLimits.scala:305)                                                             
        | 	at org.scalatest.concurrent.TimeLimitedTests.withFixture(TimeLimitedTests.scala:153)                                                    
        | 	at org.scalatest.concurrent.TimeLimitedTests.withFixture$(TimeLimitedTests.scala:150)                                                   
        | 	at infrastructure.TestBase.withFixture(TestBase.scala:9)                                                                                
        | 	at org.scalatest.FunSuiteLike.invokeWithFixture$1(FunSuiteLike.scala:184)                                                               
        | 	at org.scalatest.FunSuiteLike.$anonfun$runTest$1(FunSuiteLike.scala:196)                                                                
        | 	at org.scalatest.SuperEngine.runTestImpl(Engine.scala:286)                                                                              
        | 	at org.scalatest.FunSuiteLike.runTest(FunSuiteLike.scala:196)                                                                           
        | 	at org.scalatest.FunSuiteLike.runTest$(FunSuiteLike.scala:178)                                                                          
        | 	at org.scalatest.FunSuite.runTest(FunSuite.scala:1560)                                                                                  
        | 	at org.scalatest.FunSuiteLike.$anonfun$runTests$1(FunSuiteLike.scala:229)                                                               
        | 	at org.scalatest.SuperEngine.$anonfun$runTestsInBranch$1(Engine.scala:393)                                                              
        | 	at scala.collection.immutable.List.foreach(List.scala:334)                                                                              
        | 	at org.scalatest.SuperEngine.traverseSubNodes$1(Engine.scala:381)                                                                       
        | 	at org.scalatest.SuperEngine.runTestsInBranch(Engine.scala:376)                                                                         
        | 	at org.scalatest.SuperEngine.runTestsImpl(Engine.scala:458)                                                                             
        | 	at org.scalatest.FunSuiteLike.runTests(FunSuiteLike.scala:229)                                                                          
        | 	at org.scalatest.FunSuiteLike.runTests$(FunSuiteLike.scala:228)                                                                         
        | 	at org.scalatest.FunSuite.runTests(FunSuite.scala:1560)                                                                                 
        | 	at org.scalatest.Suite.run(Suite.scala:1124)                                                                                            
        | 	at org.scalatest.Suite.run$(Suite.scala:1106)                                                                                           
        | 	at org.scalatest.FunSuite.org$scalatest$FunSuiteLike$$super$run(FunSuite.scala:1560)                                                    
        | 	at org.scalatest.FunSuiteLike.$anonfun$run$1(FunSuiteLike.scala:233)                                                                    
        | 	at org.scalatest.SuperEngine.runImpl(Engine.scala:518)                                                                                  
        | 	at org.scalatest.FunSuiteLike.run(FunSuiteLike.scala:233)                                                                               
        | 	at org.scalatest.FunSuiteLike.run$(FunSuiteLike.scala:232)                                                                              
        | 	at infrastructure.TestBase.run(TestBase.scala:26)                                                                                       
        | 	at org.scalatest.Suite.callExecuteOnSuite$1(Suite.scala:1187)                                                                           
        | 	at org.scalatest.Suite.$anonfun$runNestedSuites$1(Suite.scala:1234)                                                                     
        | 	at scala.collection.ArrayOps$.foreach$extension(ArrayOps.scala:1323)                                                                    
        | 	at org.scalatest.Suite.runNestedSuites(Suite.scala:1232)                                                                                
        | 	at org.scalatest.Suite.runNestedSuites$(Suite.scala:1166)                                                                               
        | 	at org.scalatest.Suites.runNestedSuites(Suites.scala:56)                                                                                
        | 	at org.scalatest.Suite.run(Suite.scala:1121)                                                                                            
        | 	at org.scalatest.Suite.run$(Suite.scala:1106)                                                                                           
        | 	at tetris.TetrisTestSuitesBase.runDirect(TetrisTestSuitesBase.scala:20)                                                                 
        | 	at tetris.TetrisTestSuitesBase.runWithScoreCounter(TetrisTestSuitesBase.scala:14)                                                       
        | 	at tetris.TetrisTestSuite3_2.run(TetrisTestSuite3_2.scala:25)                                                                           
        | 	at org.scalatestplus.junit.JUnitRunner.run(JUnitRunner.scala:99)                                                                        
        | 	at org.gradle.api.internal.tasks.testing.junit.JUnitTestClassExecutor.runTestClass(JUnitTestClassExecutor.java:112)                     
        | 	at org.gradle.api.internal.tasks.testing.junit.JUnitTestClassExecutor.execute(JUnitTestClassExecutor.java:58)                           
        | 	at org.gradle.api.internal.tasks.testing.junit.JUnitTestClassExecutor.execute(JUnitTestClassExecutor.java:40)                           
        | 	at org.gradle.api.internal.tasks.testing.junit.AbstractJUnitTestClassProcessor.processTestClass(AbstractJUnitTestClassProcessor.java:54)
        | 	at org.gradle.api.internal.tasks.testing.SuiteTestClassProcessor.processTestClass(SuiteTestClassProcessor.java:53)                      
        | 	at java.base/jdk.internal.reflect.NativeMethodAccessorImpl.invoke0(Native Method)                                                       
        | 	at java.base/jdk.internal.reflect.NativeMethodAccessorImpl.invoke(NativeMethodAccessorImpl.java:62)                                     
        | 	at java.base/jdk.internal.reflect.DelegatingMethodAccessorImpl.invoke(DelegatingMethodAccessorImpl.java:43)                             
        | 	at java.base/java.lang.reflect.Method.invoke(Method.java:566)                                                                           
        | 	at org.gradle.internal.dispatch.ReflectionDispatch.dispatch(ReflectionDispatch.java:36)                                                 
        | 	at org.gradle.internal.dispatch.ReflectionDispatch.dispatch(ReflectionDispatch.java:24)                                                 
        | 	at org.gradle.internal.dispatch.ContextClassLoaderDispatch.dispatch(ContextClassLoaderDispatch.java:33)                                 
        | 	at org.gradle.internal.dispatch.ProxyDispatchAdapter$DispatchingInvocationHandler.invoke(ProxyDispatchAdapter.java:92)                  
        | 	at com.sun.proxy.$Proxy4.processTestClass(Unknown Source)                                                                               
        | 	at org.gradle.api.internal.tasks.testing.worker.TestWorker$2.run(TestWorker.java:183)                                                   
        | 	at org.gradle.api.internal.tasks.testing.worker.TestWorker.executeAndMaintainThreadName(TestWorker.java:132)                            
        | 	at org.gradle.api.internal.tasks.testing.worker.TestWorker.execute(TestWorker.java:103)                                                 
        | 	at org.gradle.api.internal.tasks.testing.worker.TestWorker.execute(TestWorker.java:63)                                                  
        | 	at org.gradle.process.internal.worker.child.ActionExecutionWorker.execute(ActionExecutionWorker.java:56)                                
        | 	at org.gradle.process.internal.worker.child.SystemApplicationClassLoaderWorker.call(SystemApplicationClassLoaderWorker.java:121)        
        | 	at org.gradle.process.internal.worker.child.SystemApplicationClassLoaderWorker.call(SystemApplicationClassLoaderWorker.java:71)         
        | 	at worker.org.gradle.process.internal.worker.GradleWorkerMain.run(GradleWorkerMain.java:69)                                             
        | 	at worker.org.gradle.process.internal.worker.GradleWorkerMain.main(GradleWorkerMain.java:74)                                            
        | )                                                                                                                                        


	at app//org.scalatest.Assertions.newAssertionFailedException(Assertions.scala:530)
	at app//org.scalatest.Assertions.newAssertionFailedException$(Assertions.scala:529)
	at app//org.scalatest.FunSuite.newAssertionFailedException(FunSuite.scala:1560)
	at app//org.scalatest.Assertions$AssertionsHelper.macroAssert(Assertions.scala:503)
	at app//generic.GameTestSuite.checkGame(GameTestSuite.scala:298)
	at app//tetris.TetrisTestSuiteBase.checkGame(TetrisTestSuiteBase.scala:103)
	at app//tetris.BlockedTests.$anonfun$new$1(BlockedTests.scala:27)
	at app//scala.runtime.java8.JFunction0$mcV$sp.apply(JFunction0$mcV$sp.scala:18)
	at app//infrastructure.TestBase.$anonfun$test$1(TestBase.scala:36)
	at app//org.scalatest.OutcomeOf.outcomeOf(OutcomeOf.scala:85)
	at app//org.scalatest.OutcomeOf.outcomeOf$(OutcomeOf.scala:83)
	at app//org.scalatest.OutcomeOf$.outcomeOf(OutcomeOf.scala:104)
	at app//org.scalatest.Transformer.apply(Transformer.scala:22)
	at app//org.scalatest.Transformer.apply(Transformer.scala:20)
	at app//org.scalatest.FunSuiteLike$$anon$1.apply(FunSuiteLike.scala:186)
	at app//org.scalatest.TestSuite.withFixture(TestSuite.scala:196)
	at app//org.scalatest.TestSuite.withFixture$(TestSuite.scala:195)
	at app//infrastructure.TestBase.org$scalatest$concurrent$TimeLimitedTests$$super$withFixture(TestBase.scala:9)
	at app//org.scalatest.concurrent.TimeLimitedTests.$anonfun$withFixture$3(TimeLimitedTests.scala:154)
	at app//org.scalatest.enablers.Timed$$anon$1.timeoutAfter(Timed.scala:127)
	at app//org.scalatest.concurrent.TimeLimits.failAfterImpl(TimeLimits.scala:239)
	at app//org.scalatest.concurrent.TimeLimits.failAfterImpl$(TimeLimits.scala:233)
	at app//org.scalatest.concurrent.TimeLimits$.failAfterImpl(TimeLimits.scala:305)
	at app//org.scalatest.concurrent.TimeLimitedTests.withFixture(TimeLimitedTests.scala:153)
	at app//org.scalatest.concurrent.TimeLimitedTests.withFixture$(TimeLimitedTests.scala:150)
	at app//infrastructure.TestBase.withFixture(TestBase.scala:9)
	at app//org.scalatest.FunSuiteLike.invokeWithFixture$1(FunSuiteLike.scala:184)
	at app//org.scalatest.FunSuiteLike.$anonfun$runTest$1(FunSuiteLike.scala:196)
	at app//org.scalatest.SuperEngine.runTestImpl(Engine.scala:286)
	at app//org.scalatest.FunSuiteLike.runTest(FunSuiteLike.scala:196)
	at app//org.scalatest.FunSuiteLike.runTest$(FunSuiteLike.scala:178)
	at app//org.scalatest.FunSuite.runTest(FunSuite.scala:1560)
	at app//org.scalatest.FunSuiteLike.$anonfun$runTests$1(FunSuiteLike.scala:229)
	at app//org.scalatest.SuperEngine.$anonfun$runTestsInBranch$1(Engine.scala:393)
	at app//scala.collection.immutable.List.foreach(List.scala:334)
	at app//org.scalatest.SuperEngine.traverseSubNodes$1(Engine.scala:381)
	at app//org.scalatest.SuperEngine.runTestsInBranch(Engine.scala:376)
	at app//org.scalatest.SuperEngine.runTestsImpl(Engine.scala:458)
	at app//org.scalatest.FunSuiteLike.runTests(FunSuiteLike.scala:229)
	at app//org.scalatest.FunSuiteLike.runTests$(FunSuiteLike.scala:228)
	at app//org.scalatest.FunSuite.runTests(FunSuite.scala:1560)
	at app//org.scalatest.Suite.run(Suite.scala:1124)
	at app//org.scalatest.Suite.run$(Suite.scala:1106)
	at app//org.scalatest.FunSuite.org$scalatest$FunSuiteLike$$super$run(FunSuite.scala:1560)
	at app//org.scalatest.FunSuiteLike.$anonfun$run$1(FunSuiteLike.scala:233)
	at app//org.scalatest.SuperEngine.runImpl(Engine.scala:518)
	at app//org.scalatest.FunSuiteLike.run(FunSuiteLike.scala:233)
	at app//org.scalatest.FunSuiteLike.run$(FunSuiteLike.scala:232)
	at app//infrastructure.TestBase.run(TestBase.scala:26)
	at app//org.scalatest.Suite.callExecuteOnSuite$1(Suite.scala:1187)
	at app//org.scalatest.Suite.$anonfun$runNestedSuites$1(Suite.scala:1234)
	at app//scala.collection.ArrayOps$.foreach$extension(ArrayOps.scala:1323)
	at app//org.scalatest.Suite.runNestedSuites(Suite.scala:1232)
	at app//org.scalatest.Suite.runNestedSuites$(Suite.scala:1166)
	at app//org.scalatest.Suites.runNestedSuites(Suites.scala:56)
	at app//org.scalatest.Suite.run(Suite.scala:1121)
	at app//org.scalatest.Suite.run$(Suite.scala:1106)
	at app//tetris.TetrisTestSuitesBase.runDirect(TetrisTestSuitesBase.scala:20)
	at app//tetris.TetrisTestSuitesBase.runWithScoreCounter(TetrisTestSuitesBase.scala:14)
	at app//tetris.TetrisTestSuite3_2.run(TetrisTestSuite3_2.scala:25)
	at app//org.scalatestplus.junit.JUnitRunner.run(JUnitRunner.scala:99)
	at org.gradle.api.internal.tasks.testing.junit.JUnitTestClassExecutor.runTestClass(JUnitTestClassExecutor.java:112)
	at org.gradle.api.internal.tasks.testing.junit.JUnitTestClassExecutor.execute(JUnitTestClassExecutor.java:58)
	at org.gradle.api.internal.tasks.testing.junit.JUnitTestClassExecutor.execute(JUnitTestClassExecutor.java:40)
	at org.gradle.api.internal.tasks.testing.junit.AbstractJUnitTestClassProcessor.processTestClass(AbstractJUnitTestClassProcessor.java:54)
	at org.gradle.api.internal.tasks.testing.SuiteTestClassProcessor.processTestClass(SuiteTestClassProcessor.java:53)
	at java.base@11.0.24/jdk.internal.reflect.NativeMethodAccessorImpl.invoke0(Native Method)
	at java.base@11.0.24/jdk.internal.reflect.NativeMethodAccessorImpl.invoke(NativeMethodAccessorImpl.java:62)
	at java.base@11.0.24/jdk.internal.reflect.DelegatingMethodAccessorImpl.invoke(DelegatingMethodAccessorImpl.java:43)
	at java.base@11.0.24/java.lang.reflect.Method.invoke(Method.java:566)
	at org.gradle.internal.dispatch.ReflectionDispatch.dispatch(ReflectionDispatch.java:36)
	at org.gradle.internal.dispatch.ReflectionDispatch.dispatch(ReflectionDispatch.java:24)
	at org.gradle.internal.dispatch.ContextClassLoaderDispatch.dispatch(ContextClassLoaderDispatch.java:33)
	at org.gradle.internal.dispatch.ProxyDispatchAdapter$DispatchingInvocationHandler.invoke(ProxyDispatchAdapter.java:92)
	at com.sun.proxy.$Proxy4.processTestClass(Unknown Source)
	at org.gradle.api.internal.tasks.testing.worker.TestWorker$2.run(TestWorker.java:183)
	at org.gradle.api.internal.tasks.testing.worker.TestWorker.executeAndMaintainThreadName(TestWorker.java:132)
	at org.gradle.api.internal.tasks.testing.worker.TestWorker.execute(TestWorker.java:103)
	at org.gradle.api.internal.tasks.testing.worker.TestWorker.execute(TestWorker.java:63)
	at org.gradle.process.internal.worker.child.ActionExecutionWorker.execute(ActionExecutionWorker.java:56)
	at org.gradle.process.internal.worker.child.SystemApplicationClassLoaderWorker.call(SystemApplicationClassLoaderWorker.java:121)
	at org.gradle.process.internal.worker.child.SystemApplicationClassLoaderWorker.call(SystemApplicationClassLoaderWorker.java:71)
	at app//worker.org.gradle.process.internal.worker.GradleWorkerMain.run(GradleWorkerMain.java:69)
	at app//worker.org.gradle.process.internal.worker.GradleWorkerMain.main(GradleWorkerMain.java:74)
</failure>
  </testcase>
  <testcase name="testMoveOutRight" classname="tetris.BlockedTests" time="0.009">
    <failure message="org.scalatest.exceptions.TestFailedException: didPass was false&#10;Hint: Trying to move out of the screen on the right side has no effect&#10;--------------------------------------------------------------------------------&#10;This is what went wrong:&#10;&#10;step=0, rand=2, actions=&lt;&gt;&#10;Want   | Got âœ—                                                                                                                                    &#10;--------------------------------------------------------------------------------------------------------------------------------------------------&#10;...L.. | LogicFailed(java.util.NoSuchElementException: key not found: (3,0)                                                                       &#10;.LLL.. | &#9;at scala.collection.immutable.BitmapIndexedMapNode.apply(HashMap.scala:674)                                                             &#10;...... | &#9;at scala.collection.immutable.HashMap.apply(HashMap.scala:132)                                                                          &#10;       | &#9;at tetris.logic.TetrisLogic.getCellType(TetrisLogic.scala:49)                                                                           &#10;       | &#9;at tetris.TetrisLogicWrapper.getCell(TetrisTestSuiteBase.scala:48)                                                                      &#10;       | &#9;at tetris.TetrisLogicWrapper.getCell(TetrisTestSuiteBase.scala:34)                                                                      &#10;       | &#9;at generic.GameTestSuite.$anonfun$getDisplay$2(GameTestSuite.scala:138)                                                                 &#10;       | &#9;at generic.GameTestSuite.$anonfun$getDisplay$2$adapted(GameTestSuite.scala:137)                                                         &#10;       | &#9;at scala.collection.immutable.Range.map(Range.scala:59)                                                                                 &#10;       | &#9;at generic.GameTestSuite.$anonfun$getDisplay$1(GameTestSuite.scala:137)                                                                 &#10;       | &#9;at generic.GameTestSuite.$anonfun$getDisplay$1$adapted(GameTestSuite.scala:136)                                                         &#10;       | &#9;at scala.collection.immutable.Range.map(Range.scala:59)                                                                                 &#10;       | &#9;at generic.GameTestSuite.getGridDisplay$1(GameTestSuite.scala:136)                                                                      &#10;       | &#9;at generic.GameTestSuite.getDisplay(GameTestSuite.scala:143)                                                                            &#10;       | &#9;at generic.GameTestSuite$TestRecording.$anonfun$implementationDisplays$1(GameTestSuite.scala:190)                                       &#10;       | &#9;at generic.GameTestSuite$TestRecording.catchLogicError$1(GameTestSuite.scala:182)                                                       &#10;       | &#9;at generic.GameTestSuite$TestRecording.liftedTree1$1(GameTestSuite.scala:190)                                                           &#10;       | &#9;at generic.GameTestSuite$TestRecording.implementationDisplays$lzycompute(GameTestSuite.scala:187)                                       &#10;       | &#9;at generic.GameTestSuite$TestRecording.implementationDisplays(GameTestSuite.scala:178)                                                  &#10;       | &#9;at generic.GameTestSuite$TestRecording.passes$lzycompute(GameTestSuite.scala:208)                                                       &#10;       | &#9;at generic.GameTestSuite$TestRecording.passes(GameTestSuite.scala:207)                                                                  &#10;       | &#9;at generic.GameTestSuite.checkGame(GameTestSuite.scala:290)                                                                             &#10;       | &#9;at tetris.TetrisTestSuiteBase.checkGame(TetrisTestSuiteBase.scala:103)                                                                  &#10;       | &#9;at tetris.BlockedTests.$anonfun$new$2(BlockedTests.scala:47)                                                                            &#10;       | &#9;at scala.runtime.java8.JFunction0$mcV$sp.apply(JFunction0$mcV$sp.scala:18)                                                              &#10;       | &#9;at infrastructure.TestBase.$anonfun$test$1(TestBase.scala:36)                                                                           &#10;       | &#9;at org.scalatest.OutcomeOf.outcomeOf(OutcomeOf.scala:85)                                                                                &#10;       | &#9;at org.scalatest.OutcomeOf.outcomeOf$(OutcomeOf.scala:83)                                                                               &#10;       | &#9;at org.scalatest.OutcomeOf$.outcomeOf(OutcomeOf.scala:104)                                                                              &#10;       | &#9;at org.scalatest.Transformer.apply(Transformer.scala:22)                                                                                &#10;       | &#9;at org.scalatest.Transformer.apply(Transformer.scala:20)                                                                                &#10;       | &#9;at org.scalatest.FunSuiteLike$$anon$1.apply(FunSuiteLike.scala:186)                                                                     &#10;       | &#9;at org.scalatest.TestSuite.withFixture(TestSuite.scala:196)                                                                             &#10;       | &#9;at org.scalatest.TestSuite.withFixture$(TestSuite.scala:195)                                                                            &#10;       | &#9;at infrastructure.TestBase.org$scalatest$concurrent$TimeLimitedTests$$super$withFixture(TestBase.scala:9)                               &#10;       | &#9;at org.scalatest.concurrent.TimeLimitedTests.$anonfun$withFixture$3(TimeLimitedTests.scala:154)                                         &#10;       | &#9;at org.scalatest.enablers.Timed$$anon$1.timeoutAfter(Timed.scala:127)                                                                   &#10;       | &#9;at org.scalatest.concurrent.TimeLimits.failAfterImpl(TimeLimits.scala:239)                                                              &#10;       | &#9;at org.scalatest.concurrent.TimeLimits.failAfterImpl$(TimeLimits.scala:233)                                                             &#10;       | &#9;at org.scalatest.concurrent.TimeLimits$.failAfterImpl(TimeLimits.scala:305)                                                             &#10;       | &#9;at org.scalatest.concurrent.TimeLimitedTests.withFixture(TimeLimitedTests.scala:153)                                                    &#10;       | &#9;at org.scalatest.concurrent.TimeLimitedTests.withFixture$(TimeLimitedTests.scala:150)                                                   &#10;       | &#9;at infrastructure.TestBase.withFixture(TestBase.scala:9)                                                                                &#10;       | &#9;at org.scalatest.FunSuiteLike.invokeWithFixture$1(FunSuiteLike.scala:184)                                                               &#10;       | &#9;at org.scalatest.FunSuiteLike.$anonfun$runTest$1(FunSuiteLike.scala:196)                                                                &#10;       | &#9;at org.scalatest.SuperEngine.runTestImpl(Engine.scala:286)                                                                              &#10;       | &#9;at org.scalatest.FunSuiteLike.runTest(FunSuiteLike.scala:196)                                                                           &#10;       | &#9;at org.scalatest.FunSuiteLike.runTest$(FunSuiteLike.scala:178)                                                                          &#10;       | &#9;at org.scalatest.FunSuite.runTest(FunSuite.scala:1560)                                                                                  &#10;       | &#9;at org.scalatest.FunSuiteLike.$anonfun$runTests$1(FunSuiteLike.scala:229)                                                               &#10;       | &#9;at org.scalatest.SuperEngine.$anonfun$runTestsInBranch$1(Engine.scala:393)                                                              &#10;       | &#9;at scala.collection.immutable.List.foreach(List.scala:334)                                                                              &#10;       | &#9;at org.scalatest.SuperEngine.traverseSubNodes$1(Engine.scala:381)                                                                       &#10;       | &#9;at org.scalatest.SuperEngine.runTestsInBranch(Engine.scala:376)                                                                         &#10;       | &#9;at org.scalatest.SuperEngine.runTestsImpl(Engine.scala:458)                                                                             &#10;       | &#9;at org.scalatest.FunSuiteLike.runTests(FunSuiteLike.scala:229)                                                                          &#10;       | &#9;at org.scalatest.FunSuiteLike.runTests$(FunSuiteLike.scala:228)                                                                         &#10;       | &#9;at org.scalatest.FunSuite.runTests(FunSuite.scala:1560)                                                                                 &#10;       | &#9;at org.scalatest.Suite.run(Suite.scala:1124)                                                                                            &#10;       | &#9;at org.scalatest.Suite.run$(Suite.scala:1106)                                                                                           &#10;       | &#9;at org.scalatest.FunSuite.org$scalatest$FunSuiteLike$$super$run(FunSuite.scala:1560)                                                    &#10;       | &#9;at org.scalatest.FunSuiteLike.$anonfun$run$1(FunSuiteLike.scala:233)                                                                    &#10;       | &#9;at org.scalatest.SuperEngine.runImpl(Engine.scala:518)                                                                                  &#10;       | &#9;at org.scalatest.FunSuiteLike.run(FunSuiteLike.scala:233)                                                                               &#10;       | &#9;at org.scalatest.FunSuiteLike.run$(FunSuiteLike.scala:232)                                                                              &#10;       | &#9;at infrastructure.TestBase.run(TestBase.scala:26)                                                                                       &#10;       | &#9;at org.scalatest.Suite.callExecuteOnSuite$1(Suite.scala:1187)                                                                           &#10;       | &#9;at org.scalatest.Suite.$anonfun$runNestedSuites$1(Suite.scala:1234)                                                                     &#10;       | &#9;at scala.collection.ArrayOps$.foreach$extension(ArrayOps.scala:1323)                                                                    &#10;       | &#9;at org.scalatest.Suite.runNestedSuites(Suite.scala:1232)                                                                                &#10;       | &#9;at org.scalatest.Suite.runNestedSuites$(Suite.scala:1166)                                                                               &#10;       | &#9;at org.scalatest.Suites.runNestedSuites(Suites.scala:56)                                                                                &#10;       | &#9;at org.scalatest.Suite.run(Suite.scala:1121)                                                                                            &#10;       | &#9;at org.scalatest.Suite.run$(Suite.scala:1106)                                                                                           &#10;       | &#9;at tetris.TetrisTestSuitesBase.runDirect(TetrisTestSuitesBase.scala:20)                                                                 &#10;       | &#9;at tetris.TetrisTestSuitesBase.runWithScoreCounter(TetrisTestSuitesBase.scala:14)                                                       &#10;       | &#9;at tetris.TetrisTestSuite3_2.run(TetrisTestSuite3_2.scala:25)                                                                           &#10;       | &#9;at org.scalatestplus.junit.JUnitRunner.run(JUnitRunner.scala:99)                                                                        &#10;       | &#9;at org.gradle.api.internal.tasks.testing.junit.JUnitTestClassExecutor.runTestClass(JUnitTestClassExecutor.java:112)                     &#10;       | &#9;at org.gradle.api.internal.tasks.testing.junit.JUnitTestClassExecutor.execute(JUnitTestClassExecutor.java:58)                           &#10;       | &#9;at org.gradle.api.internal.tasks.testing.junit.JUnitTestClassExecutor.execute(JUnitTestClassExecutor.java:40)                           &#10;       | &#9;at org.gradle.api.internal.tasks.testing.junit.AbstractJUnitTestClassProcessor.processTestClass(AbstractJUnitTestClassProcessor.java:54)&#10;       | &#9;at org.gradle.api.internal.tasks.testing.SuiteTestClassProcessor.processTestClass(SuiteTestClassProcessor.java:53)                      &#10;       | &#9;at java.base/jdk.internal.reflect.NativeMethodAccessorImpl.invoke0(Native Method)                                                       &#10;       | &#9;at java.base/jdk.internal.reflect.NativeMethodAccessorImpl.invoke(NativeMethodAccessorImpl.java:62)                                     &#10;       | &#9;at java.base/jdk.internal.reflect.DelegatingMethodAccessorImpl.invoke(DelegatingMethodAccessorImpl.java:43)                             &#10;       | &#9;at java.base/java.lang.reflect.Method.invoke(Method.java:566)                                                                           &#10;       | &#9;at org.gradle.internal.dispatch.ReflectionDispatch.dispatch(ReflectionDispatch.java:36)                                                 &#10;       | &#9;at org.gradle.internal.dispatch.ReflectionDispatch.dispatch(ReflectionDispatch.java:24)                                                 &#10;       | &#9;at org.gradle.internal.dispatch.ContextClassLoaderDispatch.dispatch(ContextClassLoaderDispatch.java:33)                                 &#10;       | &#9;at org.gradle.internal.dispatch.ProxyDispatchAdapter$DispatchingInvocationHandler.invoke(ProxyDispatchAdapter.java:92)                  &#10;       | &#9;at com.sun.proxy.$Proxy4.processTestClass(Unknown Source)                                                                               &#10;       | &#9;at org.gradle.api.internal.tasks.testing.worker.TestWorker$2.run(TestWorker.java:183)                                                   &#10;       | &#9;at org.gradle.api.internal.tasks.testing.worker.TestWorker.executeAndMaintainThreadName(TestWorker.java:132)                            &#10;       | &#9;at org.gradle.api.internal.tasks.testing.worker.TestWorker.execute(TestWorker.java:103)                                                 &#10;       | &#9;at org.gradle.api.internal.tasks.testing.worker.TestWorker.execute(TestWorker.java:63)                                                  &#10;       | &#9;at org.gradle.process.internal.worker.child.ActionExecutionWorker.execute(ActionExecutionWorker.java:56)                                &#10;       | &#9;at org.gradle.process.internal.worker.child.SystemApplicationClassLoaderWorker.call(SystemApplicationClassLoaderWorker.java:121)        &#10;       | &#9;at org.gradle.process.internal.worker.child.SystemApplicationClassLoaderWorker.call(SystemApplicationClassLoaderWorker.java:71)         &#10;       | &#9;at worker.org.gradle.process.internal.worker.GradleWorkerMain.run(GradleWorkerMain.java:69)                                             &#10;       | &#9;at worker.org.gradle.process.internal.worker.GradleWorkerMain.main(GradleWorkerMain.java:74)                                            &#10;       | )                                                                                                                                        &#10;&#10;" type="org.scalatest.exceptions.TestFailedException">org.scalatest.exceptions.TestFailedException: didPass was false
Hint: Trying to move out of the screen on the right side has no effect
--------------------------------------------------------------------------------
This is what went wrong:

step=0, rand=2, actions=&lt;&gt;
Want   | Got âœ—                                                                                                                                    
--------------------------------------------------------------------------------------------------------------------------------------------------
...L.. | LogicFailed(java.util.NoSuchElementException: key not found: (3,0)                                                                       
.LLL.. | 	at scala.collection.immutable.BitmapIndexedMapNode.apply(HashMap.scala:674)                                                             
...... | 	at scala.collection.immutable.HashMap.apply(HashMap.scala:132)                                                                          
       | 	at tetris.logic.TetrisLogic.getCellType(TetrisLogic.scala:49)                                                                           
       | 	at tetris.TetrisLogicWrapper.getCell(TetrisTestSuiteBase.scala:48)                                                                      
       | 	at tetris.TetrisLogicWrapper.getCell(TetrisTestSuiteBase.scala:34)                                                                      
       | 	at generic.GameTestSuite.$anonfun$getDisplay$2(GameTestSuite.scala:138)                                                                 
       | 	at generic.GameTestSuite.$anonfun$getDisplay$2$adapted(GameTestSuite.scala:137)                                                         
       | 	at scala.collection.immutable.Range.map(Range.scala:59)                                                                                 
       | 	at generic.GameTestSuite.$anonfun$getDisplay$1(GameTestSuite.scala:137)                                                                 
       | 	at generic.GameTestSuite.$anonfun$getDisplay$1$adapted(GameTestSuite.scala:136)                                                         
       | 	at scala.collection.immutable.Range.map(Range.scala:59)                                                                                 
       | 	at generic.GameTestSuite.getGridDisplay$1(GameTestSuite.scala:136)                                                                      
       | 	at generic.GameTestSuite.getDisplay(GameTestSuite.scala:143)                                                                            
       | 	at generic.GameTestSuite$TestRecording.$anonfun$implementationDisplays$1(GameTestSuite.scala:190)                                       
       | 	at generic.GameTestSuite$TestRecording.catchLogicError$1(GameTestSuite.scala:182)                                                       
       | 	at generic.GameTestSuite$TestRecording.liftedTree1$1(GameTestSuite.scala:190)                                                           
       | 	at generic.GameTestSuite$TestRecording.implementationDisplays$lzycompute(GameTestSuite.scala:187)                                       
       | 	at generic.GameTestSuite$TestRecording.implementationDisplays(GameTestSuite.scala:178)                                                  
       | 	at generic.GameTestSuite$TestRecording.passes$lzycompute(GameTestSuite.scala:208)                                                       
       | 	at generic.GameTestSuite$TestRecording.passes(GameTestSuite.scala:207)                                                                  
       | 	at generic.GameTestSuite.checkGame(GameTestSuite.scala:290)                                                                             
       | 	at tetris.TetrisTestSuiteBase.checkGame(TetrisTestSuiteBase.scala:103)                                                                  
       | 	at tetris.BlockedTests.$anonfun$new$2(BlockedTests.scala:47)                                                                            
       | 	at scala.runtime.java8.JFunction0$mcV$sp.apply(JFunction0$mcV$sp.scala:18)                                                              
       | 	at infrastructure.TestBase.$anonfun$test$1(TestBase.scala:36)                                                                           
       | 	at org.scalatest.OutcomeOf.outcomeOf(OutcomeOf.scala:85)                                                                                
       | 	at org.scalatest.OutcomeOf.outcomeOf$(OutcomeOf.scala:83)                                                                               
       | 	at org.scalatest.OutcomeOf$.outcomeOf(OutcomeOf.scala:104)                                                                              
       | 	at org.scalatest.Transformer.apply(Transformer.scala:22)                                                                                
       | 	at org.scalatest.Transformer.apply(Transformer.scala:20)                                                                                
       | 	at org.scalatest.FunSuiteLike$$anon$1.apply(FunSuiteLike.scala:186)                                                                     
       | 	at org.scalatest.TestSuite.withFixture(TestSuite.scala:196)                                                                             
       | 	at org.scalatest.TestSuite.withFixture$(TestSuite.scala:195)                                                                            
       | 	at infrastructure.TestBase.org$scalatest$concurrent$TimeLimitedTests$$super$withFixture(TestBase.scala:9)                               
       | 	at org.scalatest.concurrent.TimeLimitedTests.$anonfun$withFixture$3(TimeLimitedTests.scala:154)                                         
       | 	at org.scalatest.enablers.Timed$$anon$1.timeoutAfter(Timed.scala:127)                                                                   
       | 	at org.scalatest.concurrent.TimeLimits.failAfterImpl(TimeLimits.scala:239)                                                              
       | 	at org.scalatest.concurrent.TimeLimits.failAfterImpl$(TimeLimits.scala:233)                                                             
       | 	at org.scalatest.concurrent.TimeLimits$.failAfterImpl(TimeLimits.scala:305)                                                             
       | 	at org.scalatest.concurrent.TimeLimitedTests.withFixture(TimeLimitedTests.scala:153)                                                    
       | 	at org.scalatest.concurrent.TimeLimitedTests.withFixture$(TimeLimitedTests.scala:150)                                                   
       | 	at infrastructure.TestBase.withFixture(TestBase.scala:9)                                                                                
       | 	at org.scalatest.FunSuiteLike.invokeWithFixture$1(FunSuiteLike.scala:184)                                                               
       | 	at org.scalatest.FunSuiteLike.$anonfun$runTest$1(FunSuiteLike.scala:196)                                                                
       | 	at org.scalatest.SuperEngine.runTestImpl(Engine.scala:286)                                                                              
       | 	at org.scalatest.FunSuiteLike.runTest(FunSuiteLike.scala:196)                                                                           
       | 	at org.scalatest.FunSuiteLike.runTest$(FunSuiteLike.scala:178)                                                                          
       | 	at org.scalatest.FunSuite.runTest(FunSuite.scala:1560)                                                                                  
       | 	at org.scalatest.FunSuiteLike.$anonfun$runTests$1(FunSuiteLike.scala:229)                                                               
       | 	at org.scalatest.SuperEngine.$anonfun$runTestsInBranch$1(Engine.scala:393)                                                              
       | 	at scala.collection.immutable.List.foreach(List.scala:334)                                                                              
       | 	at org.scalatest.SuperEngine.traverseSubNodes$1(Engine.scala:381)                                                                       
       | 	at org.scalatest.SuperEngine.runTestsInBranch(Engine.scala:376)                                                                         
       | 	at org.scalatest.SuperEngine.runTestsImpl(Engine.scala:458)                                                                             
       | 	at org.scalatest.FunSuiteLike.runTests(FunSuiteLike.scala:229)                                                                          
       | 	at org.scalatest.FunSuiteLike.runTests$(FunSuiteLike.scala:228)                                                                         
       | 	at org.scalatest.FunSuite.runTests(FunSuite.scala:1560)                                                                                 
       | 	at org.scalatest.Suite.run(Suite.scala:1124)                                                                                            
       | 	at org.scalatest.Suite.run$(Suite.scala:1106)                                                                                           
       | 	at org.scalatest.FunSuite.org$scalatest$FunSuiteLike$$super$run(FunSuite.scala:1560)                                                    
       | 	at org.scalatest.FunSuiteLike.$anonfun$run$1(FunSuiteLike.scala:233)                                                                    
       | 	at org.scalatest.SuperEngine.runImpl(Engine.scala:518)                                                                                  
       | 	at org.scalatest.FunSuiteLike.run(FunSuiteLike.scala:233)                                                                               
       | 	at org.scalatest.FunSuiteLike.run$(FunSuiteLike.scala:232)                                                                              
       | 	at infrastructure.TestBase.run(TestBase.scala:26)                                                                                       
       | 	at org.scalatest.Suite.callExecuteOnSuite$1(Suite.scala:1187)                                                                           
       | 	at org.scalatest.Suite.$anonfun$runNestedSuites$1(Suite.scala:1234)                                                                     
       | 	at scala.collection.ArrayOps$.foreach$extension(ArrayOps.scala:1323)                                                                    
       | 	at org.scalatest.Suite.runNestedSuites(Suite.scala:1232)                                                                                
       | 	at org.scalatest.Suite.runNestedSuites$(Suite.scala:1166)                                                                               
       | 	at org.scalatest.Suites.runNestedSuites(Suites.scala:56)                                                                                
       | 	at org.scalatest.Suite.run(Suite.scala:1121)                                                                                            
       | 	at org.scalatest.Suite.run$(Suite.scala:1106)                                                                                           
       | 	at tetris.TetrisTestSuitesBase.runDirect(TetrisTestSuitesBase.scala:20)                                                                 
       | 	at tetris.TetrisTestSuitesBase.runWithScoreCounter(TetrisTestSuitesBase.scala:14)                                                       
       | 	at tetris.TetrisTestSuite3_2.run(TetrisTestSuite3_2.scala:25)                                                                           
       | 	at org.scalatestplus.junit.JUnitRunner.run(JUnitRunner.scala:99)                                                                        
       | 	at org.gradle.api.internal.tasks.testing.junit.JUnitTestClassExecutor.runTestClass(JUnitTestClassExecutor.java:112)                     
       | 	at org.gradle.api.internal.tasks.testing.junit.JUnitTestClassExecutor.execute(JUnitTestClassExecutor.java:58)                           
       | 	at org.gradle.api.internal.tasks.testing.junit.JUnitTestClassExecutor.execute(JUnitTestClassExecutor.java:40)                           
       | 	at org.gradle.api.internal.tasks.testing.junit.AbstractJUnitTestClassProcessor.processTestClass(AbstractJUnitTestClassProcessor.java:54)
       | 	at org.gradle.api.internal.tasks.testing.SuiteTestClassProcessor.processTestClass(SuiteTestClassProcessor.java:53)                      
       | 	at java.base/jdk.internal.reflect.NativeMethodAccessorImpl.invoke0(Native Method)                                                       
       | 	at java.base/jdk.internal.reflect.NativeMethodAccessorImpl.invoke(NativeMethodAccessorImpl.java:62)                                     
       | 	at java.base/jdk.internal.reflect.DelegatingMethodAccessorImpl.invoke(DelegatingMethodAccessorImpl.java:43)                             
       | 	at java.base/java.lang.reflect.Method.invoke(Method.java:566)                                                                           
       | 	at org.gradle.internal.dispatch.ReflectionDispatch.dispatch(ReflectionDispatch.java:36)                                                 
       | 	at org.gradle.internal.dispatch.ReflectionDispatch.dispatch(ReflectionDispatch.java:24)                                                 
       | 	at org.gradle.internal.dispatch.ContextClassLoaderDispatch.dispatch(ContextClassLoaderDispatch.java:33)                                 
       | 	at org.gradle.internal.dispatch.ProxyDispatchAdapter$DispatchingInvocationHandler.invoke(ProxyDispatchAdapter.java:92)                  
       | 	at com.sun.proxy.$Proxy4.processTestClass(Unknown Source)                                                                               
       | 	at org.gradle.api.internal.tasks.testing.worker.TestWorker$2.run(TestWorker.java:183)                                                   
       | 	at org.gradle.api.internal.tasks.testing.worker.TestWorker.executeAndMaintainThreadName(TestWorker.java:132)                            
       | 	at org.gradle.api.internal.tasks.testing.worker.TestWorker.execute(TestWorker.java:103)                                                 
       | 	at org.gradle.api.internal.tasks.testing.worker.TestWorker.execute(TestWorker.java:63)                                                  
       | 	at org.gradle.process.internal.worker.child.ActionExecutionWorker.execute(ActionExecutionWorker.java:56)                                
       | 	at org.gradle.process.internal.worker.child.SystemApplicationClassLoaderWorker.call(SystemApplicationClassLoaderWorker.java:121)        
       | 	at org.gradle.process.internal.worker.child.SystemApplicationClassLoaderWorker.call(SystemApplicationClassLoaderWorker.java:71)         
       | 	at worker.org.gradle.process.internal.worker.GradleWorkerMain.run(GradleWorkerMain.java:69)                                             
       | 	at worker.org.gradle.process.internal.worker.GradleWorkerMain.main(GradleWorkerMain.java:74)                                            
       | )                                                                                                                                        


	at app//org.scalatest.Assertions.newAssertionFailedException(Assertions.scala:530)
	at app//org.scalatest.Assertions.newAssertionFailedException$(Assertions.scala:529)
	at app//org.scalatest.FunSuite.newAssertionFailedException(FunSuite.scala:1560)
	at app//org.scalatest.Assertions$AssertionsHelper.macroAssert(Assertions.scala:503)
	at app//generic.GameTestSuite.checkGame(GameTestSuite.scala:298)
	at app//tetris.TetrisTestSuiteBase.checkGame(TetrisTestSuiteBase.scala:103)
	at app//tetris.BlockedTests.$anonfun$new$2(BlockedTests.scala:47)
	at app//scala.runtime.java8.JFunction0$mcV$sp.apply(JFunction0$mcV$sp.scala:18)
	at app//infrastructure.TestBase.$anonfun$test$1(TestBase.scala:36)
	at app//org.scalatest.OutcomeOf.outcomeOf(OutcomeOf.scala:85)
	at app//org.scalatest.OutcomeOf.outcomeOf$(OutcomeOf.scala:83)
	at app//org.scalatest.OutcomeOf$.outcomeOf(OutcomeOf.scala:104)
	at app//org.scalatest.Transformer.apply(Transformer.scala:22)
	at app//org.scalatest.Transformer.apply(Transformer.scala:20)
	at app//org.scalatest.FunSuiteLike$$anon$1.apply(FunSuiteLike.scala:186)
	at app//org.scalatest.TestSuite.withFixture(TestSuite.scala:196)
	at app//org.scalatest.TestSuite.withFixture$(TestSuite.scala:195)
	at app//infrastructure.TestBase.org$scalatest$concurrent$TimeLimitedTests$$super$withFixture(TestBase.scala:9)
	at app//org.scalatest.concurrent.TimeLimitedTests.$anonfun$withFixture$3(TimeLimitedTests.scala:154)
	at app//org.scalatest.enablers.Timed$$anon$1.timeoutAfter(Timed.scala:127)
	at app//org.scalatest.concurrent.TimeLimits.failAfterImpl(TimeLimits.scala:239)
	at app//org.scalatest.concurrent.TimeLimits.failAfterImpl$(TimeLimits.scala:233)
	at app//org.scalatest.concurrent.TimeLimits$.failAfterImpl(TimeLimits.scala:305)
	at app//org.scalatest.concurrent.TimeLimitedTests.withFixture(TimeLimitedTests.scala:153)
	at app//org.scalatest.concurrent.TimeLimitedTests.withFixture$(TimeLimitedTests.scala:150)
	at app//infrastructure.TestBase.withFixture(TestBase.scala:9)
	at app//org.scalatest.FunSuiteLike.invokeWithFixture$1(FunSuiteLike.scala:184)
	at app//org.scalatest.FunSuiteLike.$anonfun$runTest$1(FunSuiteLike.scala:196)
	at app//org.scalatest.SuperEngine.runTestImpl(Engine.scala:286)
	at app//org.scalatest.FunSuiteLike.runTest(FunSuiteLike.scala:196)
	at app//org.scalatest.FunSuiteLike.runTest$(FunSuiteLike.scala:178)
	at app//org.scalatest.FunSuite.runTest(FunSuite.scala:1560)
	at app//org.scalatest.FunSuiteLike.$anonfun$runTests$1(FunSuiteLike.scala:229)
	at app//org.scalatest.SuperEngine.$anonfun$runTestsInBranch$1(Engine.scala:393)
	at app//scala.collection.immutable.List.foreach(List.scala:334)
	at app//org.scalatest.SuperEngine.traverseSubNodes$1(Engine.scala:381)
	at app//org.scalatest.SuperEngine.runTestsInBranch(Engine.scala:376)
	at app//org.scalatest.SuperEngine.runTestsImpl(Engine.scala:458)
	at app//org.scalatest.FunSuiteLike.runTests(FunSuiteLike.scala:229)
	at app//org.scalatest.FunSuiteLike.runTests$(FunSuiteLike.scala:228)
	at app//org.scalatest.FunSuite.runTests(FunSuite.scala:1560)
	at app//org.scalatest.Suite.run(Suite.scala:1124)
	at app//org.scalatest.Suite.run$(Suite.scala:1106)
	at app//org.scalatest.FunSuite.org$scalatest$FunSuiteLike$$super$run(FunSuite.scala:1560)
	at app//org.scalatest.FunSuiteLike.$anonfun$run$1(FunSuiteLike.scala:233)
	at app//org.scalatest.SuperEngine.runImpl(Engine.scala:518)
	at app//org.scalatest.FunSuiteLike.run(FunSuiteLike.scala:233)
	at app//org.scalatest.FunSuiteLike.run$(FunSuiteLike.scala:232)
	at app//infrastructure.TestBase.run(TestBase.scala:26)
	at app//org.scalatest.Suite.callExecuteOnSuite$1(Suite.scala:1187)
	at app//org.scalatest.Suite.$anonfun$runNestedSuites$1(Suite.scala:1234)
	at app//scala.collection.ArrayOps$.foreach$extension(ArrayOps.scala:1323)
	at app//org.scalatest.Suite.runNestedSuites(Suite.scala:1232)
	at app//org.scalatest.Suite.runNestedSuites$(Suite.scala:1166)
	at app//org.scalatest.Suites.runNestedSuites(Suites.scala:56)
	at app//org.scalatest.Suite.run(Suite.scala:1121)
	at app//org.scalatest.Suite.run$(Suite.scala:1106)
	at app//tetris.TetrisTestSuitesBase.runDirect(TetrisTestSuitesBase.scala:20)
	at app//tetris.TetrisTestSuitesBase.runWithScoreCounter(TetrisTestSuitesBase.scala:14)
	at app//tetris.TetrisTestSuite3_2.run(TetrisTestSuite3_2.scala:25)
	at app//org.scalatestplus.junit.JUnitRunner.run(JUnitRunner.scala:99)
	at org.gradle.api.internal.tasks.testing.junit.JUnitTestClassExecutor.runTestClass(JUnitTestClassExecutor.java:112)
	at org.gradle.api.internal.tasks.testing.junit.JUnitTestClassExecutor.execute(JUnitTestClassExecutor.java:58)
	at org.gradle.api.internal.tasks.testing.junit.JUnitTestClassExecutor.execute(JUnitTestClassExecutor.java:40)
	at org.gradle.api.internal.tasks.testing.junit.AbstractJUnitTestClassProcessor.processTestClass(AbstractJUnitTestClassProcessor.java:54)
	at org.gradle.api.internal.tasks.testing.SuiteTestClassProcessor.processTestClass(SuiteTestClassProcessor.java:53)
	at java.base@11.0.24/jdk.internal.reflect.NativeMethodAccessorImpl.invoke0(Native Method)
	at java.base@11.0.24/jdk.internal.reflect.NativeMethodAccessorImpl.invoke(NativeMethodAccessorImpl.java:62)
	at java.base@11.0.24/jdk.internal.reflect.DelegatingMethodAccessorImpl.invoke(DelegatingMethodAccessorImpl.java:43)
	at java.base@11.0.24/java.lang.reflect.Method.invoke(Method.java:566)
	at org.gradle.internal.dispatch.ReflectionDispatch.dispatch(ReflectionDispatch.java:36)
	at org.gradle.internal.dispatch.ReflectionDispatch.dispatch(ReflectionDispatch.java:24)
	at org.gradle.internal.dispatch.ContextClassLoaderDispatch.dispatch(ContextClassLoaderDispatch.java:33)
	at org.gradle.internal.dispatch.ProxyDispatchAdapter$DispatchingInvocationHandler.invoke(ProxyDispatchAdapter.java:92)
	at com.sun.proxy.$Proxy4.processTestClass(Unknown Source)
	at org.gradle.api.internal.tasks.testing.worker.TestWorker$2.run(TestWorker.java:183)
	at org.gradle.api.internal.tasks.testing.worker.TestWorker.executeAndMaintainThreadName(TestWorker.java:132)
	at org.gradle.api.internal.tasks.testing.worker.TestWorker.execute(TestWorker.java:103)
	at org.gradle.api.internal.tasks.testing.worker.TestWorker.execute(TestWorker.java:63)
	at org.gradle.process.internal.worker.child.ActionExecutionWorker.execute(ActionExecutionWorker.java:56)
	at org.gradle.process.internal.worker.child.SystemApplicationClassLoaderWorker.call(SystemApplicationClassLoaderWorker.java:121)
	at org.gradle.process.internal.worker.child.SystemApplicationClassLoaderWorker.call(SystemApplicationClassLoaderWorker.java:71)
	at app//worker.org.gradle.process.internal.worker.GradleWorkerMain.run(GradleWorkerMain.java:69)
	at app//worker.org.gradle.process.internal.worker.GradleWorkerMain.main(GradleWorkerMain.java:74)
</failure>
  </testcase>
  <testcase name="testBlockedByBlocksLeft" classname="tetris.BlockedTests" time="0.031">
    <failure message="org.scalatest.exceptions.TestFailedException: didPass was false&#10;Hint: The current tetromino cannot move into existing blocksâ€”instead, the movement is&#10;ignored.&#10;--------------------------------------------------------------------------------&#10;This is what went wrong:&#10;&#10;step=0, rand=2, actions=&lt;&gt;&#10;Want   | Got âœ—                                                                                                                                    &#10;--------------------------------------------------------------------------------------------------------------------------------------------------&#10;O..L.. | LogicFailed(java.util.NoSuchElementException: key not found: (3,0)                                                                       &#10;OLLL.. | &#9;at scala.collection.immutable.BitmapIndexedMapNode.apply(HashMap.scala:674)                                                             &#10;O..... | &#9;at scala.collection.immutable.HashMap.apply(HashMap.scala:132)                                                                          &#10;       | &#9;at tetris.logic.TetrisLogic.getCellType(TetrisLogic.scala:49)                                                                           &#10;       | &#9;at tetris.TetrisLogicWrapper.getCell(TetrisTestSuiteBase.scala:48)                                                                      &#10;       | &#9;at tetris.TetrisLogicWrapper.getCell(TetrisTestSuiteBase.scala:34)                                                                      &#10;       | &#9;at generic.GameTestSuite.$anonfun$getDisplay$2(GameTestSuite.scala:138)                                                                 &#10;       | &#9;at generic.GameTestSuite.$anonfun$getDisplay$2$adapted(GameTestSuite.scala:137)                                                         &#10;       | &#9;at scala.collection.immutable.Range.map(Range.scala:59)                                                                                 &#10;       | &#9;at generic.GameTestSuite.$anonfun$getDisplay$1(GameTestSuite.scala:137)                                                                 &#10;       | &#9;at generic.GameTestSuite.$anonfun$getDisplay$1$adapted(GameTestSuite.scala:136)                                                         &#10;       | &#9;at scala.collection.immutable.Range.map(Range.scala:59)                                                                                 &#10;       | &#9;at generic.GameTestSuite.getGridDisplay$1(GameTestSuite.scala:136)                                                                      &#10;       | &#9;at generic.GameTestSuite.getDisplay(GameTestSuite.scala:143)                                                                            &#10;       | &#9;at generic.GameTestSuite$TestRecording.$anonfun$implementationDisplays$1(GameTestSuite.scala:190)                                       &#10;       | &#9;at generic.GameTestSuite$TestRecording.catchLogicError$1(GameTestSuite.scala:182)                                                       &#10;       | &#9;at generic.GameTestSuite$TestRecording.liftedTree1$1(GameTestSuite.scala:190)                                                           &#10;       | &#9;at generic.GameTestSuite$TestRecording.implementationDisplays$lzycompute(GameTestSuite.scala:187)                                       &#10;       | &#9;at generic.GameTestSuite$TestRecording.implementationDisplays(GameTestSuite.scala:178)                                                  &#10;       | &#9;at generic.GameTestSuite$TestRecording.passes$lzycompute(GameTestSuite.scala:208)                                                       &#10;       | &#9;at generic.GameTestSuite$TestRecording.passes(GameTestSuite.scala:207)                                                                  &#10;       | &#9;at generic.GameTestSuite.checkGame(GameTestSuite.scala:290)                                                                             &#10;       | &#9;at tetris.TetrisTestSuiteBase.checkGame(TetrisTestSuiteBase.scala:106)                                                                  &#10;       | &#9;at tetris.BlockedTests.$anonfun$new$3(BlockedTests.scala:63)                                                                            &#10;       | &#9;at scala.runtime.java8.JFunction0$mcV$sp.apply(JFunction0$mcV$sp.scala:18)                                                              &#10;       | &#9;at infrastructure.TestBase.$anonfun$test$1(TestBase.scala:36)                                                                           &#10;       | &#9;at org.scalatest.OutcomeOf.outcomeOf(OutcomeOf.scala:85)                                                                                &#10;       | &#9;at org.scalatest.OutcomeOf.outcomeOf$(OutcomeOf.scala:83)                                                                               &#10;       | &#9;at org.scalatest.OutcomeOf$.outcomeOf(OutcomeOf.scala:104)                                                                              &#10;       | &#9;at org.scalatest.Transformer.apply(Transformer.scala:22)                                                                                &#10;       | &#9;at org.scalatest.Transformer.apply(Transformer.scala:20)                                                                                &#10;       | &#9;at org.scalatest.FunSuiteLike$$anon$1.apply(FunSuiteLike.scala:186)                                                                     &#10;       | &#9;at org.scalatest.TestSuite.withFixture(TestSuite.scala:196)                                                                             &#10;       | &#9;at org.scalatest.TestSuite.withFixture$(TestSuite.scala:195)                                                                            &#10;       | &#9;at infrastructure.TestBase.org$scalatest$concurrent$TimeLimitedTests$$super$withFixture(TestBase.scala:9)                               &#10;       | &#9;at org.scalatest.concurrent.TimeLimitedTests.$anonfun$withFixture$3(TimeLimitedTests.scala:154)                                         &#10;       | &#9;at org.scalatest.enablers.Timed$$anon$1.timeoutAfter(Timed.scala:127)                                                                   &#10;       | &#9;at org.scalatest.concurrent.TimeLimits.failAfterImpl(TimeLimits.scala:239)                                                              &#10;       | &#9;at org.scalatest.concurrent.TimeLimits.failAfterImpl$(TimeLimits.scala:233)                                                             &#10;       | &#9;at org.scalatest.concurrent.TimeLimits$.failAfterImpl(TimeLimits.scala:305)                                                             &#10;       | &#9;at org.scalatest.concurrent.TimeLimitedTests.withFixture(TimeLimitedTests.scala:153)                                                    &#10;       | &#9;at org.scalatest.concurrent.TimeLimitedTests.withFixture$(TimeLimitedTests.scala:150)                                                   &#10;       | &#9;at infrastructure.TestBase.withFixture(TestBase.scala:9)                                                                                &#10;       | &#9;at org.scalatest.FunSuiteLike.invokeWithFixture$1(FunSuiteLike.scala:184)                                                               &#10;       | &#9;at org.scalatest.FunSuiteLike.$anonfun$runTest$1(FunSuiteLike.scala:196)                                                                &#10;       | &#9;at org.scalatest.SuperEngine.runTestImpl(Engine.scala:286)                                                                              &#10;       | &#9;at org.scalatest.FunSuiteLike.runTest(FunSuiteLike.scala:196)                                                                           &#10;       | &#9;at org.scalatest.FunSuiteLike.runTest$(FunSuiteLike.scala:178)                                                                          &#10;       | &#9;at org.scalatest.FunSuite.runTest(FunSuite.scala:1560)                                                                                  &#10;       | &#9;at org.scalatest.FunSuiteLike.$anonfun$runTests$1(FunSuiteLike.scala:229)                                                               &#10;       | &#9;at org.scalatest.SuperEngine.$anonfun$runTestsInBranch$1(Engine.scala:393)                                                              &#10;       | &#9;at scala.collection.immutable.List.foreach(List.scala:334)                                                                              &#10;       | &#9;at org.scalatest.SuperEngine.traverseSubNodes$1(Engine.scala:381)                                                                       &#10;       | &#9;at org.scalatest.SuperEngine.runTestsInBranch(Engine.scala:376)                                                                         &#10;       | &#9;at org.scalatest.SuperEngine.runTestsImpl(Engine.scala:458)                                                                             &#10;       | &#9;at org.scalatest.FunSuiteLike.runTests(FunSuiteLike.scala:229)                                                                          &#10;       | &#9;at org.scalatest.FunSuiteLike.runTests$(FunSuiteLike.scala:228)                                                                         &#10;       | &#9;at org.scalatest.FunSuite.runTests(FunSuite.scala:1560)                                                                                 &#10;       | &#9;at org.scalatest.Suite.run(Suite.scala:1124)                                                                                            &#10;       | &#9;at org.scalatest.Suite.run$(Suite.scala:1106)                                                                                           &#10;       | &#9;at org.scalatest.FunSuite.org$scalatest$FunSuiteLike$$super$run(FunSuite.scala:1560)                                                    &#10;       | &#9;at org.scalatest.FunSuiteLike.$anonfun$run$1(FunSuiteLike.scala:233)                                                                    &#10;       | &#9;at org.scalatest.SuperEngine.runImpl(Engine.scala:518)                                                                                  &#10;       | &#9;at org.scalatest.FunSuiteLike.run(FunSuiteLike.scala:233)                                                                               &#10;       | &#9;at org.scalatest.FunSuiteLike.run$(FunSuiteLike.scala:232)                                                                              &#10;       | &#9;at infrastructure.TestBase.run(TestBase.scala:26)                                                                                       &#10;       | &#9;at org.scalatest.Suite.callExecuteOnSuite$1(Suite.scala:1187)                                                                           &#10;       | &#9;at org.scalatest.Suite.$anonfun$runNestedSuites$1(Suite.scala:1234)                                                                     &#10;       | &#9;at scala.collection.ArrayOps$.foreach$extension(ArrayOps.scala:1323)                                                                    &#10;       | &#9;at org.scalatest.Suite.runNestedSuites(Suite.scala:1232)                                                                                &#10;       | &#9;at org.scalatest.Suite.runNestedSuites$(Suite.scala:1166)                                                                               &#10;       | &#9;at org.scalatest.Suites.runNestedSuites(Suites.scala:56)                                                                                &#10;       | &#9;at org.scalatest.Suite.run(Suite.scala:1121)                                                                                            &#10;       | &#9;at org.scalatest.Suite.run$(Suite.scala:1106)                                                                                           &#10;       | &#9;at tetris.TetrisTestSuitesBase.runDirect(TetrisTestSuitesBase.scala:20)                                                                 &#10;       | &#9;at tetris.TetrisTestSuitesBase.runWithScoreCounter(TetrisTestSuitesBase.scala:14)                                                       &#10;       | &#9;at tetris.TetrisTestSuite3_2.run(TetrisTestSuite3_2.scala:25)                                                                           &#10;       | &#9;at org.scalatestplus.junit.JUnitRunner.run(JUnitRunner.scala:99)                                                                        &#10;       | &#9;at org.gradle.api.internal.tasks.testing.junit.JUnitTestClassExecutor.runTestClass(JUnitTestClassExecutor.java:112)                     &#10;       | &#9;at org.gradle.api.internal.tasks.testing.junit.JUnitTestClassExecutor.execute(JUnitTestClassExecutor.java:58)                           &#10;       | &#9;at org.gradle.api.internal.tasks.testing.junit.JUnitTestClassExecutor.execute(JUnitTestClassExecutor.java:40)                           &#10;       | &#9;at org.gradle.api.internal.tasks.testing.junit.AbstractJUnitTestClassProcessor.processTestClass(AbstractJUnitTestClassProcessor.java:54)&#10;       | &#9;at org.gradle.api.internal.tasks.testing.SuiteTestClassProcessor.processTestClass(SuiteTestClassProcessor.java:53)                      &#10;       | &#9;at java.base/jdk.internal.reflect.NativeMethodAccessorImpl.invoke0(Native Method)                                                       &#10;       | &#9;at java.base/jdk.internal.reflect.NativeMethodAccessorImpl.invoke(NativeMethodAccessorImpl.java:62)                                     &#10;       | &#9;at java.base/jdk.internal.reflect.DelegatingMethodAccessorImpl.invoke(DelegatingMethodAccessorImpl.java:43)                             &#10;       | &#9;at java.base/java.lang.reflect.Method.invoke(Method.java:566)                                                                           &#10;       | &#9;at org.gradle.internal.dispatch.ReflectionDispatch.dispatch(ReflectionDispatch.java:36)                                                 &#10;       | &#9;at org.gradle.internal.dispatch.ReflectionDispatch.dispatch(ReflectionDispatch.java:24)                                                 &#10;       | &#9;at org.gradle.internal.dispatch.ContextClassLoaderDispatch.dispatch(ContextClassLoaderDispatch.java:33)                                 &#10;       | &#9;at org.gradle.internal.dispatch.ProxyDispatchAdapter$DispatchingInvocationHandler.invoke(ProxyDispatchAdapter.java:92)                  &#10;       | &#9;at com.sun.proxy.$Proxy4.processTestClass(Unknown Source)                                                                               &#10;       | &#9;at org.gradle.api.internal.tasks.testing.worker.TestWorker$2.run(TestWorker.java:183)                                                   &#10;       | &#9;at org.gradle.api.internal.tasks.testing.worker.TestWorker.executeAndMaintainThreadName(TestWorker.java:132)                            &#10;       | &#9;at org.gradle.api.internal.tasks.testing.worker.TestWorker.execute(TestWorker.java:103)                                                 &#10;       | &#9;at org.gradle.api.internal.tasks.testing.worker.TestWorker.execute(TestWorker.java:63)                                                  &#10;       | &#9;at org.gradle.process.internal.worker.child.ActionExecutionWorker.execute(ActionExecutionWorker.java:56)                                &#10;       | &#9;at org.gradle.process.internal.worker.child.SystemApplicationClassLoaderWorker.call(SystemApplicationClassLoaderWorker.java:121)        &#10;       | &#9;at org.gradle.process.internal.worker.child.SystemApplicationClassLoaderWorker.call(SystemApplicationClassLoaderWorker.java:71)         &#10;       | &#9;at worker.org.gradle.process.internal.worker.GradleWorkerMain.run(GradleWorkerMain.java:69)                                             &#10;       | &#9;at worker.org.gradle.process.internal.worker.GradleWorkerMain.main(GradleWorkerMain.java:74)                                            &#10;       | )                                                                                                                                        &#10;&#10;" type="org.scalatest.exceptions.TestFailedException">org.scalatest.exceptions.TestFailedException: didPass was false
Hint: The current tetromino cannot move into existing blocksâ€”instead, the movement is
ignored.
--------------------------------------------------------------------------------
This is what went wrong:

step=0, rand=2, actions=&lt;&gt;
Want   | Got âœ—                                                                                                                                    
--------------------------------------------------------------------------------------------------------------------------------------------------
O..L.. | LogicFailed(java.util.NoSuchElementException: key not found: (3,0)                                                                       
OLLL.. | 	at scala.collection.immutable.BitmapIndexedMapNode.apply(HashMap.scala:674)                                                             
O..... | 	at scala.collection.immutable.HashMap.apply(HashMap.scala:132)                                                                          
       | 	at tetris.logic.TetrisLogic.getCellType(TetrisLogic.scala:49)                                                                           
       | 	at tetris.TetrisLogicWrapper.getCell(TetrisTestSuiteBase.scala:48)                                                                      
       | 	at tetris.TetrisLogicWrapper.getCell(TetrisTestSuiteBase.scala:34)                                                                      
       | 	at generic.GameTestSuite.$anonfun$getDisplay$2(GameTestSuite.scala:138)                                                                 
       | 	at generic.GameTestSuite.$anonfun$getDisplay$2$adapted(GameTestSuite.scala:137)                                                         
       | 	at scala.collection.immutable.Range.map(Range.scala:59)                                                                                 
       | 	at generic.GameTestSuite.$anonfun$getDisplay$1(GameTestSuite.scala:137)                                                                 
       | 	at generic.GameTestSuite.$anonfun$getDisplay$1$adapted(GameTestSuite.scala:136)                                                         
       | 	at scala.collection.immutable.Range.map(Range.scala:59)                                                                                 
       | 	at generic.GameTestSuite.getGridDisplay$1(GameTestSuite.scala:136)                                                                      
       | 	at generic.GameTestSuite.getDisplay(GameTestSuite.scala:143)                                                                            
       | 	at generic.GameTestSuite$TestRecording.$anonfun$implementationDisplays$1(GameTestSuite.scala:190)                                       
       | 	at generic.GameTestSuite$TestRecording.catchLogicError$1(GameTestSuite.scala:182)                                                       
       | 	at generic.GameTestSuite$TestRecording.liftedTree1$1(GameTestSuite.scala:190)                                                           
       | 	at generic.GameTestSuite$TestRecording.implementationDisplays$lzycompute(GameTestSuite.scala:187)                                       
       | 	at generic.GameTestSuite$TestRecording.implementationDisplays(GameTestSuite.scala:178)                                                  
       | 	at generic.GameTestSuite$TestRecording.passes$lzycompute(GameTestSuite.scala:208)                                                       
       | 	at generic.GameTestSuite$TestRecording.passes(GameTestSuite.scala:207)                                                                  
       | 	at generic.GameTestSuite.checkGame(GameTestSuite.scala:290)                                                                             
       | 	at tetris.TetrisTestSuiteBase.checkGame(TetrisTestSuiteBase.scala:106)                                                                  
       | 	at tetris.BlockedTests.$anonfun$new$3(BlockedTests.scala:63)                                                                            
       | 	at scala.runtime.java8.JFunction0$mcV$sp.apply(JFunction0$mcV$sp.scala:18)                                                              
       | 	at infrastructure.TestBase.$anonfun$test$1(TestBase.scala:36)                                                                           
       | 	at org.scalatest.OutcomeOf.outcomeOf(OutcomeOf.scala:85)                                                                                
       | 	at org.scalatest.OutcomeOf.outcomeOf$(OutcomeOf.scala:83)                                                                               
       | 	at org.scalatest.OutcomeOf$.outcomeOf(OutcomeOf.scala:104)                                                                              
       | 	at org.scalatest.Transformer.apply(Transformer.scala:22)                                                                                
       | 	at org.scalatest.Transformer.apply(Transformer.scala:20)                                                                                
       | 	at org.scalatest.FunSuiteLike$$anon$1.apply(FunSuiteLike.scala:186)                                                                     
       | 	at org.scalatest.TestSuite.withFixture(TestSuite.scala:196)                                                                             
       | 	at org.scalatest.TestSuite.withFixture$(TestSuite.scala:195)                                                                            
       | 	at infrastructure.TestBase.org$scalatest$concurrent$TimeLimitedTests$$super$withFixture(TestBase.scala:9)                               
       | 	at org.scalatest.concurrent.TimeLimitedTests.$anonfun$withFixture$3(TimeLimitedTests.scala:154)                                         
       | 	at org.scalatest.enablers.Timed$$anon$1.timeoutAfter(Timed.scala:127)                                                                   
       | 	at org.scalatest.concurrent.TimeLimits.failAfterImpl(TimeLimits.scala:239)                                                              
       | 	at org.scalatest.concurrent.TimeLimits.failAfterImpl$(TimeLimits.scala:233)                                                             
       | 	at org.scalatest.concurrent.TimeLimits$.failAfterImpl(TimeLimits.scala:305)                                                             
       | 	at org.scalatest.concurrent.TimeLimitedTests.withFixture(TimeLimitedTests.scala:153)                                                    
       | 	at org.scalatest.concurrent.TimeLimitedTests.withFixture$(TimeLimitedTests.scala:150)                                                   
       | 	at infrastructure.TestBase.withFixture(TestBase.scala:9)                                                                                
       | 	at org.scalatest.FunSuiteLike.invokeWithFixture$1(FunSuiteLike.scala:184)                                                               
       | 	at org.scalatest.FunSuiteLike.$anonfun$runTest$1(FunSuiteLike.scala:196)                                                                
       | 	at org.scalatest.SuperEngine.runTestImpl(Engine.scala:286)                                                                              
       | 	at org.scalatest.FunSuiteLike.runTest(FunSuiteLike.scala:196)                                                                           
       | 	at org.scalatest.FunSuiteLike.runTest$(FunSuiteLike.scala:178)                                                                          
       | 	at org.scalatest.FunSuite.runTest(FunSuite.scala:1560)                                                                                  
       | 	at org.scalatest.FunSuiteLike.$anonfun$runTests$1(FunSuiteLike.scala:229)                                                               
       | 	at org.scalatest.SuperEngine.$anonfun$runTestsInBranch$1(Engine.scala:393)                                                              
       | 	at scala.collection.immutable.List.foreach(List.scala:334)                                                                              
       | 	at org.scalatest.SuperEngine.traverseSubNodes$1(Engine.scala:381)                                                                       
       | 	at org.scalatest.SuperEngine.runTestsInBranch(Engine.scala:376)                                                                         
       | 	at org.scalatest.SuperEngine.runTestsImpl(Engine.scala:458)                                                                             
       | 	at org.scalatest.FunSuiteLike.runTests(FunSuiteLike.scala:229)                                                                          
       | 	at org.scalatest.FunSuiteLike.runTests$(FunSuiteLike.scala:228)                                                                         
       | 	at org.scalatest.FunSuite.runTests(FunSuite.scala:1560)                                                                                 
       | 	at org.scalatest.Suite.run(Suite.scala:1124)                                                                                            
       | 	at org.scalatest.Suite.run$(Suite.scala:1106)                                                                                           
       | 	at org.scalatest.FunSuite.org$scalatest$FunSuiteLike$$super$run(FunSuite.scala:1560)                                                    
       | 	at org.scalatest.FunSuiteLike.$anonfun$run$1(FunSuiteLike.scala:233)                                                                    
       | 	at org.scalatest.SuperEngine.runImpl(Engine.scala:518)                                                                                  
       | 	at org.scalatest.FunSuiteLike.run(FunSuiteLike.scala:233)                                                                               
       | 	at org.scalatest.FunSuiteLike.run$(FunSuiteLike.scala:232)                                                                              
       | 	at infrastructure.TestBase.run(TestBase.scala:26)                                                                                       
       | 	at org.scalatest.Suite.callExecuteOnSuite$1(Suite.scala:1187)                                                                           
       | 	at org.scalatest.Suite.$anonfun$runNestedSuites$1(Suite.scala:1234)                                                                     
       | 	at scala.collection.ArrayOps$.foreach$extension(ArrayOps.scala:1323)                                                                    
       | 	at org.scalatest.Suite.runNestedSuites(Suite.scala:1232)                                                                                
       | 	at org.scalatest.Suite.runNestedSuites$(Suite.scala:1166)                                                                               
       | 	at org.scalatest.Suites.runNestedSuites(Suites.scala:56)                                                                                
       | 	at org.scalatest.Suite.run(Suite.scala:1121)                                                                                            
       | 	at org.scalatest.Suite.run$(Suite.scala:1106)                                                                                           
       | 	at tetris.TetrisTestSuitesBase.runDirect(TetrisTestSuitesBase.scala:20)                                                                 
       | 	at tetris.TetrisTestSuitesBase.runWithScoreCounter(TetrisTestSuitesBase.scala:14)                                                       
       | 	at tetris.TetrisTestSuite3_2.run(TetrisTestSuite3_2.scala:25)                                                                           
       | 	at org.scalatestplus.junit.JUnitRunner.run(JUnitRunner.scala:99)                                                                        
       | 	at org.gradle.api.internal.tasks.testing.junit.JUnitTestClassExecutor.runTestClass(JUnitTestClassExecutor.java:112)                     
       | 	at org.gradle.api.internal.tasks.testing.junit.JUnitTestClassExecutor.execute(JUnitTestClassExecutor.java:58)                           
       | 	at org.gradle.api.internal.tasks.testing.junit.JUnitTestClassExecutor.execute(JUnitTestClassExecutor.java:40)                           
       | 	at org.gradle.api.internal.tasks.testing.junit.AbstractJUnitTestClassProcessor.processTestClass(AbstractJUnitTestClassProcessor.java:54)
       | 	at org.gradle.api.internal.tasks.testing.SuiteTestClassProcessor.processTestClass(SuiteTestClassProcessor.java:53)                      
       | 	at java.base/jdk.internal.reflect.NativeMethodAccessorImpl.invoke0(Native Method)                                                       
       | 	at java.base/jdk.internal.reflect.NativeMethodAccessorImpl.invoke(NativeMethodAccessorImpl.java:62)                                     
       | 	at java.base/jdk.internal.reflect.DelegatingMethodAccessorImpl.invoke(DelegatingMethodAccessorImpl.java:43)                             
       | 	at java.base/java.lang.reflect.Method.invoke(Method.java:566)                                                                           
       | 	at org.gradle.internal.dispatch.ReflectionDispatch.dispatch(ReflectionDispatch.java:36)                                                 
       | 	at org.gradle.internal.dispatch.ReflectionDispatch.dispatch(ReflectionDispatch.java:24)                                                 
       | 	at org.gradle.internal.dispatch.ContextClassLoaderDispatch.dispatch(ContextClassLoaderDispatch.java:33)                                 
       | 	at org.gradle.internal.dispatch.ProxyDispatchAdapter$DispatchingInvocationHandler.invoke(ProxyDispatchAdapter.java:92)                  
       | 	at com.sun.proxy.$Proxy4.processTestClass(Unknown Source)                                                                               
       | 	at org.gradle.api.internal.tasks.testing.worker.TestWorker$2.run(TestWorker.java:183)                                                   
       | 	at org.gradle.api.internal.tasks.testing.worker.TestWorker.executeAndMaintainThreadName(TestWorker.java:132)                            
       | 	at org.gradle.api.internal.tasks.testing.worker.TestWorker.execute(TestWorker.java:103)                                                 
       | 	at org.gradle.api.internal.tasks.testing.worker.TestWorker.execute(TestWorker.java:63)                                                  
       | 	at org.gradle.process.internal.worker.child.ActionExecutionWorker.execute(ActionExecutionWorker.java:56)                                
       | 	at org.gradle.process.internal.worker.child.SystemApplicationClassLoaderWorker.call(SystemApplicationClassLoaderWorker.java:121)        
       | 	at org.gradle.process.internal.worker.child.SystemApplicationClassLoaderWorker.call(SystemApplicationClassLoaderWorker.java:71)         
       | 	at worker.org.gradle.process.internal.worker.GradleWorkerMain.run(GradleWorkerMain.java:69)                                             
       | 	at worker.org.gradle.process.internal.worker.GradleWorkerMain.main(GradleWorkerMain.java:74)                                            
       | )                                                                                                                                        


	at app//org.scalatest.Assertions.newAssertionFailedException(Assertions.scala:530)
	at app//org.scalatest.Assertions.newAssertionFailedException$(Assertions.scala:529)
	at app//org.scalatest.FunSuite.newAssertionFailedException(FunSuite.scala:1560)
	at app//org.scalatest.Assertions$AssertionsHelper.macroAssert(Assertions.scala:503)
	at app//generic.GameTestSuite.checkGame(GameTestSuite.scala:298)
	at app//tetris.TetrisTestSuiteBase.checkGame(TetrisTestSuiteBase.scala:106)
	at app//tetris.BlockedTests.$anonfun$new$3(BlockedTests.scala:63)
	at app//scala.runtime.java8.JFunction0$mcV$sp.apply(JFunction0$mcV$sp.scala:18)
	at app//infrastructure.TestBase.$anonfun$test$1(TestBase.scala:36)
	at app//org.scalatest.OutcomeOf.outcomeOf(OutcomeOf.scala:85)
	at app//org.scalatest.OutcomeOf.outcomeOf$(OutcomeOf.scala:83)
	at app//org.scalatest.OutcomeOf$.outcomeOf(OutcomeOf.scala:104)
	at app//org.scalatest.Transformer.apply(Transformer.scala:22)
	at app//org.scalatest.Transformer.apply(Transformer.scala:20)
	at app//org.scalatest.FunSuiteLike$$anon$1.apply(FunSuiteLike.scala:186)
	at app//org.scalatest.TestSuite.withFixture(TestSuite.scala:196)
	at app//org.scalatest.TestSuite.withFixture$(TestSuite.scala:195)
	at app//infrastructure.TestBase.org$scalatest$concurrent$TimeLimitedTests$$super$withFixture(TestBase.scala:9)
	at app//org.scalatest.concurrent.TimeLimitedTests.$anonfun$withFixture$3(TimeLimitedTests.scala:154)
	at app//org.scalatest.enablers.Timed$$anon$1.timeoutAfter(Timed.scala:127)
	at app//org.scalatest.concurrent.TimeLimits.failAfterImpl(TimeLimits.scala:239)
	at app//org.scalatest.concurrent.TimeLimits.failAfterImpl$(TimeLimits.scala:233)
	at app//org.scalatest.concurrent.TimeLimits$.failAfterImpl(TimeLimits.scala:305)
	at app//org.scalatest.concurrent.TimeLimitedTests.withFixture(TimeLimitedTests.scala:153)
	at app//org.scalatest.concurrent.TimeLimitedTests.withFixture$(TimeLimitedTests.scala:150)
	at app//infrastructure.TestBase.withFixture(TestBase.scala:9)
	at app//org.scalatest.FunSuiteLike.invokeWithFixture$1(FunSuiteLike.scala:184)
	at app//org.scalatest.FunSuiteLike.$anonfun$runTest$1(FunSuiteLike.scala:196)
	at app//org.scalatest.SuperEngine.runTestImpl(Engine.scala:286)
	at app//org.scalatest.FunSuiteLike.runTest(FunSuiteLike.scala:196)
	at app//org.scalatest.FunSuiteLike.runTest$(FunSuiteLike.scala:178)
	at app//org.scalatest.FunSuite.runTest(FunSuite.scala:1560)
	at app//org.scalatest.FunSuiteLike.$anonfun$runTests$1(FunSuiteLike.scala:229)
	at app//org.scalatest.SuperEngine.$anonfun$runTestsInBranch$1(Engine.scala:393)
	at app//scala.collection.immutable.List.foreach(List.scala:334)
	at app//org.scalatest.SuperEngine.traverseSubNodes$1(Engine.scala:381)
	at app//org.scalatest.SuperEngine.runTestsInBranch(Engine.scala:376)
	at app//org.scalatest.SuperEngine.runTestsImpl(Engine.scala:458)
	at app//org.scalatest.FunSuiteLike.runTests(FunSuiteLike.scala:229)
	at app//org.scalatest.FunSuiteLike.runTests$(FunSuiteLike.scala:228)
	at app//org.scalatest.FunSuite.runTests(FunSuite.scala:1560)
	at app//org.scalatest.Suite.run(Suite.scala:1124)
	at app//org.scalatest.Suite.run$(Suite.scala:1106)
	at app//org.scalatest.FunSuite.org$scalatest$FunSuiteLike$$super$run(FunSuite.scala:1560)
	at app//org.scalatest.FunSuiteLike.$anonfun$run$1(FunSuiteLike.scala:233)
	at app//org.scalatest.SuperEngine.runImpl(Engine.scala:518)
	at app//org.scalatest.FunSuiteLike.run(FunSuiteLike.scala:233)
	at app//org.scalatest.FunSuiteLike.run$(FunSuiteLike.scala:232)
	at app//infrastructure.TestBase.run(TestBase.scala:26)
	at app//org.scalatest.Suite.callExecuteOnSuite$1(Suite.scala:1187)
	at app//org.scalatest.Suite.$anonfun$runNestedSuites$1(Suite.scala:1234)
	at app//scala.collection.ArrayOps$.foreach$extension(ArrayOps.scala:1323)
	at app//org.scalatest.Suite.runNestedSuites(Suite.scala:1232)
	at app//org.scalatest.Suite.runNestedSuites$(Suite.scala:1166)
	at app//org.scalatest.Suites.runNestedSuites(Suites.scala:56)
	at app//org.scalatest.Suite.run(Suite.scala:1121)
	at app//org.scalatest.Suite.run$(Suite.scala:1106)
	at app//tetris.TetrisTestSuitesBase.runDirect(TetrisTestSuitesBase.scala:20)
	at app//tetris.TetrisTestSuitesBase.runWithScoreCounter(TetrisTestSuitesBase.scala:14)
	at app//tetris.TetrisTestSuite3_2.run(TetrisTestSuite3_2.scala:25)
	at app//org.scalatestplus.junit.JUnitRunner.run(JUnitRunner.scala:99)
	at org.gradle.api.internal.tasks.testing.junit.JUnitTestClassExecutor.runTestClass(JUnitTestClassExecutor.java:112)
	at org.gradle.api.internal.tasks.testing.junit.JUnitTestClassExecutor.execute(JUnitTestClassExecutor.java:58)
	at org.gradle.api.internal.tasks.testing.junit.JUnitTestClassExecutor.execute(JUnitTestClassExecutor.java:40)
	at org.gradle.api.internal.tasks.testing.junit.AbstractJUnitTestClassProcessor.processTestClass(AbstractJUnitTestClassProcessor.java:54)
	at org.gradle.api.internal.tasks.testing.SuiteTestClassProcessor.processTestClass(SuiteTestClassProcessor.java:53)
	at java.base@11.0.24/jdk.internal.reflect.NativeMethodAccessorImpl.invoke0(Native Method)
	at java.base@11.0.24/jdk.internal.reflect.NativeMethodAccessorImpl.invoke(NativeMethodAccessorImpl.java:62)
	at java.base@11.0.24/jdk.internal.reflect.DelegatingMethodAccessorImpl.invoke(DelegatingMethodAccessorImpl.java:43)
	at java.base@11.0.24/java.lang.reflect.Method.invoke(Method.java:566)
	at org.gradle.internal.dispatch.ReflectionDispatch.dispatch(ReflectionDispatch.java:36)
	at org.gradle.internal.dispatch.ReflectionDispatch.dispatch(ReflectionDispatch.java:24)
	at org.gradle.internal.dispatch.ContextClassLoaderDispatch.dispatch(ContextClassLoaderDispatch.java:33)
	at org.gradle.internal.dispatch.ProxyDispatchAdapter$DispatchingInvocationHandler.invoke(ProxyDispatchAdapter.java:92)
	at com.sun.proxy.$Proxy4.processTestClass(Unknown Source)
	at org.gradle.api.internal.tasks.testing.worker.TestWorker$2.run(TestWorker.java:183)
	at org.gradle.api.internal.tasks.testing.worker.TestWorker.executeAndMaintainThreadName(TestWorker.java:132)
	at org.gradle.api.internal.tasks.testing.worker.TestWorker.execute(TestWorker.java:103)
	at org.gradle.api.internal.tasks.testing.worker.TestWorker.execute(TestWorker.java:63)
	at org.gradle.process.internal.worker.child.ActionExecutionWorker.execute(ActionExecutionWorker.java:56)
	at org.gradle.process.internal.worker.child.SystemApplicationClassLoaderWorker.call(SystemApplicationClassLoaderWorker.java:121)
	at org.gradle.process.internal.worker.child.SystemApplicationClassLoaderWorker.call(SystemApplicationClassLoaderWorker.java:71)
	at app//worker.org.gradle.process.internal.worker.GradleWorkerMain.run(GradleWorkerMain.java:69)
	at app//worker.org.gradle.process.internal.worker.GradleWorkerMain.main(GradleWorkerMain.java:74)
</failure>
  </testcase>
  <testcase name="testBlockedByBlocksRight" classname="tetris.BlockedTests" time="0.005">
    <failure message="org.scalatest.exceptions.TestFailedException: didPass was false&#10;Hint: The current tetromino cannot move into existing blocksâ€”instead, the movement is&#10;ignored.&#10;--------------------------------------------------------------------------------&#10;This is what went wrong:&#10;&#10;step=0, rand=4, actions=&lt;&gt;&#10;Want   | Got âœ—                                                                                                                                    &#10;--------------------------------------------------------------------------------------------------------------------------------------------------&#10;..SS.J | LogicFailed(java.util.NoSuchElementException: key not found: (3,0)                                                                       &#10;.SS... | &#9;at scala.collection.immutable.BitmapIndexedMapNode.apply(HashMap.scala:674)                                                             &#10;...... | &#9;at scala.collection.immutable.HashMap.apply(HashMap.scala:132)                                                                          &#10;       | &#9;at tetris.logic.TetrisLogic.getCellType(TetrisLogic.scala:49)                                                                           &#10;       | &#9;at tetris.TetrisLogicWrapper.getCell(TetrisTestSuiteBase.scala:48)                                                                      &#10;       | &#9;at tetris.TetrisLogicWrapper.getCell(TetrisTestSuiteBase.scala:34)                                                                      &#10;       | &#9;at generic.GameTestSuite.$anonfun$getDisplay$2(GameTestSuite.scala:138)                                                                 &#10;       | &#9;at generic.GameTestSuite.$anonfun$getDisplay$2$adapted(GameTestSuite.scala:137)                                                         &#10;       | &#9;at scala.collection.immutable.Range.map(Range.scala:59)                                                                                 &#10;       | &#9;at generic.GameTestSuite.$anonfun$getDisplay$1(GameTestSuite.scala:137)                                                                 &#10;       | &#9;at generic.GameTestSuite.$anonfun$getDisplay$1$adapted(GameTestSuite.scala:136)                                                         &#10;       | &#9;at scala.collection.immutable.Range.map(Range.scala:59)                                                                                 &#10;       | &#9;at generic.GameTestSuite.getGridDisplay$1(GameTestSuite.scala:136)                                                                      &#10;       | &#9;at generic.GameTestSuite.getDisplay(GameTestSuite.scala:143)                                                                            &#10;       | &#9;at generic.GameTestSuite$TestRecording.$anonfun$implementationDisplays$1(GameTestSuite.scala:190)                                       &#10;       | &#9;at generic.GameTestSuite$TestRecording.catchLogicError$1(GameTestSuite.scala:182)                                                       &#10;       | &#9;at generic.GameTestSuite$TestRecording.liftedTree1$1(GameTestSuite.scala:190)                                                           &#10;       | &#9;at generic.GameTestSuite$TestRecording.implementationDisplays$lzycompute(GameTestSuite.scala:187)                                       &#10;       | &#9;at generic.GameTestSuite$TestRecording.implementationDisplays(GameTestSuite.scala:178)                                                  &#10;       | &#9;at generic.GameTestSuite$TestRecording.passes$lzycompute(GameTestSuite.scala:208)                                                       &#10;       | &#9;at generic.GameTestSuite$TestRecording.passes(GameTestSuite.scala:207)                                                                  &#10;       | &#9;at generic.GameTestSuite.checkGame(GameTestSuite.scala:290)                                                                             &#10;       | &#9;at tetris.TetrisTestSuiteBase.checkGame(TetrisTestSuiteBase.scala:106)                                                                  &#10;       | &#9;at tetris.BlockedTests.$anonfun$new$4(BlockedTests.scala:84)                                                                            &#10;       | &#9;at scala.runtime.java8.JFunction0$mcV$sp.apply(JFunction0$mcV$sp.scala:18)                                                              &#10;       | &#9;at infrastructure.TestBase.$anonfun$test$1(TestBase.scala:36)                                                                           &#10;       | &#9;at org.scalatest.OutcomeOf.outcomeOf(OutcomeOf.scala:85)                                                                                &#10;       | &#9;at org.scalatest.OutcomeOf.outcomeOf$(OutcomeOf.scala:83)                                                                               &#10;       | &#9;at org.scalatest.OutcomeOf$.outcomeOf(OutcomeOf.scala:104)                                                                              &#10;       | &#9;at org.scalatest.Transformer.apply(Transformer.scala:22)                                                                                &#10;       | &#9;at org.scalatest.Transformer.apply(Transformer.scala:20)                                                                                &#10;       | &#9;at org.scalatest.FunSuiteLike$$anon$1.apply(FunSuiteLike.scala:186)                                                                     &#10;       | &#9;at org.scalatest.TestSuite.withFixture(TestSuite.scala:196)                                                                             &#10;       | &#9;at org.scalatest.TestSuite.withFixture$(TestSuite.scala:195)                                                                            &#10;       | &#9;at infrastructure.TestBase.org$scalatest$concurrent$TimeLimitedTests$$super$withFixture(TestBase.scala:9)                               &#10;       | &#9;at org.scalatest.concurrent.TimeLimitedTests.$anonfun$withFixture$3(TimeLimitedTests.scala:154)                                         &#10;       | &#9;at org.scalatest.enablers.Timed$$anon$1.timeoutAfter(Timed.scala:127)                                                                   &#10;       | &#9;at org.scalatest.concurrent.TimeLimits.failAfterImpl(TimeLimits.scala:239)                                                              &#10;       | &#9;at org.scalatest.concurrent.TimeLimits.failAfterImpl$(TimeLimits.scala:233)                                                             &#10;       | &#9;at org.scalatest.concurrent.TimeLimits$.failAfterImpl(TimeLimits.scala:305)                                                             &#10;       | &#9;at org.scalatest.concurrent.TimeLimitedTests.withFixture(TimeLimitedTests.scala:153)                                                    &#10;       | &#9;at org.scalatest.concurrent.TimeLimitedTests.withFixture$(TimeLimitedTests.scala:150)                                                   &#10;       | &#9;at infrastructure.TestBase.withFixture(TestBase.scala:9)                                                                                &#10;       | &#9;at org.scalatest.FunSuiteLike.invokeWithFixture$1(FunSuiteLike.scala:184)                                                               &#10;       | &#9;at org.scalatest.FunSuiteLike.$anonfun$runTest$1(FunSuiteLike.scala:196)                                                                &#10;       | &#9;at org.scalatest.SuperEngine.runTestImpl(Engine.scala:286)                                                                              &#10;       | &#9;at org.scalatest.FunSuiteLike.runTest(FunSuiteLike.scala:196)                                                                           &#10;       | &#9;at org.scalatest.FunSuiteLike.runTest$(FunSuiteLike.scala:178)                                                                          &#10;       | &#9;at org.scalatest.FunSuite.runTest(FunSuite.scala:1560)                                                                                  &#10;       | &#9;at org.scalatest.FunSuiteLike.$anonfun$runTests$1(FunSuiteLike.scala:229)                                                               &#10;       | &#9;at org.scalatest.SuperEngine.$anonfun$runTestsInBranch$1(Engine.scala:393)                                                              &#10;       | &#9;at scala.collection.immutable.List.foreach(List.scala:334)                                                                              &#10;       | &#9;at org.scalatest.SuperEngine.traverseSubNodes$1(Engine.scala:381)                                                                       &#10;       | &#9;at org.scalatest.SuperEngine.runTestsInBranch(Engine.scala:376)                                                                         &#10;       | &#9;at org.scalatest.SuperEngine.runTestsImpl(Engine.scala:458)                                                                             &#10;       | &#9;at org.scalatest.FunSuiteLike.runTests(FunSuiteLike.scala:229)                                                                          &#10;       | &#9;at org.scalatest.FunSuiteLike.runTests$(FunSuiteLike.scala:228)                                                                         &#10;       | &#9;at org.scalatest.FunSuite.runTests(FunSuite.scala:1560)                                                                                 &#10;       | &#9;at org.scalatest.Suite.run(Suite.scala:1124)                                                                                            &#10;       | &#9;at org.scalatest.Suite.run$(Suite.scala:1106)                                                                                           &#10;       | &#9;at org.scalatest.FunSuite.org$scalatest$FunSuiteLike$$super$run(FunSuite.scala:1560)                                                    &#10;       | &#9;at org.scalatest.FunSuiteLike.$anonfun$run$1(FunSuiteLike.scala:233)                                                                    &#10;       | &#9;at org.scalatest.SuperEngine.runImpl(Engine.scala:518)                                                                                  &#10;       | &#9;at org.scalatest.FunSuiteLike.run(FunSuiteLike.scala:233)                                                                               &#10;       | &#9;at org.scalatest.FunSuiteLike.run$(FunSuiteLike.scala:232)                                                                              &#10;       | &#9;at infrastructure.TestBase.run(TestBase.scala:26)                                                                                       &#10;       | &#9;at org.scalatest.Suite.callExecuteOnSuite$1(Suite.scala:1187)                                                                           &#10;       | &#9;at org.scalatest.Suite.$anonfun$runNestedSuites$1(Suite.scala:1234)                                                                     &#10;       | &#9;at scala.collection.ArrayOps$.foreach$extension(ArrayOps.scala:1323)                                                                    &#10;       | &#9;at org.scalatest.Suite.runNestedSuites(Suite.scala:1232)                                                                                &#10;       | &#9;at org.scalatest.Suite.runNestedSuites$(Suite.scala:1166)                                                                               &#10;       | &#9;at org.scalatest.Suites.runNestedSuites(Suites.scala:56)                                                                                &#10;       | &#9;at org.scalatest.Suite.run(Suite.scala:1121)                                                                                            &#10;       | &#9;at org.scalatest.Suite.run$(Suite.scala:1106)                                                                                           &#10;       | &#9;at tetris.TetrisTestSuitesBase.runDirect(TetrisTestSuitesBase.scala:20)                                                                 &#10;       | &#9;at tetris.TetrisTestSuitesBase.runWithScoreCounter(TetrisTestSuitesBase.scala:14)                                                       &#10;       | &#9;at tetris.TetrisTestSuite3_2.run(TetrisTestSuite3_2.scala:25)                                                                           &#10;       | &#9;at org.scalatestplus.junit.JUnitRunner.run(JUnitRunner.scala:99)                                                                        &#10;       | &#9;at org.gradle.api.internal.tasks.testing.junit.JUnitTestClassExecutor.runTestClass(JUnitTestClassExecutor.java:112)                     &#10;       | &#9;at org.gradle.api.internal.tasks.testing.junit.JUnitTestClassExecutor.execute(JUnitTestClassExecutor.java:58)                           &#10;       | &#9;at org.gradle.api.internal.tasks.testing.junit.JUnitTestClassExecutor.execute(JUnitTestClassExecutor.java:40)                           &#10;       | &#9;at org.gradle.api.internal.tasks.testing.junit.AbstractJUnitTestClassProcessor.processTestClass(AbstractJUnitTestClassProcessor.java:54)&#10;       | &#9;at org.gradle.api.internal.tasks.testing.SuiteTestClassProcessor.processTestClass(SuiteTestClassProcessor.java:53)                      &#10;       | &#9;at java.base/jdk.internal.reflect.NativeMethodAccessorImpl.invoke0(Native Method)                                                       &#10;       | &#9;at java.base/jdk.internal.reflect.NativeMethodAccessorImpl.invoke(NativeMethodAccessorImpl.java:62)                                     &#10;       | &#9;at java.base/jdk.internal.reflect.DelegatingMethodAccessorImpl.invoke(DelegatingMethodAccessorImpl.java:43)                             &#10;       | &#9;at java.base/java.lang.reflect.Method.invoke(Method.java:566)                                                                           &#10;       | &#9;at org.gradle.internal.dispatch.ReflectionDispatch.dispatch(ReflectionDispatch.java:36)                                                 &#10;       | &#9;at org.gradle.internal.dispatch.ReflectionDispatch.dispatch(ReflectionDispatch.java:24)                                                 &#10;       | &#9;at org.gradle.internal.dispatch.ContextClassLoaderDispatch.dispatch(ContextClassLoaderDispatch.java:33)                                 &#10;       | &#9;at org.gradle.internal.dispatch.ProxyDispatchAdapter$DispatchingInvocationHandler.invoke(ProxyDispatchAdapter.java:92)                  &#10;       | &#9;at com.sun.proxy.$Proxy4.processTestClass(Unknown Source)                                                                               &#10;       | &#9;at org.gradle.api.internal.tasks.testing.worker.TestWorker$2.run(TestWorker.java:183)                                                   &#10;       | &#9;at org.gradle.api.internal.tasks.testing.worker.TestWorker.executeAndMaintainThreadName(TestWorker.java:132)                            &#10;       | &#9;at org.gradle.api.internal.tasks.testing.worker.TestWorker.execute(TestWorker.java:103)                                                 &#10;       | &#9;at org.gradle.api.internal.tasks.testing.worker.TestWorker.execute(TestWorker.java:63)                                                  &#10;       | &#9;at org.gradle.process.internal.worker.child.ActionExecutionWorker.execute(ActionExecutionWorker.java:56)                                &#10;       | &#9;at org.gradle.process.internal.worker.child.SystemApplicationClassLoaderWorker.call(SystemApplicationClassLoaderWorker.java:121)        &#10;       | &#9;at org.gradle.process.internal.worker.child.SystemApplicationClassLoaderWorker.call(SystemApplicationClassLoaderWorker.java:71)         &#10;       | &#9;at worker.org.gradle.process.internal.worker.GradleWorkerMain.run(GradleWorkerMain.java:69)                                             &#10;       | &#9;at worker.org.gradle.process.internal.worker.GradleWorkerMain.main(GradleWorkerMain.java:74)                                            &#10;       | )                                                                                                                                        &#10;&#10;" type="org.scalatest.exceptions.TestFailedException">org.scalatest.exceptions.TestFailedException: didPass was false
Hint: The current tetromino cannot move into existing blocksâ€”instead, the movement is
ignored.
--------------------------------------------------------------------------------
This is what went wrong:

step=0, rand=4, actions=&lt;&gt;
Want   | Got âœ—                                                                                                                                    
--------------------------------------------------------------------------------------------------------------------------------------------------
..SS.J | LogicFailed(java.util.NoSuchElementException: key not found: (3,0)                                                                       
.SS... | 	at scala.collection.immutable.BitmapIndexedMapNode.apply(HashMap.scala:674)                                                             
...... | 	at scala.collection.immutable.HashMap.apply(HashMap.scala:132)                                                                          
       | 	at tetris.logic.TetrisLogic.getCellType(TetrisLogic.scala:49)                                                                           
       | 	at tetris.TetrisLogicWrapper.getCell(TetrisTestSuiteBase.scala:48)                                                                      
       | 	at tetris.TetrisLogicWrapper.getCell(TetrisTestSuiteBase.scala:34)                                                                      
       | 	at generic.GameTestSuite.$anonfun$getDisplay$2(GameTestSuite.scala:138)                                                                 
       | 	at generic.GameTestSuite.$anonfun$getDisplay$2$adapted(GameTestSuite.scala:137)                                                         
       | 	at scala.collection.immutable.Range.map(Range.scala:59)                                                                                 
       | 	at generic.GameTestSuite.$anonfun$getDisplay$1(GameTestSuite.scala:137)                                                                 
       | 	at generic.GameTestSuite.$anonfun$getDisplay$1$adapted(GameTestSuite.scala:136)                                                         
       | 	at scala.collection.immutable.Range.map(Range.scala:59)                                                                                 
       | 	at generic.GameTestSuite.getGridDisplay$1(GameTestSuite.scala:136)                                                                      
       | 	at generic.GameTestSuite.getDisplay(GameTestSuite.scala:143)                                                                            
       | 	at generic.GameTestSuite$TestRecording.$anonfun$implementationDisplays$1(GameTestSuite.scala:190)                                       
       | 	at generic.GameTestSuite$TestRecording.catchLogicError$1(GameTestSuite.scala:182)                                                       
       | 	at generic.GameTestSuite$TestRecording.liftedTree1$1(GameTestSuite.scala:190)                                                           
       | 	at generic.GameTestSuite$TestRecording.implementationDisplays$lzycompute(GameTestSuite.scala:187)                                       
       | 	at generic.GameTestSuite$TestRecording.implementationDisplays(GameTestSuite.scala:178)                                                  
       | 	at generic.GameTestSuite$TestRecording.passes$lzycompute(GameTestSuite.scala:208)                                                       
       | 	at generic.GameTestSuite$TestRecording.passes(GameTestSuite.scala:207)                                                                  
       | 	at generic.GameTestSuite.checkGame(GameTestSuite.scala:290)                                                                             
       | 	at tetris.TetrisTestSuiteBase.checkGame(TetrisTestSuiteBase.scala:106)                                                                  
       | 	at tetris.BlockedTests.$anonfun$new$4(BlockedTests.scala:84)                                                                            
       | 	at scala.runtime.java8.JFunction0$mcV$sp.apply(JFunction0$mcV$sp.scala:18)                                                              
       | 	at infrastructure.TestBase.$anonfun$test$1(TestBase.scala:36)                                                                           
       | 	at org.scalatest.OutcomeOf.outcomeOf(OutcomeOf.scala:85)                                                                                
       | 	at org.scalatest.OutcomeOf.outcomeOf$(OutcomeOf.scala:83)                                                                               
       | 	at org.scalatest.OutcomeOf$.outcomeOf(OutcomeOf.scala:104)                                                                              
       | 	at org.scalatest.Transformer.apply(Transformer.scala:22)                                                                                
       | 	at org.scalatest.Transformer.apply(Transformer.scala:20)                                                                                
       | 	at org.scalatest.FunSuiteLike$$anon$1.apply(FunSuiteLike.scala:186)                                                                     
       | 	at org.scalatest.TestSuite.withFixture(TestSuite.scala:196)                                                                             
       | 	at org.scalatest.TestSuite.withFixture$(TestSuite.scala:195)                                                                            
       | 	at infrastructure.TestBase.org$scalatest$concurrent$TimeLimitedTests$$super$withFixture(TestBase.scala:9)                               
       | 	at org.scalatest.concurrent.TimeLimitedTests.$anonfun$withFixture$3(TimeLimitedTests.scala:154)                                         
       | 	at org.scalatest.enablers.Timed$$anon$1.timeoutAfter(Timed.scala:127)                                                                   
       | 	at org.scalatest.concurrent.TimeLimits.failAfterImpl(TimeLimits.scala:239)                                                              
       | 	at org.scalatest.concurrent.TimeLimits.failAfterImpl$(TimeLimits.scala:233)                                                             
       | 	at org.scalatest.concurrent.TimeLimits$.failAfterImpl(TimeLimits.scala:305)                                                             
       | 	at org.scalatest.concurrent.TimeLimitedTests.withFixture(TimeLimitedTests.scala:153)                                                    
       | 	at org.scalatest.concurrent.TimeLimitedTests.withFixture$(TimeLimitedTests.scala:150)                                                   
       | 	at infrastructure.TestBase.withFixture(TestBase.scala:9)                                                                                
       | 	at org.scalatest.FunSuiteLike.invokeWithFixture$1(FunSuiteLike.scala:184)                                                               
       | 	at org.scalatest.FunSuiteLike.$anonfun$runTest$1(FunSuiteLike.scala:196)                                                                
       | 	at org.scalatest.SuperEngine.runTestImpl(Engine.scala:286)                                                                              
       | 	at org.scalatest.FunSuiteLike.runTest(FunSuiteLike.scala:196)                                                                           
       | 	at org.scalatest.FunSuiteLike.runTest$(FunSuiteLike.scala:178)                                                                          
       | 	at org.scalatest.FunSuite.runTest(FunSuite.scala:1560)                                                                                  
       | 	at org.scalatest.FunSuiteLike.$anonfun$runTests$1(FunSuiteLike.scala:229)                                                               
       | 	at org.scalatest.SuperEngine.$anonfun$runTestsInBranch$1(Engine.scala:393)                                                              
       | 	at scala.collection.immutable.List.foreach(List.scala:334)                                                                              
       | 	at org.scalatest.SuperEngine.traverseSubNodes$1(Engine.scala:381)                                                                       
       | 	at org.scalatest.SuperEngine.runTestsInBranch(Engine.scala:376)                                                                         
       | 	at org.scalatest.SuperEngine.runTestsImpl(Engine.scala:458)                                                                             
       | 	at org.scalatest.FunSuiteLike.runTests(FunSuiteLike.scala:229)                                                                          
       | 	at org.scalatest.FunSuiteLike.runTests$(FunSuiteLike.scala:228)                                                                         
       | 	at org.scalatest.FunSuite.runTests(FunSuite.scala:1560)                                                                                 
       | 	at org.scalatest.Suite.run(Suite.scala:1124)                                                                                            
       | 	at org.scalatest.Suite.run$(Suite.scala:1106)                                                                                           
       | 	at org.scalatest.FunSuite.org$scalatest$FunSuiteLike$$super$run(FunSuite.scala:1560)                                                    
       | 	at org.scalatest.FunSuiteLike.$anonfun$run$1(FunSuiteLike.scala:233)                                                                    
       | 	at org.scalatest.SuperEngine.runImpl(Engine.scala:518)                                                                                  
       | 	at org.scalatest.FunSuiteLike.run(FunSuiteLike.scala:233)                                                                               
       | 	at org.scalatest.FunSuiteLike.run$(FunSuiteLike.scala:232)                                                                              
       | 	at infrastructure.TestBase.run(TestBase.scala:26)                                                                                       
       | 	at org.scalatest.Suite.callExecuteOnSuite$1(Suite.scala:1187)                                                                           
       | 	at org.scalatest.Suite.$anonfun$runNestedSuites$1(Suite.scala:1234)                                                                     
       | 	at scala.collection.ArrayOps$.foreach$extension(ArrayOps.scala:1323)                                                                    
       | 	at org.scalatest.Suite.runNestedSuites(Suite.scala:1232)                                                                                
       | 	at org.scalatest.Suite.runNestedSuites$(Suite.scala:1166)                                                                               
       | 	at org.scalatest.Suites.runNestedSuites(Suites.scala:56)                                                                                
       | 	at org.scalatest.Suite.run(Suite.scala:1121)                                                                                            
       | 	at org.scalatest.Suite.run$(Suite.scala:1106)                                                                                           
       | 	at tetris.TetrisTestSuitesBase.runDirect(TetrisTestSuitesBase.scala:20)                                                                 
       | 	at tetris.TetrisTestSuitesBase.runWithScoreCounter(TetrisTestSuitesBase.scala:14)                                                       
       | 	at tetris.TetrisTestSuite3_2.run(TetrisTestSuite3_2.scala:25)                                                                           
       | 	at org.scalatestplus.junit.JUnitRunner.run(JUnitRunner.scala:99)                                                                        
       | 	at org.gradle.api.internal.tasks.testing.junit.JUnitTestClassExecutor.runTestClass(JUnitTestClassExecutor.java:112)                     
       | 	at org.gradle.api.internal.tasks.testing.junit.JUnitTestClassExecutor.execute(JUnitTestClassExecutor.java:58)                           
       | 	at org.gradle.api.internal.tasks.testing.junit.JUnitTestClassExecutor.execute(JUnitTestClassExecutor.java:40)                           
       | 	at org.gradle.api.internal.tasks.testing.junit.AbstractJUnitTestClassProcessor.processTestClass(AbstractJUnitTestClassProcessor.java:54)
       | 	at org.gradle.api.internal.tasks.testing.SuiteTestClassProcessor.processTestClass(SuiteTestClassProcessor.java:53)                      
       | 	at java.base/jdk.internal.reflect.NativeMethodAccessorImpl.invoke0(Native Method)                                                       
       | 	at java.base/jdk.internal.reflect.NativeMethodAccessorImpl.invoke(NativeMethodAccessorImpl.java:62)                                     
       | 	at java.base/jdk.internal.reflect.DelegatingMethodAccessorImpl.invoke(DelegatingMethodAccessorImpl.java:43)                             
       | 	at java.base/java.lang.reflect.Method.invoke(Method.java:566)                                                                           
       | 	at org.gradle.internal.dispatch.ReflectionDispatch.dispatch(ReflectionDispatch.java:36)                                                 
       | 	at org.gradle.internal.dispatch.ReflectionDispatch.dispatch(ReflectionDispatch.java:24)                                                 
       | 	at org.gradle.internal.dispatch.ContextClassLoaderDispatch.dispatch(ContextClassLoaderDispatch.java:33)                                 
       | 	at org.gradle.internal.dispatch.ProxyDispatchAdapter$DispatchingInvocationHandler.invoke(ProxyDispatchAdapter.java:92)                  
       | 	at com.sun.proxy.$Proxy4.processTestClass(Unknown Source)                                                                               
       | 	at org.gradle.api.internal.tasks.testing.worker.TestWorker$2.run(TestWorker.java:183)                                                   
       | 	at org.gradle.api.internal.tasks.testing.worker.TestWorker.executeAndMaintainThreadName(TestWorker.java:132)                            
       | 	at org.gradle.api.internal.tasks.testing.worker.TestWorker.execute(TestWorker.java:103)                                                 
       | 	at org.gradle.api.internal.tasks.testing.worker.TestWorker.execute(TestWorker.java:63)                                                  
       | 	at org.gradle.process.internal.worker.child.ActionExecutionWorker.execute(ActionExecutionWorker.java:56)                                
       | 	at org.gradle.process.internal.worker.child.SystemApplicationClassLoaderWorker.call(SystemApplicationClassLoaderWorker.java:121)        
       | 	at org.gradle.process.internal.worker.child.SystemApplicationClassLoaderWorker.call(SystemApplicationClassLoaderWorker.java:71)         
       | 	at worker.org.gradle.process.internal.worker.GradleWorkerMain.run(GradleWorkerMain.java:69)                                             
       | 	at worker.org.gradle.process.internal.worker.GradleWorkerMain.main(GradleWorkerMain.java:74)                                            
       | )                                                                                                                                        


	at app//org.scalatest.Assertions.newAssertionFailedException(Assertions.scala:530)
	at app//org.scalatest.Assertions.newAssertionFailedException$(Assertions.scala:529)
	at app//org.scalatest.FunSuite.newAssertionFailedException(FunSuite.scala:1560)
	at app//org.scalatest.Assertions$AssertionsHelper.macroAssert(Assertions.scala:503)
	at app//generic.GameTestSuite.checkGame(GameTestSuite.scala:298)
	at app//tetris.TetrisTestSuiteBase.checkGame(TetrisTestSuiteBase.scala:106)
	at app//tetris.BlockedTests.$anonfun$new$4(BlockedTests.scala:84)
	at app//scala.runtime.java8.JFunction0$mcV$sp.apply(JFunction0$mcV$sp.scala:18)
	at app//infrastructure.TestBase.$anonfun$test$1(TestBase.scala:36)
	at app//org.scalatest.OutcomeOf.outcomeOf(OutcomeOf.scala:85)
	at app//org.scalatest.OutcomeOf.outcomeOf$(OutcomeOf.scala:83)
	at app//org.scalatest.OutcomeOf$.outcomeOf(OutcomeOf.scala:104)
	at app//org.scalatest.Transformer.apply(Transformer.scala:22)
	at app//org.scalatest.Transformer.apply(Transformer.scala:20)
	at app//org.scalatest.FunSuiteLike$$anon$1.apply(FunSuiteLike.scala:186)
	at app//org.scalatest.TestSuite.withFixture(TestSuite.scala:196)
	at app//org.scalatest.TestSuite.withFixture$(TestSuite.scala:195)
	at app//infrastructure.TestBase.org$scalatest$concurrent$TimeLimitedTests$$super$withFixture(TestBase.scala:9)
	at app//org.scalatest.concurrent.TimeLimitedTests.$anonfun$withFixture$3(TimeLimitedTests.scala:154)
	at app//org.scalatest.enablers.Timed$$anon$1.timeoutAfter(Timed.scala:127)
	at app//org.scalatest.concurrent.TimeLimits.failAfterImpl(TimeLimits.scala:239)
	at app//org.scalatest.concurrent.TimeLimits.failAfterImpl$(TimeLimits.scala:233)
	at app//org.scalatest.concurrent.TimeLimits$.failAfterImpl(TimeLimits.scala:305)
	at app//org.scalatest.concurrent.TimeLimitedTests.withFixture(TimeLimitedTests.scala:153)
	at app//org.scalatest.concurrent.TimeLimitedTests.withFixture$(TimeLimitedTests.scala:150)
	at app//infrastructure.TestBase.withFixture(TestBase.scala:9)
	at app//org.scalatest.FunSuiteLike.invokeWithFixture$1(FunSuiteLike.scala:184)
	at app//org.scalatest.FunSuiteLike.$anonfun$runTest$1(FunSuiteLike.scala:196)
	at app//org.scalatest.SuperEngine.runTestImpl(Engine.scala:286)
	at app//org.scalatest.FunSuiteLike.runTest(FunSuiteLike.scala:196)
	at app//org.scalatest.FunSuiteLike.runTest$(FunSuiteLike.scala:178)
	at app//org.scalatest.FunSuite.runTest(FunSuite.scala:1560)
	at app//org.scalatest.FunSuiteLike.$anonfun$runTests$1(FunSuiteLike.scala:229)
	at app//org.scalatest.SuperEngine.$anonfun$runTestsInBranch$1(Engine.scala:393)
	at app//scala.collection.immutable.List.foreach(List.scala:334)
	at app//org.scalatest.SuperEngine.traverseSubNodes$1(Engine.scala:381)
	at app//org.scalatest.SuperEngine.runTestsInBranch(Engine.scala:376)
	at app//org.scalatest.SuperEngine.runTestsImpl(Engine.scala:458)
	at app//org.scalatest.FunSuiteLike.runTests(FunSuiteLike.scala:229)
	at app//org.scalatest.FunSuiteLike.runTests$(FunSuiteLike.scala:228)
	at app//org.scalatest.FunSuite.runTests(FunSuite.scala:1560)
	at app//org.scalatest.Suite.run(Suite.scala:1124)
	at app//org.scalatest.Suite.run$(Suite.scala:1106)
	at app//org.scalatest.FunSuite.org$scalatest$FunSuiteLike$$super$run(FunSuite.scala:1560)
	at app//org.scalatest.FunSuiteLike.$anonfun$run$1(FunSuiteLike.scala:233)
	at app//org.scalatest.SuperEngine.runImpl(Engine.scala:518)
	at app//org.scalatest.FunSuiteLike.run(FunSuiteLike.scala:233)
	at app//org.scalatest.FunSuiteLike.run$(FunSuiteLike.scala:232)
	at app//infrastructure.TestBase.run(TestBase.scala:26)
	at app//org.scalatest.Suite.callExecuteOnSuite$1(Suite.scala:1187)
	at app//org.scalatest.Suite.$anonfun$runNestedSuites$1(Suite.scala:1234)
	at app//scala.collection.ArrayOps$.foreach$extension(ArrayOps.scala:1323)
	at app//org.scalatest.Suite.runNestedSuites(Suite.scala:1232)
	at app//org.scalatest.Suite.runNestedSuites$(Suite.scala:1166)
	at app//org.scalatest.Suites.runNestedSuites(Suites.scala:56)
	at app//org.scalatest.Suite.run(Suite.scala:1121)
	at app//org.scalatest.Suite.run$(Suite.scala:1106)
	at app//tetris.TetrisTestSuitesBase.runDirect(TetrisTestSuitesBase.scala:20)
	at app//tetris.TetrisTestSuitesBase.runWithScoreCounter(TetrisTestSuitesBase.scala:14)
	at app//tetris.TetrisTestSuite3_2.run(TetrisTestSuite3_2.scala:25)
	at app//org.scalatestplus.junit.JUnitRunner.run(JUnitRunner.scala:99)
	at org.gradle.api.internal.tasks.testing.junit.JUnitTestClassExecutor.runTestClass(JUnitTestClassExecutor.java:112)
	at org.gradle.api.internal.tasks.testing.junit.JUnitTestClassExecutor.execute(JUnitTestClassExecutor.java:58)
	at org.gradle.api.internal.tasks.testing.junit.JUnitTestClassExecutor.execute(JUnitTestClassExecutor.java:40)
	at org.gradle.api.internal.tasks.testing.junit.AbstractJUnitTestClassProcessor.processTestClass(AbstractJUnitTestClassProcessor.java:54)
	at org.gradle.api.internal.tasks.testing.SuiteTestClassProcessor.processTestClass(SuiteTestClassProcessor.java:53)
	at java.base@11.0.24/jdk.internal.reflect.NativeMethodAccessorImpl.invoke0(Native Method)
	at java.base@11.0.24/jdk.internal.reflect.NativeMethodAccessorImpl.invoke(NativeMethodAccessorImpl.java:62)
	at java.base@11.0.24/jdk.internal.reflect.DelegatingMethodAccessorImpl.invoke(DelegatingMethodAccessorImpl.java:43)
	at java.base@11.0.24/java.lang.reflect.Method.invoke(Method.java:566)
	at org.gradle.internal.dispatch.ReflectionDispatch.dispatch(ReflectionDispatch.java:36)
	at org.gradle.internal.dispatch.ReflectionDispatch.dispatch(ReflectionDispatch.java:24)
	at org.gradle.internal.dispatch.ContextClassLoaderDispatch.dispatch(ContextClassLoaderDispatch.java:33)
	at org.gradle.internal.dispatch.ProxyDispatchAdapter$DispatchingInvocationHandler.invoke(ProxyDispatchAdapter.java:92)
	at com.sun.proxy.$Proxy4.processTestClass(Unknown Source)
	at org.gradle.api.internal.tasks.testing.worker.TestWorker$2.run(TestWorker.java:183)
	at org.gradle.api.internal.tasks.testing.worker.TestWorker.executeAndMaintainThreadName(TestWorker.java:132)
	at org.gradle.api.internal.tasks.testing.worker.TestWorker.execute(TestWorker.java:103)
	at org.gradle.api.internal.tasks.testing.worker.TestWorker.execute(TestWorker.java:63)
	at org.gradle.process.internal.worker.child.ActionExecutionWorker.execute(ActionExecutionWorker.java:56)
	at org.gradle.process.internal.worker.child.SystemApplicationClassLoaderWorker.call(SystemApplicationClassLoaderWorker.java:121)
	at org.gradle.process.internal.worker.child.SystemApplicationClassLoaderWorker.call(SystemApplicationClassLoaderWorker.java:71)
	at app//worker.org.gradle.process.internal.worker.GradleWorkerMain.run(GradleWorkerMain.java:69)
	at app//worker.org.gradle.process.internal.worker.GradleWorkerMain.main(GradleWorkerMain.java:74)
</failure>
  </testcase>
  <testcase name="testBlockedByBlocksRotateLeft" classname="tetris.BlockedTests" time="0.004">
    <failure message="org.scalatest.exceptions.TestFailedException: didPass was false&#10;Hint: The current tetromino cannot rotate into existing blocks â€“â€“ instead, the rotation is&#10;ignored.&#10;--------------------------------------------------------------------------------&#10;This is what went wrong:&#10;&#10;step=0, rand=1, actions=&lt;&gt;&#10;Want | Got âœ—&#10;------------&#10;J..  | ...  &#10;JJJ  | ...  &#10;Z..  | ...  &#10;&#10;step=1, rand=1, actions=&lt;RotateLeft&gt;&#10;Want | Got âœ—&#10;------------&#10;J..  | ...  &#10;JJJ  | ...  &#10;Z..  | ...  &#10;&#10;" type="org.scalatest.exceptions.TestFailedException">org.scalatest.exceptions.TestFailedException: didPass was false
Hint: The current tetromino cannot rotate into existing blocks â€“â€“ instead, the rotation is
ignored.
--------------------------------------------------------------------------------
This is what went wrong:

step=0, rand=1, actions=&lt;&gt;
Want | Got âœ—
------------
J..  | ...  
JJJ  | ...  
Z..  | ...  

step=1, rand=1, actions=&lt;RotateLeft&gt;
Want | Got âœ—
------------
J..  | ...  
JJJ  | ...  
Z..  | ...  


	at app//org.scalatest.Assertions.newAssertionFailedException(Assertions.scala:530)
	at app//org.scalatest.Assertions.newAssertionFailedException$(Assertions.scala:529)
	at app//org.scalatest.FunSuite.newAssertionFailedException(FunSuite.scala:1560)
	at app//org.scalatest.Assertions$AssertionsHelper.macroAssert(Assertions.scala:503)
	at app//generic.GameTestSuite.checkGame(GameTestSuite.scala:298)
	at app//tetris.TetrisTestSuiteBase.checkGame(TetrisTestSuiteBase.scala:106)
	at app//tetris.BlockedTests.$anonfun$new$5(BlockedTests.scala:100)
	at app//scala.runtime.java8.JFunction0$mcV$sp.apply(JFunction0$mcV$sp.scala:18)
	at app//infrastructure.TestBase.$anonfun$test$1(TestBase.scala:36)
	at app//org.scalatest.OutcomeOf.outcomeOf(OutcomeOf.scala:85)
	at app//org.scalatest.OutcomeOf.outcomeOf$(OutcomeOf.scala:83)
	at app//org.scalatest.OutcomeOf$.outcomeOf(OutcomeOf.scala:104)
	at app//org.scalatest.Transformer.apply(Transformer.scala:22)
	at app//org.scalatest.Transformer.apply(Transformer.scala:20)
	at app//org.scalatest.FunSuiteLike$$anon$1.apply(FunSuiteLike.scala:186)
	at app//org.scalatest.TestSuite.withFixture(TestSuite.scala:196)
	at app//org.scalatest.TestSuite.withFixture$(TestSuite.scala:195)
	at app//infrastructure.TestBase.org$scalatest$concurrent$TimeLimitedTests$$super$withFixture(TestBase.scala:9)
	at app//org.scalatest.concurrent.TimeLimitedTests.$anonfun$withFixture$3(TimeLimitedTests.scala:154)
	at app//org.scalatest.enablers.Timed$$anon$1.timeoutAfter(Timed.scala:127)
	at app//org.scalatest.concurrent.TimeLimits.failAfterImpl(TimeLimits.scala:239)
	at app//org.scalatest.concurrent.TimeLimits.failAfterImpl$(TimeLimits.scala:233)
	at app//org.scalatest.concurrent.TimeLimits$.failAfterImpl(TimeLimits.scala:305)
	at app//org.scalatest.concurrent.TimeLimitedTests.withFixture(TimeLimitedTests.scala:153)
	at app//org.scalatest.concurrent.TimeLimitedTests.withFixture$(TimeLimitedTests.scala:150)
	at app//infrastructure.TestBase.withFixture(TestBase.scala:9)
	at app//org.scalatest.FunSuiteLike.invokeWithFixture$1(FunSuiteLike.scala:184)
	at app//org.scalatest.FunSuiteLike.$anonfun$runTest$1(FunSuiteLike.scala:196)
	at app//org.scalatest.SuperEngine.runTestImpl(Engine.scala:286)
	at app//org.scalatest.FunSuiteLike.runTest(FunSuiteLike.scala:196)
	at app//org.scalatest.FunSuiteLike.runTest$(FunSuiteLike.scala:178)
	at app//org.scalatest.FunSuite.runTest(FunSuite.scala:1560)
	at app//org.scalatest.FunSuiteLike.$anonfun$runTests$1(FunSuiteLike.scala:229)
	at app//org.scalatest.SuperEngine.$anonfun$runTestsInBranch$1(Engine.scala:393)
	at app//scala.collection.immutable.List.foreach(List.scala:334)
	at app//org.scalatest.SuperEngine.traverseSubNodes$1(Engine.scala:381)
	at app//org.scalatest.SuperEngine.runTestsInBranch(Engine.scala:376)
	at app//org.scalatest.SuperEngine.runTestsImpl(Engine.scala:458)
	at app//org.scalatest.FunSuiteLike.runTests(FunSuiteLike.scala:229)
	at app//org.scalatest.FunSuiteLike.runTests$(FunSuiteLike.scala:228)
	at app//org.scalatest.FunSuite.runTests(FunSuite.scala:1560)
	at app//org.scalatest.Suite.run(Suite.scala:1124)
	at app//org.scalatest.Suite.run$(Suite.scala:1106)
	at app//org.scalatest.FunSuite.org$scalatest$FunSuiteLike$$super$run(FunSuite.scala:1560)
	at app//org.scalatest.FunSuiteLike.$anonfun$run$1(FunSuiteLike.scala:233)
	at app//org.scalatest.SuperEngine.runImpl(Engine.scala:518)
	at app//org.scalatest.FunSuiteLike.run(FunSuiteLike.scala:233)
	at app//org.scalatest.FunSuiteLike.run$(FunSuiteLike.scala:232)
	at app//infrastructure.TestBase.run(TestBase.scala:26)
	at app//org.scalatest.Suite.callExecuteOnSuite$1(Suite.scala:1187)
	at app//org.scalatest.Suite.$anonfun$runNestedSuites$1(Suite.scala:1234)
	at app//scala.collection.ArrayOps$.foreach$extension(ArrayOps.scala:1323)
	at app//org.scalatest.Suite.runNestedSuites(Suite.scala:1232)
	at app//org.scalatest.Suite.runNestedSuites$(Suite.scala:1166)
	at app//org.scalatest.Suites.runNestedSuites(Suites.scala:56)
	at app//org.scalatest.Suite.run(Suite.scala:1121)
	at app//org.scalatest.Suite.run$(Suite.scala:1106)
	at app//tetris.TetrisTestSuitesBase.runDirect(TetrisTestSuitesBase.scala:20)
	at app//tetris.TetrisTestSuitesBase.runWithScoreCounter(TetrisTestSuitesBase.scala:14)
	at app//tetris.TetrisTestSuite3_2.run(TetrisTestSuite3_2.scala:25)
	at app//org.scalatestplus.junit.JUnitRunner.run(JUnitRunner.scala:99)
	at org.gradle.api.internal.tasks.testing.junit.JUnitTestClassExecutor.runTestClass(JUnitTestClassExecutor.java:112)
	at org.gradle.api.internal.tasks.testing.junit.JUnitTestClassExecutor.execute(JUnitTestClassExecutor.java:58)
	at org.gradle.api.internal.tasks.testing.junit.JUnitTestClassExecutor.execute(JUnitTestClassExecutor.java:40)
	at org.gradle.api.internal.tasks.testing.junit.AbstractJUnitTestClassProcessor.processTestClass(AbstractJUnitTestClassProcessor.java:54)
	at org.gradle.api.internal.tasks.testing.SuiteTestClassProcessor.processTestClass(SuiteTestClassProcessor.java:53)
	at java.base@11.0.24/jdk.internal.reflect.NativeMethodAccessorImpl.invoke0(Native Method)
	at java.base@11.0.24/jdk.internal.reflect.NativeMethodAccessorImpl.invoke(NativeMethodAccessorImpl.java:62)
	at java.base@11.0.24/jdk.internal.reflect.DelegatingMethodAccessorImpl.invoke(DelegatingMethodAccessorImpl.java:43)
	at java.base@11.0.24/java.lang.reflect.Method.invoke(Method.java:566)
	at org.gradle.internal.dispatch.ReflectionDispatch.dispatch(ReflectionDispatch.java:36)
	at org.gradle.internal.dispatch.ReflectionDispatch.dispatch(ReflectionDispatch.java:24)
	at org.gradle.internal.dispatch.ContextClassLoaderDispatch.dispatch(ContextClassLoaderDispatch.java:33)
	at org.gradle.internal.dispatch.ProxyDispatchAdapter$DispatchingInvocationHandler.invoke(ProxyDispatchAdapter.java:92)
	at com.sun.proxy.$Proxy4.processTestClass(Unknown Source)
	at org.gradle.api.internal.tasks.testing.worker.TestWorker$2.run(TestWorker.java:183)
	at org.gradle.api.internal.tasks.testing.worker.TestWorker.executeAndMaintainThreadName(TestWorker.java:132)
	at org.gradle.api.internal.tasks.testing.worker.TestWorker.execute(TestWorker.java:103)
	at org.gradle.api.internal.tasks.testing.worker.TestWorker.execute(TestWorker.java:63)
	at org.gradle.process.internal.worker.child.ActionExecutionWorker.execute(ActionExecutionWorker.java:56)
	at org.gradle.process.internal.worker.child.SystemApplicationClassLoaderWorker.call(SystemApplicationClassLoaderWorker.java:121)
	at org.gradle.process.internal.worker.child.SystemApplicationClassLoaderWorker.call(SystemApplicationClassLoaderWorker.java:71)
	at app//worker.org.gradle.process.internal.worker.GradleWorkerMain.run(GradleWorkerMain.java:69)
	at app//worker.org.gradle.process.internal.worker.GradleWorkerMain.main(GradleWorkerMain.java:74)
</failure>
  </testcase>
  <testcase name="testBlockedByBlocksRotateRight" classname="tetris.BlockedTests" time="0.012">
    <failure message="org.scalatest.exceptions.TestFailedException: didPass was false&#10;Hint: The current tetromino cannot rotate into existing blocks â€“â€“ instead, the rotation is&#10;ignored.&#10;--------------------------------------------------------------------------------&#10;This is what went wrong:&#10;&#10;step=0, rand=0, actions=&lt;&gt;&#10;Want   | Got âœ—                                                                                                                                    &#10;--------------------------------------------------------------------------------------------------------------------------------------------------&#10;...O.. | LogicFailed(java.util.NoSuchElementException: key not found: (4,0)                                                                       &#10;.IIII. | &#9;at scala.collection.immutable.BitmapIndexedMapNode.apply(HashMap.scala:670)                                                             &#10;...... | &#9;at scala.collection.immutable.BitmapIndexedMapNode.apply(HashMap.scala:672)                                                             &#10;...... | &#9;at scala.collection.immutable.HashMap.apply(HashMap.scala:132)                                                                          &#10;       | &#9;at tetris.logic.TetrisLogic.getCellType(TetrisLogic.scala:49)                                                                           &#10;       | &#9;at tetris.TetrisLogicWrapper.getCell(TetrisTestSuiteBase.scala:48)                                                                      &#10;       | &#9;at tetris.TetrisLogicWrapper.getCell(TetrisTestSuiteBase.scala:34)                                                                      &#10;       | &#9;at generic.GameTestSuite.$anonfun$getDisplay$2(GameTestSuite.scala:138)                                                                 &#10;       | &#9;at generic.GameTestSuite.$anonfun$getDisplay$2$adapted(GameTestSuite.scala:137)                                                         &#10;       | &#9;at scala.collection.immutable.Range.map(Range.scala:59)                                                                                 &#10;       | &#9;at generic.GameTestSuite.$anonfun$getDisplay$1(GameTestSuite.scala:137)                                                                 &#10;       | &#9;at generic.GameTestSuite.$anonfun$getDisplay$1$adapted(GameTestSuite.scala:136)                                                         &#10;       | &#9;at scala.collection.immutable.Range.map(Range.scala:59)                                                                                 &#10;       | &#9;at generic.GameTestSuite.getGridDisplay$1(GameTestSuite.scala:136)                                                                      &#10;       | &#9;at generic.GameTestSuite.getDisplay(GameTestSuite.scala:143)                                                                            &#10;       | &#9;at generic.GameTestSuite$TestRecording.$anonfun$implementationDisplays$1(GameTestSuite.scala:190)                                       &#10;       | &#9;at generic.GameTestSuite$TestRecording.catchLogicError$1(GameTestSuite.scala:182)                                                       &#10;       | &#9;at generic.GameTestSuite$TestRecording.liftedTree1$1(GameTestSuite.scala:190)                                                           &#10;       | &#9;at generic.GameTestSuite$TestRecording.implementationDisplays$lzycompute(GameTestSuite.scala:187)                                       &#10;       | &#9;at generic.GameTestSuite$TestRecording.implementationDisplays(GameTestSuite.scala:178)                                                  &#10;       | &#9;at generic.GameTestSuite$TestRecording.passes$lzycompute(GameTestSuite.scala:208)                                                       &#10;       | &#9;at generic.GameTestSuite$TestRecording.passes(GameTestSuite.scala:207)                                                                  &#10;       | &#9;at generic.GameTestSuite.checkGame(GameTestSuite.scala:290)                                                                             &#10;       | &#9;at tetris.TetrisTestSuiteBase.checkGame(TetrisTestSuiteBase.scala:106)                                                                  &#10;       | &#9;at tetris.BlockedTests.$anonfun$new$6(BlockedTests.scala:130)                                                                           &#10;       | &#9;at scala.runtime.java8.JFunction0$mcV$sp.apply(JFunction0$mcV$sp.scala:18)                                                              &#10;       | &#9;at infrastructure.TestBase.$anonfun$test$1(TestBase.scala:36)                                                                           &#10;       | &#9;at org.scalatest.OutcomeOf.outcomeOf(OutcomeOf.scala:85)                                                                                &#10;       | &#9;at org.scalatest.OutcomeOf.outcomeOf$(OutcomeOf.scala:83)                                                                               &#10;       | &#9;at org.scalatest.OutcomeOf$.outcomeOf(OutcomeOf.scala:104)                                                                              &#10;       | &#9;at org.scalatest.Transformer.apply(Transformer.scala:22)                                                                                &#10;       | &#9;at org.scalatest.Transformer.apply(Transformer.scala:20)                                                                                &#10;       | &#9;at org.scalatest.FunSuiteLike$$anon$1.apply(FunSuiteLike.scala:186)                                                                     &#10;       | &#9;at org.scalatest.TestSuite.withFixture(TestSuite.scala:196)                                                                             &#10;       | &#9;at org.scalatest.TestSuite.withFixture$(TestSuite.scala:195)                                                                            &#10;       | &#9;at infrastructure.TestBase.org$scalatest$concurrent$TimeLimitedTests$$super$withFixture(TestBase.scala:9)                               &#10;       | &#9;at org.scalatest.concurrent.TimeLimitedTests.$anonfun$withFixture$3(TimeLimitedTests.scala:154)                                         &#10;       | &#9;at org.scalatest.enablers.Timed$$anon$1.timeoutAfter(Timed.scala:127)                                                                   &#10;       | &#9;at org.scalatest.concurrent.TimeLimits.failAfterImpl(TimeLimits.scala:239)                                                              &#10;       | &#9;at org.scalatest.concurrent.TimeLimits.failAfterImpl$(TimeLimits.scala:233)                                                             &#10;       | &#9;at org.scalatest.concurrent.TimeLimits$.failAfterImpl(TimeLimits.scala:305)                                                             &#10;       | &#9;at org.scalatest.concurrent.TimeLimitedTests.withFixture(TimeLimitedTests.scala:153)                                                    &#10;       | &#9;at org.scalatest.concurrent.TimeLimitedTests.withFixture$(TimeLimitedTests.scala:150)                                                   &#10;       | &#9;at infrastructure.TestBase.withFixture(TestBase.scala:9)                                                                                &#10;       | &#9;at org.scalatest.FunSuiteLike.invokeWithFixture$1(FunSuiteLike.scala:184)                                                               &#10;       | &#9;at org.scalatest.FunSuiteLike.$anonfun$runTest$1(FunSuiteLike.scala:196)                                                                &#10;       | &#9;at org.scalatest.SuperEngine.runTestImpl(Engine.scala:286)                                                                              &#10;       | &#9;at org.scalatest.FunSuiteLike.runTest(FunSuiteLike.scala:196)                                                                           &#10;       | &#9;at org.scalatest.FunSuiteLike.runTest$(FunSuiteLike.scala:178)                                                                          &#10;       | &#9;at org.scalatest.FunSuite.runTest(FunSuite.scala:1560)                                                                                  &#10;       | &#9;at org.scalatest.FunSuiteLike.$anonfun$runTests$1(FunSuiteLike.scala:229)                                                               &#10;       | &#9;at org.scalatest.SuperEngine.$anonfun$runTestsInBranch$1(Engine.scala:393)                                                              &#10;       | &#9;at scala.collection.immutable.List.foreach(List.scala:334)                                                                              &#10;       | &#9;at org.scalatest.SuperEngine.traverseSubNodes$1(Engine.scala:381)                                                                       &#10;       | &#9;at org.scalatest.SuperEngine.runTestsInBranch(Engine.scala:376)                                                                         &#10;       | &#9;at org.scalatest.SuperEngine.runTestsImpl(Engine.scala:458)                                                                             &#10;       | &#9;at org.scalatest.FunSuiteLike.runTests(FunSuiteLike.scala:229)                                                                          &#10;       | &#9;at org.scalatest.FunSuiteLike.runTests$(FunSuiteLike.scala:228)                                                                         &#10;       | &#9;at org.scalatest.FunSuite.runTests(FunSuite.scala:1560)                                                                                 &#10;       | &#9;at org.scalatest.Suite.run(Suite.scala:1124)                                                                                            &#10;       | &#9;at org.scalatest.Suite.run$(Suite.scala:1106)                                                                                           &#10;       | &#9;at org.scalatest.FunSuite.org$scalatest$FunSuiteLike$$super$run(FunSuite.scala:1560)                                                    &#10;       | &#9;at org.scalatest.FunSuiteLike.$anonfun$run$1(FunSuiteLike.scala:233)                                                                    &#10;       | &#9;at org.scalatest.SuperEngine.runImpl(Engine.scala:518)                                                                                  &#10;       | &#9;at org.scalatest.FunSuiteLike.run(FunSuiteLike.scala:233)                                                                               &#10;       | &#9;at org.scalatest.FunSuiteLike.run$(FunSuiteLike.scala:232)                                                                              &#10;       | &#9;at infrastructure.TestBase.run(TestBase.scala:26)                                                                                       &#10;       | &#9;at org.scalatest.Suite.callExecuteOnSuite$1(Suite.scala:1187)                                                                           &#10;       | &#9;at org.scalatest.Suite.$anonfun$runNestedSuites$1(Suite.scala:1234)                                                                     &#10;       | &#9;at scala.collection.ArrayOps$.foreach$extension(ArrayOps.scala:1323)                                                                    &#10;       | &#9;at org.scalatest.Suite.runNestedSuites(Suite.scala:1232)                                                                                &#10;       | &#9;at org.scalatest.Suite.runNestedSuites$(Suite.scala:1166)                                                                               &#10;       | &#9;at org.scalatest.Suites.runNestedSuites(Suites.scala:56)                                                                                &#10;       | &#9;at org.scalatest.Suite.run(Suite.scala:1121)                                                                                            &#10;       | &#9;at org.scalatest.Suite.run$(Suite.scala:1106)                                                                                           &#10;       | &#9;at tetris.TetrisTestSuitesBase.runDirect(TetrisTestSuitesBase.scala:20)                                                                 &#10;       | &#9;at tetris.TetrisTestSuitesBase.runWithScoreCounter(TetrisTestSuitesBase.scala:14)                                                       &#10;       | &#9;at tetris.TetrisTestSuite3_2.run(TetrisTestSuite3_2.scala:25)                                                                           &#10;       | &#9;at org.scalatestplus.junit.JUnitRunner.run(JUnitRunner.scala:99)                                                                        &#10;       | &#9;at org.gradle.api.internal.tasks.testing.junit.JUnitTestClassExecutor.runTestClass(JUnitTestClassExecutor.java:112)                     &#10;       | &#9;at org.gradle.api.internal.tasks.testing.junit.JUnitTestClassExecutor.execute(JUnitTestClassExecutor.java:58)                           &#10;       | &#9;at org.gradle.api.internal.tasks.testing.junit.JUnitTestClassExecutor.execute(JUnitTestClassExecutor.java:40)                           &#10;       | &#9;at org.gradle.api.internal.tasks.testing.junit.AbstractJUnitTestClassProcessor.processTestClass(AbstractJUnitTestClassProcessor.java:54)&#10;       | &#9;at org.gradle.api.internal.tasks.testing.SuiteTestClassProcessor.processTestClass(SuiteTestClassProcessor.java:53)                      &#10;       | &#9;at java.base/jdk.internal.reflect.NativeMethodAccessorImpl.invoke0(Native Method)                                                       &#10;       | &#9;at java.base/jdk.internal.reflect.NativeMethodAccessorImpl.invoke(NativeMethodAccessorImpl.java:62)                                     &#10;       | &#9;at java.base/jdk.internal.reflect.DelegatingMethodAccessorImpl.invoke(DelegatingMethodAccessorImpl.java:43)                             &#10;       | &#9;at java.base/java.lang.reflect.Method.invoke(Method.java:566)                                                                           &#10;       | &#9;at org.gradle.internal.dispatch.ReflectionDispatch.dispatch(ReflectionDispatch.java:36)                                                 &#10;       | &#9;at org.gradle.internal.dispatch.ReflectionDispatch.dispatch(ReflectionDispatch.java:24)                                                 &#10;       | &#9;at org.gradle.internal.dispatch.ContextClassLoaderDispatch.dispatch(ContextClassLoaderDispatch.java:33)                                 &#10;       | &#9;at org.gradle.internal.dispatch.ProxyDispatchAdapter$DispatchingInvocationHandler.invoke(ProxyDispatchAdapter.java:92)                  &#10;       | &#9;at com.sun.proxy.$Proxy4.processTestClass(Unknown Source)                                                                               &#10;       | &#9;at org.gradle.api.internal.tasks.testing.worker.TestWorker$2.run(TestWorker.java:183)                                                   &#10;       | &#9;at org.gradle.api.internal.tasks.testing.worker.TestWorker.executeAndMaintainThreadName(TestWorker.java:132)                            &#10;       | &#9;at org.gradle.api.internal.tasks.testing.worker.TestWorker.execute(TestWorker.java:103)                                                 &#10;       | &#9;at org.gradle.api.internal.tasks.testing.worker.TestWorker.execute(TestWorker.java:63)                                                  &#10;       | &#9;at org.gradle.process.internal.worker.child.ActionExecutionWorker.execute(ActionExecutionWorker.java:56)                                &#10;       | &#9;at org.gradle.process.internal.worker.child.SystemApplicationClassLoaderWorker.call(SystemApplicationClassLoaderWorker.java:121)        &#10;       | &#9;at org.gradle.process.internal.worker.child.SystemApplicationClassLoaderWorker.call(SystemApplicationClassLoaderWorker.java:71)         &#10;       | &#9;at worker.org.gradle.process.internal.worker.GradleWorkerMain.run(GradleWorkerMain.java:69)                                             &#10;       | &#9;at worker.org.gradle.process.internal.worker.GradleWorkerMain.main(GradleWorkerMain.java:74)                                            &#10;       | )                                                                                                                                        &#10;&#10;" type="org.scalatest.exceptions.TestFailedException">org.scalatest.exceptions.TestFailedException: didPass was false
Hint: The current tetromino cannot rotate into existing blocks â€“â€“ instead, the rotation is
ignored.
--------------------------------------------------------------------------------
This is what went wrong:

step=0, rand=0, actions=&lt;&gt;
Want   | Got âœ—                                                                                                                                    
--------------------------------------------------------------------------------------------------------------------------------------------------
...O.. | LogicFailed(java.util.NoSuchElementException: key not found: (4,0)                                                                       
.IIII. | 	at scala.collection.immutable.BitmapIndexedMapNode.apply(HashMap.scala:670)                                                             
...... | 	at scala.collection.immutable.BitmapIndexedMapNode.apply(HashMap.scala:672)                                                             
...... | 	at scala.collection.immutable.HashMap.apply(HashMap.scala:132)                                                                          
       | 	at tetris.logic.TetrisLogic.getCellType(TetrisLogic.scala:49)                                                                           
       | 	at tetris.TetrisLogicWrapper.getCell(TetrisTestSuiteBase.scala:48)                                                                      
       | 	at tetris.TetrisLogicWrapper.getCell(TetrisTestSuiteBase.scala:34)                                                                      
       | 	at generic.GameTestSuite.$anonfun$getDisplay$2(GameTestSuite.scala:138)                                                                 
       | 	at generic.GameTestSuite.$anonfun$getDisplay$2$adapted(GameTestSuite.scala:137)                                                         
       | 	at scala.collection.immutable.Range.map(Range.scala:59)                                                                                 
       | 	at generic.GameTestSuite.$anonfun$getDisplay$1(GameTestSuite.scala:137)                                                                 
       | 	at generic.GameTestSuite.$anonfun$getDisplay$1$adapted(GameTestSuite.scala:136)                                                         
       | 	at scala.collection.immutable.Range.map(Range.scala:59)                                                                                 
       | 	at generic.GameTestSuite.getGridDisplay$1(GameTestSuite.scala:136)                                                                      
       | 	at generic.GameTestSuite.getDisplay(GameTestSuite.scala:143)                                                                            
       | 	at generic.GameTestSuite$TestRecording.$anonfun$implementationDisplays$1(GameTestSuite.scala:190)                                       
       | 	at generic.GameTestSuite$TestRecording.catchLogicError$1(GameTestSuite.scala:182)                                                       
       | 	at generic.GameTestSuite$TestRecording.liftedTree1$1(GameTestSuite.scala:190)                                                           
       | 	at generic.GameTestSuite$TestRecording.implementationDisplays$lzycompute(GameTestSuite.scala:187)                                       
       | 	at generic.GameTestSuite$TestRecording.implementationDisplays(GameTestSuite.scala:178)                                                  
       | 	at generic.GameTestSuite$TestRecording.passes$lzycompute(GameTestSuite.scala:208)                                                       
       | 	at generic.GameTestSuite$TestRecording.passes(GameTestSuite.scala:207)                                                                  
       | 	at generic.GameTestSuite.checkGame(GameTestSuite.scala:290)                                                                             
       | 	at tetris.TetrisTestSuiteBase.checkGame(TetrisTestSuiteBase.scala:106)                                                                  
       | 	at tetris.BlockedTests.$anonfun$new$6(BlockedTests.scala:130)                                                                           
       | 	at scala.runtime.java8.JFunction0$mcV$sp.apply(JFunction0$mcV$sp.scala:18)                                                              
       | 	at infrastructure.TestBase.$anonfun$test$1(TestBase.scala:36)                                                                           
       | 	at org.scalatest.OutcomeOf.outcomeOf(OutcomeOf.scala:85)                                                                                
       | 	at org.scalatest.OutcomeOf.outcomeOf$(OutcomeOf.scala:83)                                                                               
       | 	at org.scalatest.OutcomeOf$.outcomeOf(OutcomeOf.scala:104)                                                                              
       | 	at org.scalatest.Transformer.apply(Transformer.scala:22)                                                                                
       | 	at org.scalatest.Transformer.apply(Transformer.scala:20)                                                                                
       | 	at org.scalatest.FunSuiteLike$$anon$1.apply(FunSuiteLike.scala:186)                                                                     
       | 	at org.scalatest.TestSuite.withFixture(TestSuite.scala:196)                                                                             
       | 	at org.scalatest.TestSuite.withFixture$(TestSuite.scala:195)                                                                            
       | 	at infrastructure.TestBase.org$scalatest$concurrent$TimeLimitedTests$$super$withFixture(TestBase.scala:9)                               
       | 	at org.scalatest.concurrent.TimeLimitedTests.$anonfun$withFixture$3(TimeLimitedTests.scala:154)                                         
       | 	at org.scalatest.enablers.Timed$$anon$1.timeoutAfter(Timed.scala:127)                                                                   
       | 	at org.scalatest.concurrent.TimeLimits.failAfterImpl(TimeLimits.scala:239)                                                              
       | 	at org.scalatest.concurrent.TimeLimits.failAfterImpl$(TimeLimits.scala:233)                                                             
       | 	at org.scalatest.concurrent.TimeLimits$.failAfterImpl(TimeLimits.scala:305)                                                             
       | 	at org.scalatest.concurrent.TimeLimitedTests.withFixture(TimeLimitedTests.scala:153)                                                    
       | 	at org.scalatest.concurrent.TimeLimitedTests.withFixture$(TimeLimitedTests.scala:150)                                                   
       | 	at infrastructure.TestBase.withFixture(TestBase.scala:9)                                                                                
       | 	at org.scalatest.FunSuiteLike.invokeWithFixture$1(FunSuiteLike.scala:184)                                                               
       | 	at org.scalatest.FunSuiteLike.$anonfun$runTest$1(FunSuiteLike.scala:196)                                                                
       | 	at org.scalatest.SuperEngine.runTestImpl(Engine.scala:286)                                                                              
       | 	at org.scalatest.FunSuiteLike.runTest(FunSuiteLike.scala:196)                                                                           
       | 	at org.scalatest.FunSuiteLike.runTest$(FunSuiteLike.scala:178)                                                                          
       | 	at org.scalatest.FunSuite.runTest(FunSuite.scala:1560)                                                                                  
       | 	at org.scalatest.FunSuiteLike.$anonfun$runTests$1(FunSuiteLike.scala:229)                                                               
       | 	at org.scalatest.SuperEngine.$anonfun$runTestsInBranch$1(Engine.scala:393)                                                              
       | 	at scala.collection.immutable.List.foreach(List.scala:334)                                                                              
       | 	at org.scalatest.SuperEngine.traverseSubNodes$1(Engine.scala:381)                                                                       
       | 	at org.scalatest.SuperEngine.runTestsInBranch(Engine.scala:376)                                                                         
       | 	at org.scalatest.SuperEngine.runTestsImpl(Engine.scala:458)                                                                             
       | 	at org.scalatest.FunSuiteLike.runTests(FunSuiteLike.scala:229)                                                                          
       | 	at org.scalatest.FunSuiteLike.runTests$(FunSuiteLike.scala:228)                                                                         
       | 	at org.scalatest.FunSuite.runTests(FunSuite.scala:1560)                                                                                 
       | 	at org.scalatest.Suite.run(Suite.scala:1124)                                                                                            
       | 	at org.scalatest.Suite.run$(Suite.scala:1106)                                                                                           
       | 	at org.scalatest.FunSuite.org$scalatest$FunSuiteLike$$super$run(FunSuite.scala:1560)                                                    
       | 	at org.scalatest.FunSuiteLike.$anonfun$run$1(FunSuiteLike.scala:233)                                                                    
       | 	at org.scalatest.SuperEngine.runImpl(Engine.scala:518)                                                                                  
       | 	at org.scalatest.FunSuiteLike.run(FunSuiteLike.scala:233)                                                                               
       | 	at org.scalatest.FunSuiteLike.run$(FunSuiteLike.scala:232)                                                                              
       | 	at infrastructure.TestBase.run(TestBase.scala:26)                                                                                       
       | 	at org.scalatest.Suite.callExecuteOnSuite$1(Suite.scala:1187)                                                                           
       | 	at org.scalatest.Suite.$anonfun$runNestedSuites$1(Suite.scala:1234)                                                                     
       | 	at scala.collection.ArrayOps$.foreach$extension(ArrayOps.scala:1323)                                                                    
       | 	at org.scalatest.Suite.runNestedSuites(Suite.scala:1232)                                                                                
       | 	at org.scalatest.Suite.runNestedSuites$(Suite.scala:1166)                                                                               
       | 	at org.scalatest.Suites.runNestedSuites(Suites.scala:56)                                                                                
       | 	at org.scalatest.Suite.run(Suite.scala:1121)                                                                                            
       | 	at org.scalatest.Suite.run$(Suite.scala:1106)                                                                                           
       | 	at tetris.TetrisTestSuitesBase.runDirect(TetrisTestSuitesBase.scala:20)                                                                 
       | 	at tetris.TetrisTestSuitesBase.runWithScoreCounter(TetrisTestSuitesBase.scala:14)                                                       
       | 	at tetris.TetrisTestSuite3_2.run(TetrisTestSuite3_2.scala:25)                                                                           
       | 	at org.scalatestplus.junit.JUnitRunner.run(JUnitRunner.scala:99)                                                                        
       | 	at org.gradle.api.internal.tasks.testing.junit.JUnitTestClassExecutor.runTestClass(JUnitTestClassExecutor.java:112)                     
       | 	at org.gradle.api.internal.tasks.testing.junit.JUnitTestClassExecutor.execute(JUnitTestClassExecutor.java:58)                           
       | 	at org.gradle.api.internal.tasks.testing.junit.JUnitTestClassExecutor.execute(JUnitTestClassExecutor.java:40)                           
       | 	at org.gradle.api.internal.tasks.testing.junit.AbstractJUnitTestClassProcessor.processTestClass(AbstractJUnitTestClassProcessor.java:54)
       | 	at org.gradle.api.internal.tasks.testing.SuiteTestClassProcessor.processTestClass(SuiteTestClassProcessor.java:53)                      
       | 	at java.base/jdk.internal.reflect.NativeMethodAccessorImpl.invoke0(Native Method)                                                       
       | 	at java.base/jdk.internal.reflect.NativeMethodAccessorImpl.invoke(NativeMethodAccessorImpl.java:62)                                     
       | 	at java.base/jdk.internal.reflect.DelegatingMethodAccessorImpl.invoke(DelegatingMethodAccessorImpl.java:43)                             
       | 	at java.base/java.lang.reflect.Method.invoke(Method.java:566)                                                                           
       | 	at org.gradle.internal.dispatch.ReflectionDispatch.dispatch(ReflectionDispatch.java:36)                                                 
       | 	at org.gradle.internal.dispatch.ReflectionDispatch.dispatch(ReflectionDispatch.java:24)                                                 
       | 	at org.gradle.internal.dispatch.ContextClassLoaderDispatch.dispatch(ContextClassLoaderDispatch.java:33)                                 
       | 	at org.gradle.internal.dispatch.ProxyDispatchAdapter$DispatchingInvocationHandler.invoke(ProxyDispatchAdapter.java:92)                  
       | 	at com.sun.proxy.$Proxy4.processTestClass(Unknown Source)                                                                               
       | 	at org.gradle.api.internal.tasks.testing.worker.TestWorker$2.run(TestWorker.java:183)                                                   
       | 	at org.gradle.api.internal.tasks.testing.worker.TestWorker.executeAndMaintainThreadName(TestWorker.java:132)                            
       | 	at org.gradle.api.internal.tasks.testing.worker.TestWorker.execute(TestWorker.java:103)                                                 
       | 	at org.gradle.api.internal.tasks.testing.worker.TestWorker.execute(TestWorker.java:63)                                                  
       | 	at org.gradle.process.internal.worker.child.ActionExecutionWorker.execute(ActionExecutionWorker.java:56)                                
       | 	at org.gradle.process.internal.worker.child.SystemApplicationClassLoaderWorker.call(SystemApplicationClassLoaderWorker.java:121)        
       | 	at org.gradle.process.internal.worker.child.SystemApplicationClassLoaderWorker.call(SystemApplicationClassLoaderWorker.java:71)         
       | 	at worker.org.gradle.process.internal.worker.GradleWorkerMain.run(GradleWorkerMain.java:69)                                             
       | 	at worker.org.gradle.process.internal.worker.GradleWorkerMain.main(GradleWorkerMain.java:74)                                            
       | )                                                                                                                                        


	at app//org.scalatest.Assertions.newAssertionFailedException(Assertions.scala:530)
	at app//org.scalatest.Assertions.newAssertionFailedException$(Assertions.scala:529)
	at app//org.scalatest.FunSuite.newAssertionFailedException(FunSuite.scala:1560)
	at app//org.scalatest.Assertions$AssertionsHelper.macroAssert(Assertions.scala:503)
	at app//generic.GameTestSuite.checkGame(GameTestSuite.scala:298)
	at app//tetris.TetrisTestSuiteBase.checkGame(TetrisTestSuiteBase.scala:106)
	at app//tetris.BlockedTests.$anonfun$new$6(BlockedTests.scala:130)
	at app//scala.runtime.java8.JFunction0$mcV$sp.apply(JFunction0$mcV$sp.scala:18)
	at app//infrastructure.TestBase.$anonfun$test$1(TestBase.scala:36)
	at app//org.scalatest.OutcomeOf.outcomeOf(OutcomeOf.scala:85)
	at app//org.scalatest.OutcomeOf.outcomeOf$(OutcomeOf.scala:83)
	at app//org.scalatest.OutcomeOf$.outcomeOf(OutcomeOf.scala:104)
	at app//org.scalatest.Transformer.apply(Transformer.scala:22)
	at app//org.scalatest.Transformer.apply(Transformer.scala:20)
	at app//org.scalatest.FunSuiteLike$$anon$1.apply(FunSuiteLike.scala:186)
	at app//org.scalatest.TestSuite.withFixture(TestSuite.scala:196)
	at app//org.scalatest.TestSuite.withFixture$(TestSuite.scala:195)
	at app//infrastructure.TestBase.org$scalatest$concurrent$TimeLimitedTests$$super$withFixture(TestBase.scala:9)
	at app//org.scalatest.concurrent.TimeLimitedTests.$anonfun$withFixture$3(TimeLimitedTests.scala:154)
	at app//org.scalatest.enablers.Timed$$anon$1.timeoutAfter(Timed.scala:127)
	at app//org.scalatest.concurrent.TimeLimits.failAfterImpl(TimeLimits.scala:239)
	at app//org.scalatest.concurrent.TimeLimits.failAfterImpl$(TimeLimits.scala:233)
	at app//org.scalatest.concurrent.TimeLimits$.failAfterImpl(TimeLimits.scala:305)
	at app//org.scalatest.concurrent.TimeLimitedTests.withFixture(TimeLimitedTests.scala:153)
	at app//org.scalatest.concurrent.TimeLimitedTests.withFixture$(TimeLimitedTests.scala:150)
	at app//infrastructure.TestBase.withFixture(TestBase.scala:9)
	at app//org.scalatest.FunSuiteLike.invokeWithFixture$1(FunSuiteLike.scala:184)
	at app//org.scalatest.FunSuiteLike.$anonfun$runTest$1(FunSuiteLike.scala:196)
	at app//org.scalatest.SuperEngine.runTestImpl(Engine.scala:286)
	at app//org.scalatest.FunSuiteLike.runTest(FunSuiteLike.scala:196)
	at app//org.scalatest.FunSuiteLike.runTest$(FunSuiteLike.scala:178)
	at app//org.scalatest.FunSuite.runTest(FunSuite.scala:1560)
	at app//org.scalatest.FunSuiteLike.$anonfun$runTests$1(FunSuiteLike.scala:229)
	at app//org.scalatest.SuperEngine.$anonfun$runTestsInBranch$1(Engine.scala:393)
	at app//scala.collection.immutable.List.foreach(List.scala:334)
	at app//org.scalatest.SuperEngine.traverseSubNodes$1(Engine.scala:381)
	at app//org.scalatest.SuperEngine.runTestsInBranch(Engine.scala:376)
	at app//org.scalatest.SuperEngine.runTestsImpl(Engine.scala:458)
	at app//org.scalatest.FunSuiteLike.runTests(FunSuiteLike.scala:229)
	at app//org.scalatest.FunSuiteLike.runTests$(FunSuiteLike.scala:228)
	at app//org.scalatest.FunSuite.runTests(FunSuite.scala:1560)
	at app//org.scalatest.Suite.run(Suite.scala:1124)
	at app//org.scalatest.Suite.run$(Suite.scala:1106)
	at app//org.scalatest.FunSuite.org$scalatest$FunSuiteLike$$super$run(FunSuite.scala:1560)
	at app//org.scalatest.FunSuiteLike.$anonfun$run$1(FunSuiteLike.scala:233)
	at app//org.scalatest.SuperEngine.runImpl(Engine.scala:518)
	at app//org.scalatest.FunSuiteLike.run(FunSuiteLike.scala:233)
	at app//org.scalatest.FunSuiteLike.run$(FunSuiteLike.scala:232)
	at app//infrastructure.TestBase.run(TestBase.scala:26)
	at app//org.scalatest.Suite.callExecuteOnSuite$1(Suite.scala:1187)
	at app//org.scalatest.Suite.$anonfun$runNestedSuites$1(Suite.scala:1234)
	at app//scala.collection.ArrayOps$.foreach$extension(ArrayOps.scala:1323)
	at app//org.scalatest.Suite.runNestedSuites(Suite.scala:1232)
	at app//org.scalatest.Suite.runNestedSuites$(Suite.scala:1166)
	at app//org.scalatest.Suites.runNestedSuites(Suites.scala:56)
	at app//org.scalatest.Suite.run(Suite.scala:1121)
	at app//org.scalatest.Suite.run$(Suite.scala:1106)
	at app//tetris.TetrisTestSuitesBase.runDirect(TetrisTestSuitesBase.scala:20)
	at app//tetris.TetrisTestSuitesBase.runWithScoreCounter(TetrisTestSuitesBase.scala:14)
	at app//tetris.TetrisTestSuite3_2.run(TetrisTestSuite3_2.scala:25)
	at app//org.scalatestplus.junit.JUnitRunner.run(JUnitRunner.scala:99)
	at org.gradle.api.internal.tasks.testing.junit.JUnitTestClassExecutor.runTestClass(JUnitTestClassExecutor.java:112)
	at org.gradle.api.internal.tasks.testing.junit.JUnitTestClassExecutor.execute(JUnitTestClassExecutor.java:58)
	at org.gradle.api.internal.tasks.testing.junit.JUnitTestClassExecutor.execute(JUnitTestClassExecutor.java:40)
	at org.gradle.api.internal.tasks.testing.junit.AbstractJUnitTestClassProcessor.processTestClass(AbstractJUnitTestClassProcessor.java:54)
	at org.gradle.api.internal.tasks.testing.SuiteTestClassProcessor.processTestClass(SuiteTestClassProcessor.java:53)
	at java.base@11.0.24/jdk.internal.reflect.NativeMethodAccessorImpl.invoke0(Native Method)
	at java.base@11.0.24/jdk.internal.reflect.NativeMethodAccessorImpl.invoke(NativeMethodAccessorImpl.java:62)
	at java.base@11.0.24/jdk.internal.reflect.DelegatingMethodAccessorImpl.invoke(DelegatingMethodAccessorImpl.java:43)
	at java.base@11.0.24/java.lang.reflect.Method.invoke(Method.java:566)
	at org.gradle.internal.dispatch.ReflectionDispatch.dispatch(ReflectionDispatch.java:36)
	at org.gradle.internal.dispatch.ReflectionDispatch.dispatch(ReflectionDispatch.java:24)
	at org.gradle.internal.dispatch.ContextClassLoaderDispatch.dispatch(ContextClassLoaderDispatch.java:33)
	at org.gradle.internal.dispatch.ProxyDispatchAdapter$DispatchingInvocationHandler.invoke(ProxyDispatchAdapter.java:92)
	at com.sun.proxy.$Proxy4.processTestClass(Unknown Source)
	at org.gradle.api.internal.tasks.testing.worker.TestWorker$2.run(TestWorker.java:183)
	at org.gradle.api.internal.tasks.testing.worker.TestWorker.executeAndMaintainThreadName(TestWorker.java:132)
	at org.gradle.api.internal.tasks.testing.worker.TestWorker.execute(TestWorker.java:103)
	at org.gradle.api.internal.tasks.testing.worker.TestWorker.execute(TestWorker.java:63)
	at org.gradle.process.internal.worker.child.ActionExecutionWorker.execute(ActionExecutionWorker.java:56)
	at org.gradle.process.internal.worker.child.SystemApplicationClassLoaderWorker.call(SystemApplicationClassLoaderWorker.java:121)
	at org.gradle.process.internal.worker.child.SystemApplicationClassLoaderWorker.call(SystemApplicationClassLoaderWorker.java:71)
	at app//worker.org.gradle.process.internal.worker.GradleWorkerMain.run(GradleWorkerMain.java:69)
	at app//worker.org.gradle.process.internal.worker.GradleWorkerMain.main(GradleWorkerMain.java:74)
</failure>
  </testcase>
  <testcase name="testRotateLeftOutRight" classname="tetris.BlockedTests" time="0.005">
    <failure message="org.scalatest.exceptions.TestFailedException: didPass was false&#10;Hint: Trying to rotate out of the screen on the right side has no effect&#10;--------------------------------------------------------------------------------&#10;This is what went wrong:&#10;&#10;step=0, rand=2, actions=&lt;&gt;&#10;Want | Got âœ—&#10;------------&#10;..L  | ...  &#10;LLL  | ...  &#10;...  | ...  &#10;&#10;step=1, rand=2, actions=&lt;RotateLeft&gt;&#10;Want | Got âœ—&#10;------------&#10;LL.  | ...  &#10;.L.  | ...  &#10;.L.  | ...  &#10;&#10;step=2, rand=2, actions=&lt;Right&gt;&#10;Want | Got âœ—&#10;------------&#10;.LL  | ...  &#10;..L  | ...  &#10;..L  | ...  &#10;&#10;step=3, rand=2, actions=&lt;RotateLeft&gt;&#10;Want | Got âœ—&#10;------------&#10;.LL  | ...  &#10;..L  | ...  &#10;..L  | ...  &#10;&#10;" type="org.scalatest.exceptions.TestFailedException">org.scalatest.exceptions.TestFailedException: didPass was false
Hint: Trying to rotate out of the screen on the right side has no effect
--------------------------------------------------------------------------------
This is what went wrong:

step=0, rand=2, actions=&lt;&gt;
Want | Got âœ—
------------
..L  | ...  
LLL  | ...  
...  | ...  

step=1, rand=2, actions=&lt;RotateLeft&gt;
Want | Got âœ—
------------
LL.  | ...  
.L.  | ...  
.L.  | ...  

step=2, rand=2, actions=&lt;Right&gt;
Want | Got âœ—
------------
.LL  | ...  
..L  | ...  
..L  | ...  

step=3, rand=2, actions=&lt;RotateLeft&gt;
Want | Got âœ—
------------
.LL  | ...  
..L  | ...  
..L  | ...  


	at app//org.scalatest.Assertions.newAssertionFailedException(Assertions.scala:530)
	at app//org.scalatest.Assertions.newAssertionFailedException$(Assertions.scala:529)
	at app//org.scalatest.FunSuite.newAssertionFailedException(FunSuite.scala:1560)
	at app//org.scalatest.Assertions$AssertionsHelper.macroAssert(Assertions.scala:503)
	at app//generic.GameTestSuite.checkGame(GameTestSuite.scala:298)
	at app//tetris.TetrisTestSuiteBase.checkGame(TetrisTestSuiteBase.scala:106)
	at app//tetris.BlockedTests.$anonfun$new$7(BlockedTests.scala:155)
	at app//scala.runtime.java8.JFunction0$mcV$sp.apply(JFunction0$mcV$sp.scala:18)
	at app//infrastructure.TestBase.$anonfun$test$1(TestBase.scala:36)
	at app//org.scalatest.OutcomeOf.outcomeOf(OutcomeOf.scala:85)
	at app//org.scalatest.OutcomeOf.outcomeOf$(OutcomeOf.scala:83)
	at app//org.scalatest.OutcomeOf$.outcomeOf(OutcomeOf.scala:104)
	at app//org.scalatest.Transformer.apply(Transformer.scala:22)
	at app//org.scalatest.Transformer.apply(Transformer.scala:20)
	at app//org.scalatest.FunSuiteLike$$anon$1.apply(FunSuiteLike.scala:186)
	at app//org.scalatest.TestSuite.withFixture(TestSuite.scala:196)
	at app//org.scalatest.TestSuite.withFixture$(TestSuite.scala:195)
	at app//infrastructure.TestBase.org$scalatest$concurrent$TimeLimitedTests$$super$withFixture(TestBase.scala:9)
	at app//org.scalatest.concurrent.TimeLimitedTests.$anonfun$withFixture$3(TimeLimitedTests.scala:154)
	at app//org.scalatest.enablers.Timed$$anon$1.timeoutAfter(Timed.scala:127)
	at app//org.scalatest.concurrent.TimeLimits.failAfterImpl(TimeLimits.scala:239)
	at app//org.scalatest.concurrent.TimeLimits.failAfterImpl$(TimeLimits.scala:233)
	at app//org.scalatest.concurrent.TimeLimits$.failAfterImpl(TimeLimits.scala:305)
	at app//org.scalatest.concurrent.TimeLimitedTests.withFixture(TimeLimitedTests.scala:153)
	at app//org.scalatest.concurrent.TimeLimitedTests.withFixture$(TimeLimitedTests.scala:150)
	at app//infrastructure.TestBase.withFixture(TestBase.scala:9)
	at app//org.scalatest.FunSuiteLike.invokeWithFixture$1(FunSuiteLike.scala:184)
	at app//org.scalatest.FunSuiteLike.$anonfun$runTest$1(FunSuiteLike.scala:196)
	at app//org.scalatest.SuperEngine.runTestImpl(Engine.scala:286)
	at app//org.scalatest.FunSuiteLike.runTest(FunSuiteLike.scala:196)
	at app//org.scalatest.FunSuiteLike.runTest$(FunSuiteLike.scala:178)
	at app//org.scalatest.FunSuite.runTest(FunSuite.scala:1560)
	at app//org.scalatest.FunSuiteLike.$anonfun$runTests$1(FunSuiteLike.scala:229)
	at app//org.scalatest.SuperEngine.$anonfun$runTestsInBranch$1(Engine.scala:393)
	at app//scala.collection.immutable.List.foreach(List.scala:334)
	at app//org.scalatest.SuperEngine.traverseSubNodes$1(Engine.scala:381)
	at app//org.scalatest.SuperEngine.runTestsInBranch(Engine.scala:376)
	at app//org.scalatest.SuperEngine.runTestsImpl(Engine.scala:458)
	at app//org.scalatest.FunSuiteLike.runTests(FunSuiteLike.scala:229)
	at app//org.scalatest.FunSuiteLike.runTests$(FunSuiteLike.scala:228)
	at app//org.scalatest.FunSuite.runTests(FunSuite.scala:1560)
	at app//org.scalatest.Suite.run(Suite.scala:1124)
	at app//org.scalatest.Suite.run$(Suite.scala:1106)
	at app//org.scalatest.FunSuite.org$scalatest$FunSuiteLike$$super$run(FunSuite.scala:1560)
	at app//org.scalatest.FunSuiteLike.$anonfun$run$1(FunSuiteLike.scala:233)
	at app//org.scalatest.SuperEngine.runImpl(Engine.scala:518)
	at app//org.scalatest.FunSuiteLike.run(FunSuiteLike.scala:233)
	at app//org.scalatest.FunSuiteLike.run$(FunSuiteLike.scala:232)
	at app//infrastructure.TestBase.run(TestBase.scala:26)
	at app//org.scalatest.Suite.callExecuteOnSuite$1(Suite.scala:1187)
	at app//org.scalatest.Suite.$anonfun$runNestedSuites$1(Suite.scala:1234)
	at app//scala.collection.ArrayOps$.foreach$extension(ArrayOps.scala:1323)
	at app//org.scalatest.Suite.runNestedSuites(Suite.scala:1232)
	at app//org.scalatest.Suite.runNestedSuites$(Suite.scala:1166)
	at app//org.scalatest.Suites.runNestedSuites(Suites.scala:56)
	at app//org.scalatest.Suite.run(Suite.scala:1121)
	at app//org.scalatest.Suite.run$(Suite.scala:1106)
	at app//tetris.TetrisTestSuitesBase.runDirect(TetrisTestSuitesBase.scala:20)
	at app//tetris.TetrisTestSuitesBase.runWithScoreCounter(TetrisTestSuitesBase.scala:14)
	at app//tetris.TetrisTestSuite3_2.run(TetrisTestSuite3_2.scala:25)
	at app//org.scalatestplus.junit.JUnitRunner.run(JUnitRunner.scala:99)
	at org.gradle.api.internal.tasks.testing.junit.JUnitTestClassExecutor.runTestClass(JUnitTestClassExecutor.java:112)
	at org.gradle.api.internal.tasks.testing.junit.JUnitTestClassExecutor.execute(JUnitTestClassExecutor.java:58)
	at org.gradle.api.internal.tasks.testing.junit.JUnitTestClassExecutor.execute(JUnitTestClassExecutor.java:40)
	at org.gradle.api.internal.tasks.testing.junit.AbstractJUnitTestClassProcessor.processTestClass(AbstractJUnitTestClassProcessor.java:54)
	at org.gradle.api.internal.tasks.testing.SuiteTestClassProcessor.processTestClass(SuiteTestClassProcessor.java:53)
	at java.base@11.0.24/jdk.internal.reflect.NativeMethodAccessorImpl.invoke0(Native Method)
	at java.base@11.0.24/jdk.internal.reflect.NativeMethodAccessorImpl.invoke(NativeMethodAccessorImpl.java:62)
	at java.base@11.0.24/jdk.internal.reflect.DelegatingMethodAccessorImpl.invoke(DelegatingMethodAccessorImpl.java:43)
	at java.base@11.0.24/java.lang.reflect.Method.invoke(Method.java:566)
	at org.gradle.internal.dispatch.ReflectionDispatch.dispatch(ReflectionDispatch.java:36)
	at org.gradle.internal.dispatch.ReflectionDispatch.dispatch(ReflectionDispatch.java:24)
	at org.gradle.internal.dispatch.ContextClassLoaderDispatch.dispatch(ContextClassLoaderDispatch.java:33)
	at org.gradle.internal.dispatch.ProxyDispatchAdapter$DispatchingInvocationHandler.invoke(ProxyDispatchAdapter.java:92)
	at com.sun.proxy.$Proxy4.processTestClass(Unknown Source)
	at org.gradle.api.internal.tasks.testing.worker.TestWorker$2.run(TestWorker.java:183)
	at org.gradle.api.internal.tasks.testing.worker.TestWorker.executeAndMaintainThreadName(TestWorker.java:132)
	at org.gradle.api.internal.tasks.testing.worker.TestWorker.execute(TestWorker.java:103)
	at org.gradle.api.internal.tasks.testing.worker.TestWorker.execute(TestWorker.java:63)
	at org.gradle.process.internal.worker.child.ActionExecutionWorker.execute(ActionExecutionWorker.java:56)
	at org.gradle.process.internal.worker.child.SystemApplicationClassLoaderWorker.call(SystemApplicationClassLoaderWorker.java:121)
	at org.gradle.process.internal.worker.child.SystemApplicationClassLoaderWorker.call(SystemApplicationClassLoaderWorker.java:71)
	at app//worker.org.gradle.process.internal.worker.GradleWorkerMain.run(GradleWorkerMain.java:69)
	at app//worker.org.gradle.process.internal.worker.GradleWorkerMain.main(GradleWorkerMain.java:74)
</failure>
  </testcase>
  <testcase name="testRotateRightOutRight" classname="tetris.BlockedTests" time="0.003">
    <failure message="org.scalatest.exceptions.TestFailedException: didPass was false&#10;Hint: Trying to rotate out of the screen on the right side has no effect/&#10;--------------------------------------------------------------------------------&#10;This is what went wrong:&#10;&#10;step=0, rand=4, actions=&lt;&gt;&#10;Want | Got âœ—&#10;------------&#10;.SS  | ...  &#10;SS.  | ...  &#10;...  | ...  &#10;&#10;step=1, rand=2, actions=&lt;RotateLeft&gt;&#10;Want | Got âœ—&#10;------------&#10;S..  | ...  &#10;SS.  | ...  &#10;.S.  | ...  &#10;&#10;step=2, rand=2, actions=&lt;Right&gt;&#10;Want | Got âœ—&#10;------------&#10;.S.  | ...  &#10;.SS  | ...  &#10;..S  | ...  &#10;&#10;step=3, rand=2, actions=&lt;RotateRight&gt;&#10;Want | Got âœ—&#10;------------&#10;.S.  | ...  &#10;.SS  | ...  &#10;..S  | ...  &#10;&#10;" type="org.scalatest.exceptions.TestFailedException">org.scalatest.exceptions.TestFailedException: didPass was false
Hint: Trying to rotate out of the screen on the right side has no effect/
--------------------------------------------------------------------------------
This is what went wrong:

step=0, rand=4, actions=&lt;&gt;
Want | Got âœ—
------------
.SS  | ...  
SS.  | ...  
...  | ...  

step=1, rand=2, actions=&lt;RotateLeft&gt;
Want | Got âœ—
------------
S..  | ...  
SS.  | ...  
.S.  | ...  

step=2, rand=2, actions=&lt;Right&gt;
Want | Got âœ—
------------
.S.  | ...  
.SS  | ...  
..S  | ...  

step=3, rand=2, actions=&lt;RotateRight&gt;
Want | Got âœ—
------------
.S.  | ...  
.SS  | ...  
..S  | ...  


	at app//org.scalatest.Assertions.newAssertionFailedException(Assertions.scala:530)
	at app//org.scalatest.Assertions.newAssertionFailedException$(Assertions.scala:529)
	at app//org.scalatest.FunSuite.newAssertionFailedException(FunSuite.scala:1560)
	at app//org.scalatest.Assertions$AssertionsHelper.macroAssert(Assertions.scala:503)
	at app//generic.GameTestSuite.checkGame(GameTestSuite.scala:298)
	at app//tetris.TetrisTestSuiteBase.checkGame(TetrisTestSuiteBase.scala:106)
	at app//tetris.BlockedTests.$anonfun$new$8(BlockedTests.scala:180)
	at app//scala.runtime.java8.JFunction0$mcV$sp.apply(JFunction0$mcV$sp.scala:18)
	at app//infrastructure.TestBase.$anonfun$test$1(TestBase.scala:36)
	at app//org.scalatest.OutcomeOf.outcomeOf(OutcomeOf.scala:85)
	at app//org.scalatest.OutcomeOf.outcomeOf$(OutcomeOf.scala:83)
	at app//org.scalatest.OutcomeOf$.outcomeOf(OutcomeOf.scala:104)
	at app//org.scalatest.Transformer.apply(Transformer.scala:22)
	at app//org.scalatest.Transformer.apply(Transformer.scala:20)
	at app//org.scalatest.FunSuiteLike$$anon$1.apply(FunSuiteLike.scala:186)
	at app//org.scalatest.TestSuite.withFixture(TestSuite.scala:196)
	at app//org.scalatest.TestSuite.withFixture$(TestSuite.scala:195)
	at app//infrastructure.TestBase.org$scalatest$concurrent$TimeLimitedTests$$super$withFixture(TestBase.scala:9)
	at app//org.scalatest.concurrent.TimeLimitedTests.$anonfun$withFixture$3(TimeLimitedTests.scala:154)
	at app//org.scalatest.enablers.Timed$$anon$1.timeoutAfter(Timed.scala:127)
	at app//org.scalatest.concurrent.TimeLimits.failAfterImpl(TimeLimits.scala:239)
	at app//org.scalatest.concurrent.TimeLimits.failAfterImpl$(TimeLimits.scala:233)
	at app//org.scalatest.concurrent.TimeLimits$.failAfterImpl(TimeLimits.scala:305)
	at app//org.scalatest.concurrent.TimeLimitedTests.withFixture(TimeLimitedTests.scala:153)
	at app//org.scalatest.concurrent.TimeLimitedTests.withFixture$(TimeLimitedTests.scala:150)
	at app//infrastructure.TestBase.withFixture(TestBase.scala:9)
	at app//org.scalatest.FunSuiteLike.invokeWithFixture$1(FunSuiteLike.scala:184)
	at app//org.scalatest.FunSuiteLike.$anonfun$runTest$1(FunSuiteLike.scala:196)
	at app//org.scalatest.SuperEngine.runTestImpl(Engine.scala:286)
	at app//org.scalatest.FunSuiteLike.runTest(FunSuiteLike.scala:196)
	at app//org.scalatest.FunSuiteLike.runTest$(FunSuiteLike.scala:178)
	at app//org.scalatest.FunSuite.runTest(FunSuite.scala:1560)
	at app//org.scalatest.FunSuiteLike.$anonfun$runTests$1(FunSuiteLike.scala:229)
	at app//org.scalatest.SuperEngine.$anonfun$runTestsInBranch$1(Engine.scala:393)
	at app//scala.collection.immutable.List.foreach(List.scala:334)
	at app//org.scalatest.SuperEngine.traverseSubNodes$1(Engine.scala:381)
	at app//org.scalatest.SuperEngine.runTestsInBranch(Engine.scala:376)
	at app//org.scalatest.SuperEngine.runTestsImpl(Engine.scala:458)
	at app//org.scalatest.FunSuiteLike.runTests(FunSuiteLike.scala:229)
	at app//org.scalatest.FunSuiteLike.runTests$(FunSuiteLike.scala:228)
	at app//org.scalatest.FunSuite.runTests(FunSuite.scala:1560)
	at app//org.scalatest.Suite.run(Suite.scala:1124)
	at app//org.scalatest.Suite.run$(Suite.scala:1106)
	at app//org.scalatest.FunSuite.org$scalatest$FunSuiteLike$$super$run(FunSuite.scala:1560)
	at app//org.scalatest.FunSuiteLike.$anonfun$run$1(FunSuiteLike.scala:233)
	at app//org.scalatest.SuperEngine.runImpl(Engine.scala:518)
	at app//org.scalatest.FunSuiteLike.run(FunSuiteLike.scala:233)
	at app//org.scalatest.FunSuiteLike.run$(FunSuiteLike.scala:232)
	at app//infrastructure.TestBase.run(TestBase.scala:26)
	at app//org.scalatest.Suite.callExecuteOnSuite$1(Suite.scala:1187)
	at app//org.scalatest.Suite.$anonfun$runNestedSuites$1(Suite.scala:1234)
	at app//scala.collection.ArrayOps$.foreach$extension(ArrayOps.scala:1323)
	at app//org.scalatest.Suite.runNestedSuites(Suite.scala:1232)
	at app//org.scalatest.Suite.runNestedSuites$(Suite.scala:1166)
	at app//org.scalatest.Suites.runNestedSuites(Suites.scala:56)
	at app//org.scalatest.Suite.run(Suite.scala:1121)
	at app//org.scalatest.Suite.run$(Suite.scala:1106)
	at app//tetris.TetrisTestSuitesBase.runDirect(TetrisTestSuitesBase.scala:20)
	at app//tetris.TetrisTestSuitesBase.runWithScoreCounter(TetrisTestSuitesBase.scala:14)
	at app//tetris.TetrisTestSuite3_2.run(TetrisTestSuite3_2.scala:25)
	at app//org.scalatestplus.junit.JUnitRunner.run(JUnitRunner.scala:99)
	at org.gradle.api.internal.tasks.testing.junit.JUnitTestClassExecutor.runTestClass(JUnitTestClassExecutor.java:112)
	at org.gradle.api.internal.tasks.testing.junit.JUnitTestClassExecutor.execute(JUnitTestClassExecutor.java:58)
	at org.gradle.api.internal.tasks.testing.junit.JUnitTestClassExecutor.execute(JUnitTestClassExecutor.java:40)
	at org.gradle.api.internal.tasks.testing.junit.AbstractJUnitTestClassProcessor.processTestClass(AbstractJUnitTestClassProcessor.java:54)
	at org.gradle.api.internal.tasks.testing.SuiteTestClassProcessor.processTestClass(SuiteTestClassProcessor.java:53)
	at java.base@11.0.24/jdk.internal.reflect.NativeMethodAccessorImpl.invoke0(Native Method)
	at java.base@11.0.24/jdk.internal.reflect.NativeMethodAccessorImpl.invoke(NativeMethodAccessorImpl.java:62)
	at java.base@11.0.24/jdk.internal.reflect.DelegatingMethodAccessorImpl.invoke(DelegatingMethodAccessorImpl.java:43)
	at java.base@11.0.24/java.lang.reflect.Method.invoke(Method.java:566)
	at org.gradle.internal.dispatch.ReflectionDispatch.dispatch(ReflectionDispatch.java:36)
	at org.gradle.internal.dispatch.ReflectionDispatch.dispatch(ReflectionDispatch.java:24)
	at org.gradle.internal.dispatch.ContextClassLoaderDispatch.dispatch(ContextClassLoaderDispatch.java:33)
	at org.gradle.internal.dispatch.ProxyDispatchAdapter$DispatchingInvocationHandler.invoke(ProxyDispatchAdapter.java:92)
	at com.sun.proxy.$Proxy4.processTestClass(Unknown Source)
	at org.gradle.api.internal.tasks.testing.worker.TestWorker$2.run(TestWorker.java:183)
	at org.gradle.api.internal.tasks.testing.worker.TestWorker.executeAndMaintainThreadName(TestWorker.java:132)
	at org.gradle.api.internal.tasks.testing.worker.TestWorker.execute(TestWorker.java:103)
	at org.gradle.api.internal.tasks.testing.worker.TestWorker.execute(TestWorker.java:63)
	at org.gradle.process.internal.worker.child.ActionExecutionWorker.execute(ActionExecutionWorker.java:56)
	at org.gradle.process.internal.worker.child.SystemApplicationClassLoaderWorker.call(SystemApplicationClassLoaderWorker.java:121)
	at org.gradle.process.internal.worker.child.SystemApplicationClassLoaderWorker.call(SystemApplicationClassLoaderWorker.java:71)
	at app//worker.org.gradle.process.internal.worker.GradleWorkerMain.run(GradleWorkerMain.java:69)
	at app//worker.org.gradle.process.internal.worker.GradleWorkerMain.main(GradleWorkerMain.java:74)
</failure>
  </testcase>
  <testcase name="testRotateLeftOutLeft" classname="tetris.BlockedTests" time="0.009">
    <failure message="org.scalatest.exceptions.TestFailedException: didPass was false&#10;Hint: Trying to rotate out of the screen on the left side has no effect&#10;--------------------------------------------------------------------------------&#10;This is what went wrong:&#10;&#10;step=0, rand=0, actions=&lt;&gt;&#10;Want | Got âœ—&#10;------------&#10;.... | .... &#10;IIII | .... &#10;.... | .... &#10;.... | .... &#10;&#10;step=1, rand=2, actions=&lt;RotateLeft&gt;&#10;Want | Got âœ—&#10;------------&#10;.I.. | .... &#10;.I.. | .... &#10;.I.. | .... &#10;.I.. | .... &#10;&#10;step=2, rand=2, actions=&lt;Left&gt;&#10;Want | Got âœ—&#10;------------&#10;I... | .... &#10;I... | .... &#10;I... | .... &#10;I... | .... &#10;&#10;step=3, rand=2, actions=&lt;RotateLeft&gt;&#10;Want | Got âœ—&#10;------------&#10;I... | .... &#10;I... | .... &#10;I... | .... &#10;I... | .... &#10;&#10;" type="org.scalatest.exceptions.TestFailedException">org.scalatest.exceptions.TestFailedException: didPass was false
Hint: Trying to rotate out of the screen on the left side has no effect
--------------------------------------------------------------------------------
This is what went wrong:

step=0, rand=0, actions=&lt;&gt;
Want | Got âœ—
------------
.... | .... 
IIII | .... 
.... | .... 
.... | .... 

step=1, rand=2, actions=&lt;RotateLeft&gt;
Want | Got âœ—
------------
.I.. | .... 
.I.. | .... 
.I.. | .... 
.I.. | .... 

step=2, rand=2, actions=&lt;Left&gt;
Want | Got âœ—
------------
I... | .... 
I... | .... 
I... | .... 
I... | .... 

step=3, rand=2, actions=&lt;RotateLeft&gt;
Want | Got âœ—
------------
I... | .... 
I... | .... 
I... | .... 
I... | .... 


	at app//org.scalatest.Assertions.newAssertionFailedException(Assertions.scala:530)
	at app//org.scalatest.Assertions.newAssertionFailedException$(Assertions.scala:529)
	at app//org.scalatest.FunSuite.newAssertionFailedException(FunSuite.scala:1560)
	at app//org.scalatest.Assertions$AssertionsHelper.macroAssert(Assertions.scala:503)
	at app//generic.GameTestSuite.checkGame(GameTestSuite.scala:298)
	at app//tetris.TetrisTestSuiteBase.checkGame(TetrisTestSuiteBase.scala:106)
	at app//tetris.BlockedTests.$anonfun$new$9(BlockedTests.scala:210)
	at app//scala.runtime.java8.JFunction0$mcV$sp.apply(JFunction0$mcV$sp.scala:18)
	at app//infrastructure.TestBase.$anonfun$test$1(TestBase.scala:36)
	at app//org.scalatest.OutcomeOf.outcomeOf(OutcomeOf.scala:85)
	at app//org.scalatest.OutcomeOf.outcomeOf$(OutcomeOf.scala:83)
	at app//org.scalatest.OutcomeOf$.outcomeOf(OutcomeOf.scala:104)
	at app//org.scalatest.Transformer.apply(Transformer.scala:22)
	at app//org.scalatest.Transformer.apply(Transformer.scala:20)
	at app//org.scalatest.FunSuiteLike$$anon$1.apply(FunSuiteLike.scala:186)
	at app//org.scalatest.TestSuite.withFixture(TestSuite.scala:196)
	at app//org.scalatest.TestSuite.withFixture$(TestSuite.scala:195)
	at app//infrastructure.TestBase.org$scalatest$concurrent$TimeLimitedTests$$super$withFixture(TestBase.scala:9)
	at app//org.scalatest.concurrent.TimeLimitedTests.$anonfun$withFixture$3(TimeLimitedTests.scala:154)
	at app//org.scalatest.enablers.Timed$$anon$1.timeoutAfter(Timed.scala:127)
	at app//org.scalatest.concurrent.TimeLimits.failAfterImpl(TimeLimits.scala:239)
	at app//org.scalatest.concurrent.TimeLimits.failAfterImpl$(TimeLimits.scala:233)
	at app//org.scalatest.concurrent.TimeLimits$.failAfterImpl(TimeLimits.scala:305)
	at app//org.scalatest.concurrent.TimeLimitedTests.withFixture(TimeLimitedTests.scala:153)
	at app//org.scalatest.concurrent.TimeLimitedTests.withFixture$(TimeLimitedTests.scala:150)
	at app//infrastructure.TestBase.withFixture(TestBase.scala:9)
	at app//org.scalatest.FunSuiteLike.invokeWithFixture$1(FunSuiteLike.scala:184)
	at app//org.scalatest.FunSuiteLike.$anonfun$runTest$1(FunSuiteLike.scala:196)
	at app//org.scalatest.SuperEngine.runTestImpl(Engine.scala:286)
	at app//org.scalatest.FunSuiteLike.runTest(FunSuiteLike.scala:196)
	at app//org.scalatest.FunSuiteLike.runTest$(FunSuiteLike.scala:178)
	at app//org.scalatest.FunSuite.runTest(FunSuite.scala:1560)
	at app//org.scalatest.FunSuiteLike.$anonfun$runTests$1(FunSuiteLike.scala:229)
	at app//org.scalatest.SuperEngine.$anonfun$runTestsInBranch$1(Engine.scala:393)
	at app//scala.collection.immutable.List.foreach(List.scala:334)
	at app//org.scalatest.SuperEngine.traverseSubNodes$1(Engine.scala:381)
	at app//org.scalatest.SuperEngine.runTestsInBranch(Engine.scala:376)
	at app//org.scalatest.SuperEngine.runTestsImpl(Engine.scala:458)
	at app//org.scalatest.FunSuiteLike.runTests(FunSuiteLike.scala:229)
	at app//org.scalatest.FunSuiteLike.runTests$(FunSuiteLike.scala:228)
	at app//org.scalatest.FunSuite.runTests(FunSuite.scala:1560)
	at app//org.scalatest.Suite.run(Suite.scala:1124)
	at app//org.scalatest.Suite.run$(Suite.scala:1106)
	at app//org.scalatest.FunSuite.org$scalatest$FunSuiteLike$$super$run(FunSuite.scala:1560)
	at app//org.scalatest.FunSuiteLike.$anonfun$run$1(FunSuiteLike.scala:233)
	at app//org.scalatest.SuperEngine.runImpl(Engine.scala:518)
	at app//org.scalatest.FunSuiteLike.run(FunSuiteLike.scala:233)
	at app//org.scalatest.FunSuiteLike.run$(FunSuiteLike.scala:232)
	at app//infrastructure.TestBase.run(TestBase.scala:26)
	at app//org.scalatest.Suite.callExecuteOnSuite$1(Suite.scala:1187)
	at app//org.scalatest.Suite.$anonfun$runNestedSuites$1(Suite.scala:1234)
	at app//scala.collection.ArrayOps$.foreach$extension(ArrayOps.scala:1323)
	at app//org.scalatest.Suite.runNestedSuites(Suite.scala:1232)
	at app//org.scalatest.Suite.runNestedSuites$(Suite.scala:1166)
	at app//org.scalatest.Suites.runNestedSuites(Suites.scala:56)
	at app//org.scalatest.Suite.run(Suite.scala:1121)
	at app//org.scalatest.Suite.run$(Suite.scala:1106)
	at app//tetris.TetrisTestSuitesBase.runDirect(TetrisTestSuitesBase.scala:20)
	at app//tetris.TetrisTestSuitesBase.runWithScoreCounter(TetrisTestSuitesBase.scala:14)
	at app//tetris.TetrisTestSuite3_2.run(TetrisTestSuite3_2.scala:25)
	at app//org.scalatestplus.junit.JUnitRunner.run(JUnitRunner.scala:99)
	at org.gradle.api.internal.tasks.testing.junit.JUnitTestClassExecutor.runTestClass(JUnitTestClassExecutor.java:112)
	at org.gradle.api.internal.tasks.testing.junit.JUnitTestClassExecutor.execute(JUnitTestClassExecutor.java:58)
	at org.gradle.api.internal.tasks.testing.junit.JUnitTestClassExecutor.execute(JUnitTestClassExecutor.java:40)
	at org.gradle.api.internal.tasks.testing.junit.AbstractJUnitTestClassProcessor.processTestClass(AbstractJUnitTestClassProcessor.java:54)
	at org.gradle.api.internal.tasks.testing.SuiteTestClassProcessor.processTestClass(SuiteTestClassProcessor.java:53)
	at java.base@11.0.24/jdk.internal.reflect.NativeMethodAccessorImpl.invoke0(Native Method)
	at java.base@11.0.24/jdk.internal.reflect.NativeMethodAccessorImpl.invoke(NativeMethodAccessorImpl.java:62)
	at java.base@11.0.24/jdk.internal.reflect.DelegatingMethodAccessorImpl.invoke(DelegatingMethodAccessorImpl.java:43)
	at java.base@11.0.24/java.lang.reflect.Method.invoke(Method.java:566)
	at org.gradle.internal.dispatch.ReflectionDispatch.dispatch(ReflectionDispatch.java:36)
	at org.gradle.internal.dispatch.ReflectionDispatch.dispatch(ReflectionDispatch.java:24)
	at org.gradle.internal.dispatch.ContextClassLoaderDispatch.dispatch(ContextClassLoaderDispatch.java:33)
	at org.gradle.internal.dispatch.ProxyDispatchAdapter$DispatchingInvocationHandler.invoke(ProxyDispatchAdapter.java:92)
	at com.sun.proxy.$Proxy4.processTestClass(Unknown Source)
	at org.gradle.api.internal.tasks.testing.worker.TestWorker$2.run(TestWorker.java:183)
	at org.gradle.api.internal.tasks.testing.worker.TestWorker.executeAndMaintainThreadName(TestWorker.java:132)
	at org.gradle.api.internal.tasks.testing.worker.TestWorker.execute(TestWorker.java:103)
	at org.gradle.api.internal.tasks.testing.worker.TestWorker.execute(TestWorker.java:63)
	at org.gradle.process.internal.worker.child.ActionExecutionWorker.execute(ActionExecutionWorker.java:56)
	at org.gradle.process.internal.worker.child.SystemApplicationClassLoaderWorker.call(SystemApplicationClassLoaderWorker.java:121)
	at org.gradle.process.internal.worker.child.SystemApplicationClassLoaderWorker.call(SystemApplicationClassLoaderWorker.java:71)
	at app//worker.org.gradle.process.internal.worker.GradleWorkerMain.run(GradleWorkerMain.java:69)
	at app//worker.org.gradle.process.internal.worker.GradleWorkerMain.main(GradleWorkerMain.java:74)
</failure>
  </testcase>
  <testcase name="testRotateRightOutLeft" classname="tetris.BlockedTests" time="0.003">
    <failure message="org.scalatest.exceptions.TestFailedException: didPass was false&#10;Hint: Trying to rotate out of the screen on the right side has no effect&#10;--------------------------------------------------------------------------------&#10;This is what went wrong:&#10;&#10;step=0, rand=5, actions=&lt;&gt;&#10;Want | Got âœ—&#10;------------&#10;.T.  | ...  &#10;TTT  | ...  &#10;...  | ...  &#10;&#10;step=1, rand=2, actions=&lt;RotateRight&gt;&#10;Want | Got âœ—&#10;------------&#10;.T.  | ...  &#10;.TT  | ...  &#10;.T.  | ...  &#10;&#10;step=2, rand=2, actions=&lt;Left&gt;&#10;Want | Got âœ—&#10;------------&#10;T..  | ...  &#10;TT.  | ...  &#10;T..  | ...  &#10;&#10;step=3, rand=2, actions=&lt;RotateRight&gt;&#10;Want | Got âœ—&#10;------------&#10;T..  | ...  &#10;TT.  | ...  &#10;T..  | ...  &#10;&#10;" type="org.scalatest.exceptions.TestFailedException">org.scalatest.exceptions.TestFailedException: didPass was false
Hint: Trying to rotate out of the screen on the right side has no effect
--------------------------------------------------------------------------------
This is what went wrong:

step=0, rand=5, actions=&lt;&gt;
Want | Got âœ—
------------
.T.  | ...  
TTT  | ...  
...  | ...  

step=1, rand=2, actions=&lt;RotateRight&gt;
Want | Got âœ—
------------
.T.  | ...  
.TT  | ...  
.T.  | ...  

step=2, rand=2, actions=&lt;Left&gt;
Want | Got âœ—
------------
T..  | ...  
TT.  | ...  
T..  | ...  

step=3, rand=2, actions=&lt;RotateRight&gt;
Want | Got âœ—
------------
T..  | ...  
TT.  | ...  
T..  | ...  


	at app//org.scalatest.Assertions.newAssertionFailedException(Assertions.scala:530)
	at app//org.scalatest.Assertions.newAssertionFailedException$(Assertions.scala:529)
	at app//org.scalatest.FunSuite.newAssertionFailedException(FunSuite.scala:1560)
	at app//org.scalatest.Assertions$AssertionsHelper.macroAssert(Assertions.scala:503)
	at app//generic.GameTestSuite.checkGame(GameTestSuite.scala:298)
	at app//tetris.TetrisTestSuiteBase.checkGame(TetrisTestSuiteBase.scala:106)
	at app//tetris.BlockedTests.$anonfun$new$10(BlockedTests.scala:235)
	at app//scala.runtime.java8.JFunction0$mcV$sp.apply(JFunction0$mcV$sp.scala:18)
	at app//infrastructure.TestBase.$anonfun$test$1(TestBase.scala:36)
	at app//org.scalatest.OutcomeOf.outcomeOf(OutcomeOf.scala:85)
	at app//org.scalatest.OutcomeOf.outcomeOf$(OutcomeOf.scala:83)
	at app//org.scalatest.OutcomeOf$.outcomeOf(OutcomeOf.scala:104)
	at app//org.scalatest.Transformer.apply(Transformer.scala:22)
	at app//org.scalatest.Transformer.apply(Transformer.scala:20)
	at app//org.scalatest.FunSuiteLike$$anon$1.apply(FunSuiteLike.scala:186)
	at app//org.scalatest.TestSuite.withFixture(TestSuite.scala:196)
	at app//org.scalatest.TestSuite.withFixture$(TestSuite.scala:195)
	at app//infrastructure.TestBase.org$scalatest$concurrent$TimeLimitedTests$$super$withFixture(TestBase.scala:9)
	at app//org.scalatest.concurrent.TimeLimitedTests.$anonfun$withFixture$3(TimeLimitedTests.scala:154)
	at app//org.scalatest.enablers.Timed$$anon$1.timeoutAfter(Timed.scala:127)
	at app//org.scalatest.concurrent.TimeLimits.failAfterImpl(TimeLimits.scala:239)
	at app//org.scalatest.concurrent.TimeLimits.failAfterImpl$(TimeLimits.scala:233)
	at app//org.scalatest.concurrent.TimeLimits$.failAfterImpl(TimeLimits.scala:305)
	at app//org.scalatest.concurrent.TimeLimitedTests.withFixture(TimeLimitedTests.scala:153)
	at app//org.scalatest.concurrent.TimeLimitedTests.withFixture$(TimeLimitedTests.scala:150)
	at app//infrastructure.TestBase.withFixture(TestBase.scala:9)
	at app//org.scalatest.FunSuiteLike.invokeWithFixture$1(FunSuiteLike.scala:184)
	at app//org.scalatest.FunSuiteLike.$anonfun$runTest$1(FunSuiteLike.scala:196)
	at app//org.scalatest.SuperEngine.runTestImpl(Engine.scala:286)
	at app//org.scalatest.FunSuiteLike.runTest(FunSuiteLike.scala:196)
	at app//org.scalatest.FunSuiteLike.runTest$(FunSuiteLike.scala:178)
	at app//org.scalatest.FunSuite.runTest(FunSuite.scala:1560)
	at app//org.scalatest.FunSuiteLike.$anonfun$runTests$1(FunSuiteLike.scala:229)
	at app//org.scalatest.SuperEngine.$anonfun$runTestsInBranch$1(Engine.scala:393)
	at app//scala.collection.immutable.List.foreach(List.scala:334)
	at app//org.scalatest.SuperEngine.traverseSubNodes$1(Engine.scala:381)
	at app//org.scalatest.SuperEngine.runTestsInBranch(Engine.scala:376)
	at app//org.scalatest.SuperEngine.runTestsImpl(Engine.scala:458)
	at app//org.scalatest.FunSuiteLike.runTests(FunSuiteLike.scala:229)
	at app//org.scalatest.FunSuiteLike.runTests$(FunSuiteLike.scala:228)
	at app//org.scalatest.FunSuite.runTests(FunSuite.scala:1560)
	at app//org.scalatest.Suite.run(Suite.scala:1124)
	at app//org.scalatest.Suite.run$(Suite.scala:1106)
	at app//org.scalatest.FunSuite.org$scalatest$FunSuiteLike$$super$run(FunSuite.scala:1560)
	at app//org.scalatest.FunSuiteLike.$anonfun$run$1(FunSuiteLike.scala:233)
	at app//org.scalatest.SuperEngine.runImpl(Engine.scala:518)
	at app//org.scalatest.FunSuiteLike.run(FunSuiteLike.scala:233)
	at app//org.scalatest.FunSuiteLike.run$(FunSuiteLike.scala:232)
	at app//infrastructure.TestBase.run(TestBase.scala:26)
	at app//org.scalatest.Suite.callExecuteOnSuite$1(Suite.scala:1187)
	at app//org.scalatest.Suite.$anonfun$runNestedSuites$1(Suite.scala:1234)
	at app//scala.collection.ArrayOps$.foreach$extension(ArrayOps.scala:1323)
	at app//org.scalatest.Suite.runNestedSuites(Suite.scala:1232)
	at app//org.scalatest.Suite.runNestedSuites$(Suite.scala:1166)
	at app//org.scalatest.Suites.runNestedSuites(Suites.scala:56)
	at app//org.scalatest.Suite.run(Suite.scala:1121)
	at app//org.scalatest.Suite.run$(Suite.scala:1106)
	at app//tetris.TetrisTestSuitesBase.runDirect(TetrisTestSuitesBase.scala:20)
	at app//tetris.TetrisTestSuitesBase.runWithScoreCounter(TetrisTestSuitesBase.scala:14)
	at app//tetris.TetrisTestSuite3_2.run(TetrisTestSuite3_2.scala:25)
	at app//org.scalatestplus.junit.JUnitRunner.run(JUnitRunner.scala:99)
	at org.gradle.api.internal.tasks.testing.junit.JUnitTestClassExecutor.runTestClass(JUnitTestClassExecutor.java:112)
	at org.gradle.api.internal.tasks.testing.junit.JUnitTestClassExecutor.execute(JUnitTestClassExecutor.java:58)
	at org.gradle.api.internal.tasks.testing.junit.JUnitTestClassExecutor.execute(JUnitTestClassExecutor.java:40)
	at org.gradle.api.internal.tasks.testing.junit.AbstractJUnitTestClassProcessor.processTestClass(AbstractJUnitTestClassProcessor.java:54)
	at org.gradle.api.internal.tasks.testing.SuiteTestClassProcessor.processTestClass(SuiteTestClassProcessor.java:53)
	at java.base@11.0.24/jdk.internal.reflect.NativeMethodAccessorImpl.invoke0(Native Method)
	at java.base@11.0.24/jdk.internal.reflect.NativeMethodAccessorImpl.invoke(NativeMethodAccessorImpl.java:62)
	at java.base@11.0.24/jdk.internal.reflect.DelegatingMethodAccessorImpl.invoke(DelegatingMethodAccessorImpl.java:43)
	at java.base@11.0.24/java.lang.reflect.Method.invoke(Method.java:566)
	at org.gradle.internal.dispatch.ReflectionDispatch.dispatch(ReflectionDispatch.java:36)
	at org.gradle.internal.dispatch.ReflectionDispatch.dispatch(ReflectionDispatch.java:24)
	at org.gradle.internal.dispatch.ContextClassLoaderDispatch.dispatch(ContextClassLoaderDispatch.java:33)
	at org.gradle.internal.dispatch.ProxyDispatchAdapter$DispatchingInvocationHandler.invoke(ProxyDispatchAdapter.java:92)
	at com.sun.proxy.$Proxy4.processTestClass(Unknown Source)
	at org.gradle.api.internal.tasks.testing.worker.TestWorker$2.run(TestWorker.java:183)
	at org.gradle.api.internal.tasks.testing.worker.TestWorker.executeAndMaintainThreadName(TestWorker.java:132)
	at org.gradle.api.internal.tasks.testing.worker.TestWorker.execute(TestWorker.java:103)
	at org.gradle.api.internal.tasks.testing.worker.TestWorker.execute(TestWorker.java:63)
	at org.gradle.process.internal.worker.child.ActionExecutionWorker.execute(ActionExecutionWorker.java:56)
	at org.gradle.process.internal.worker.child.SystemApplicationClassLoaderWorker.call(SystemApplicationClassLoaderWorker.java:121)
	at org.gradle.process.internal.worker.child.SystemApplicationClassLoaderWorker.call(SystemApplicationClassLoaderWorker.java:71)
	at app//worker.org.gradle.process.internal.worker.GradleWorkerMain.run(GradleWorkerMain.java:69)
	at app//worker.org.gradle.process.internal.worker.GradleWorkerMain.main(GradleWorkerMain.java:74)
</failure>
  </testcase>
  <testcase name="testRotateOutBottom" classname="tetris.BlockedTests" time="0.006">
    <failure message="org.scalatest.exceptions.TestFailedException: didPass was false&#10;Hint: Trying to rotate out of the screen on the bottom has no effect&#10;--------------------------------------------------------------------------------&#10;This is what went wrong:&#10;&#10;step=0, rand=0, actions=&lt;&gt;&#10;Want | Got âœ—                                                                                                                                    &#10;------------------------------------------------------------------------------------------------------------------------------------------------&#10;.... | LogicFailed(java.util.NoSuchElementException: key not found: (2,0)                                                                       &#10;IIII | &#9;at scala.collection.immutable.BitmapIndexedMapNode.apply(HashMap.scala:674)                                                             &#10;     | &#9;at scala.collection.immutable.HashMap.apply(HashMap.scala:132)                                                                          &#10;     | &#9;at tetris.logic.TetrisLogic.getCellType(TetrisLogic.scala:49)                                                                           &#10;     | &#9;at tetris.TetrisLogicWrapper.getCell(TetrisTestSuiteBase.scala:48)                                                                      &#10;     | &#9;at tetris.TetrisLogicWrapper.getCell(TetrisTestSuiteBase.scala:34)                                                                      &#10;     | &#9;at generic.GameTestSuite.$anonfun$getDisplay$2(GameTestSuite.scala:138)                                                                 &#10;     | &#9;at generic.GameTestSuite.$anonfun$getDisplay$2$adapted(GameTestSuite.scala:137)                                                         &#10;     | &#9;at scala.collection.immutable.Range.map(Range.scala:59)                                                                                 &#10;     | &#9;at generic.GameTestSuite.$anonfun$getDisplay$1(GameTestSuite.scala:137)                                                                 &#10;     | &#9;at generic.GameTestSuite.$anonfun$getDisplay$1$adapted(GameTestSuite.scala:136)                                                         &#10;     | &#9;at scala.collection.immutable.Range.map(Range.scala:59)                                                                                 &#10;     | &#9;at generic.GameTestSuite.getGridDisplay$1(GameTestSuite.scala:136)                                                                      &#10;     | &#9;at generic.GameTestSuite.getDisplay(GameTestSuite.scala:143)                                                                            &#10;     | &#9;at generic.GameTestSuite$TestRecording.$anonfun$implementationDisplays$1(GameTestSuite.scala:190)                                       &#10;     | &#9;at generic.GameTestSuite$TestRecording.catchLogicError$1(GameTestSuite.scala:182)                                                       &#10;     | &#9;at generic.GameTestSuite$TestRecording.liftedTree1$1(GameTestSuite.scala:190)                                                           &#10;     | &#9;at generic.GameTestSuite$TestRecording.implementationDisplays$lzycompute(GameTestSuite.scala:187)                                       &#10;     | &#9;at generic.GameTestSuite$TestRecording.implementationDisplays(GameTestSuite.scala:178)                                                  &#10;     | &#9;at generic.GameTestSuite$TestRecording.passes$lzycompute(GameTestSuite.scala:208)                                                       &#10;     | &#9;at generic.GameTestSuite$TestRecording.passes(GameTestSuite.scala:207)                                                                  &#10;     | &#9;at generic.GameTestSuite.checkGame(GameTestSuite.scala:290)                                                                             &#10;     | &#9;at tetris.TetrisTestSuiteBase.checkGame(TetrisTestSuiteBase.scala:106)                                                                  &#10;     | &#9;at tetris.BlockedTests.$anonfun$new$11(BlockedTests.scala:252)                                                                          &#10;     | &#9;at scala.runtime.java8.JFunction0$mcV$sp.apply(JFunction0$mcV$sp.scala:18)                                                              &#10;     | &#9;at infrastructure.TestBase.$anonfun$test$1(TestBase.scala:36)                                                                           &#10;     | &#9;at org.scalatest.OutcomeOf.outcomeOf(OutcomeOf.scala:85)                                                                                &#10;     | &#9;at org.scalatest.OutcomeOf.outcomeOf$(OutcomeOf.scala:83)                                                                               &#10;     | &#9;at org.scalatest.OutcomeOf$.outcomeOf(OutcomeOf.scala:104)                                                                              &#10;     | &#9;at org.scalatest.Transformer.apply(Transformer.scala:22)                                                                                &#10;     | &#9;at org.scalatest.Transformer.apply(Transformer.scala:20)                                                                                &#10;     | &#9;at org.scalatest.FunSuiteLike$$anon$1.apply(FunSuiteLike.scala:186)                                                                     &#10;     | &#9;at org.scalatest.TestSuite.withFixture(TestSuite.scala:196)                                                                             &#10;     | &#9;at org.scalatest.TestSuite.withFixture$(TestSuite.scala:195)                                                                            &#10;     | &#9;at infrastructure.TestBase.org$scalatest$concurrent$TimeLimitedTests$$super$withFixture(TestBase.scala:9)                               &#10;     | &#9;at org.scalatest.concurrent.TimeLimitedTests.$anonfun$withFixture$3(TimeLimitedTests.scala:154)                                         &#10;     | &#9;at org.scalatest.enablers.Timed$$anon$1.timeoutAfter(Timed.scala:127)                                                                   &#10;     | &#9;at org.scalatest.concurrent.TimeLimits.failAfterImpl(TimeLimits.scala:239)                                                              &#10;     | &#9;at org.scalatest.concurrent.TimeLimits.failAfterImpl$(TimeLimits.scala:233)                                                             &#10;     | &#9;at org.scalatest.concurrent.TimeLimits$.failAfterImpl(TimeLimits.scala:305)                                                             &#10;     | &#9;at org.scalatest.concurrent.TimeLimitedTests.withFixture(TimeLimitedTests.scala:153)                                                    &#10;     | &#9;at org.scalatest.concurrent.TimeLimitedTests.withFixture$(TimeLimitedTests.scala:150)                                                   &#10;     | &#9;at infrastructure.TestBase.withFixture(TestBase.scala:9)                                                                                &#10;     | &#9;at org.scalatest.FunSuiteLike.invokeWithFixture$1(FunSuiteLike.scala:184)                                                               &#10;     | &#9;at org.scalatest.FunSuiteLike.$anonfun$runTest$1(FunSuiteLike.scala:196)                                                                &#10;     | &#9;at org.scalatest.SuperEngine.runTestImpl(Engine.scala:286)                                                                              &#10;     | &#9;at org.scalatest.FunSuiteLike.runTest(FunSuiteLike.scala:196)                                                                           &#10;     | &#9;at org.scalatest.FunSuiteLike.runTest$(FunSuiteLike.scala:178)                                                                          &#10;     | &#9;at org.scalatest.FunSuite.runTest(FunSuite.scala:1560)                                                                                  &#10;     | &#9;at org.scalatest.FunSuiteLike.$anonfun$runTests$1(FunSuiteLike.scala:229)                                                               &#10;     | &#9;at org.scalatest.SuperEngine.$anonfun$runTestsInBranch$1(Engine.scala:393)                                                              &#10;     | &#9;at scala.collection.immutable.List.foreach(List.scala:334)                                                                              &#10;     | &#9;at org.scalatest.SuperEngine.traverseSubNodes$1(Engine.scala:381)                                                                       &#10;     | &#9;at org.scalatest.SuperEngine.runTestsInBranch(Engine.scala:376)                                                                         &#10;     | &#9;at org.scalatest.SuperEngine.runTestsImpl(Engine.scala:458)                                                                             &#10;     | &#9;at org.scalatest.FunSuiteLike.runTests(FunSuiteLike.scala:229)                                                                          &#10;     | &#9;at org.scalatest.FunSuiteLike.runTests$(FunSuiteLike.scala:228)                                                                         &#10;     | &#9;at org.scalatest.FunSuite.runTests(FunSuite.scala:1560)                                                                                 &#10;     | &#9;at org.scalatest.Suite.run(Suite.scala:1124)                                                                                            &#10;     | &#9;at org.scalatest.Suite.run$(Suite.scala:1106)                                                                                           &#10;     | &#9;at org.scalatest.FunSuite.org$scalatest$FunSuiteLike$$super$run(FunSuite.scala:1560)                                                    &#10;     | &#9;at org.scalatest.FunSuiteLike.$anonfun$run$1(FunSuiteLike.scala:233)                                                                    &#10;     | &#9;at org.scalatest.SuperEngine.runImpl(Engine.scala:518)                                                                                  &#10;     | &#9;at org.scalatest.FunSuiteLike.run(FunSuiteLike.scala:233)                                                                               &#10;     | &#9;at org.scalatest.FunSuiteLike.run$(FunSuiteLike.scala:232)                                                                              &#10;     | &#9;at infrastructure.TestBase.run(TestBase.scala:26)                                                                                       &#10;     | &#9;at org.scalatest.Suite.callExecuteOnSuite$1(Suite.scala:1187)                                                                           &#10;     | &#9;at org.scalatest.Suite.$anonfun$runNestedSuites$1(Suite.scala:1234)                                                                     &#10;     | &#9;at scala.collection.ArrayOps$.foreach$extension(ArrayOps.scala:1323)                                                                    &#10;     | &#9;at org.scalatest.Suite.runNestedSuites(Suite.scala:1232)                                                                                &#10;     | &#9;at org.scalatest.Suite.runNestedSuites$(Suite.scala:1166)                                                                               &#10;     | &#9;at org.scalatest.Suites.runNestedSuites(Suites.scala:56)                                                                                &#10;     | &#9;at org.scalatest.Suite.run(Suite.scala:1121)                                                                                            &#10;     | &#9;at org.scalatest.Suite.run$(Suite.scala:1106)                                                                                           &#10;     | &#9;at tetris.TetrisTestSuitesBase.runDirect(TetrisTestSuitesBase.scala:20)                                                                 &#10;     | &#9;at tetris.TetrisTestSuitesBase.runWithScoreCounter(TetrisTestSuitesBase.scala:14)                                                       &#10;     | &#9;at tetris.TetrisTestSuite3_2.run(TetrisTestSuite3_2.scala:25)                                                                           &#10;     | &#9;at org.scalatestplus.junit.JUnitRunner.run(JUnitRunner.scala:99)                                                                        &#10;     | &#9;at org.gradle.api.internal.tasks.testing.junit.JUnitTestClassExecutor.runTestClass(JUnitTestClassExecutor.java:112)                     &#10;     | &#9;at org.gradle.api.internal.tasks.testing.junit.JUnitTestClassExecutor.execute(JUnitTestClassExecutor.java:58)                           &#10;     | &#9;at org.gradle.api.internal.tasks.testing.junit.JUnitTestClassExecutor.execute(JUnitTestClassExecutor.java:40)                           &#10;     | &#9;at org.gradle.api.internal.tasks.testing.junit.AbstractJUnitTestClassProcessor.processTestClass(AbstractJUnitTestClassProcessor.java:54)&#10;     | &#9;at org.gradle.api.internal.tasks.testing.SuiteTestClassProcessor.processTestClass(SuiteTestClassProcessor.java:53)                      &#10;     | &#9;at java.base/jdk.internal.reflect.NativeMethodAccessorImpl.invoke0(Native Method)                                                       &#10;     | &#9;at java.base/jdk.internal.reflect.NativeMethodAccessorImpl.invoke(NativeMethodAccessorImpl.java:62)                                     &#10;     | &#9;at java.base/jdk.internal.reflect.DelegatingMethodAccessorImpl.invoke(DelegatingMethodAccessorImpl.java:43)                             &#10;     | &#9;at java.base/java.lang.reflect.Method.invoke(Method.java:566)                                                                           &#10;     | &#9;at org.gradle.internal.dispatch.ReflectionDispatch.dispatch(ReflectionDispatch.java:36)                                                 &#10;     | &#9;at org.gradle.internal.dispatch.ReflectionDispatch.dispatch(ReflectionDispatch.java:24)                                                 &#10;     | &#9;at org.gradle.internal.dispatch.ContextClassLoaderDispatch.dispatch(ContextClassLoaderDispatch.java:33)                                 &#10;     | &#9;at org.gradle.internal.dispatch.ProxyDispatchAdapter$DispatchingInvocationHandler.invoke(ProxyDispatchAdapter.java:92)                  &#10;     | &#9;at com.sun.proxy.$Proxy4.processTestClass(Unknown Source)                                                                               &#10;     | &#9;at org.gradle.api.internal.tasks.testing.worker.TestWorker$2.run(TestWorker.java:183)                                                   &#10;     | &#9;at org.gradle.api.internal.tasks.testing.worker.TestWorker.executeAndMaintainThreadName(TestWorker.java:132)                            &#10;     | &#9;at org.gradle.api.internal.tasks.testing.worker.TestWorker.execute(TestWorker.java:103)                                                 &#10;     | &#9;at org.gradle.api.internal.tasks.testing.worker.TestWorker.execute(TestWorker.java:63)                                                  &#10;     | &#9;at org.gradle.process.internal.worker.child.ActionExecutionWorker.execute(ActionExecutionWorker.java:56)                                &#10;     | &#9;at org.gradle.process.internal.worker.child.SystemApplicationClassLoaderWorker.call(SystemApplicationClassLoaderWorker.java:121)        &#10;     | &#9;at org.gradle.process.internal.worker.child.SystemApplicationClassLoaderWorker.call(SystemApplicationClassLoaderWorker.java:71)         &#10;     | &#9;at worker.org.gradle.process.internal.worker.GradleWorkerMain.run(GradleWorkerMain.java:69)                                             &#10;     | &#9;at worker.org.gradle.process.internal.worker.GradleWorkerMain.main(GradleWorkerMain.java:74)                                            &#10;     | )                                                                                                                                        &#10;&#10;" type="org.scalatest.exceptions.TestFailedException">org.scalatest.exceptions.TestFailedException: didPass was false
Hint: Trying to rotate out of the screen on the bottom has no effect
--------------------------------------------------------------------------------
This is what went wrong:

step=0, rand=0, actions=&lt;&gt;
Want | Got âœ—                                                                                                                                    
------------------------------------------------------------------------------------------------------------------------------------------------
.... | LogicFailed(java.util.NoSuchElementException: key not found: (2,0)                                                                       
IIII | 	at scala.collection.immutable.BitmapIndexedMapNode.apply(HashMap.scala:674)                                                             
     | 	at scala.collection.immutable.HashMap.apply(HashMap.scala:132)                                                                          
     | 	at tetris.logic.TetrisLogic.getCellType(TetrisLogic.scala:49)                                                                           
     | 	at tetris.TetrisLogicWrapper.getCell(TetrisTestSuiteBase.scala:48)                                                                      
     | 	at tetris.TetrisLogicWrapper.getCell(TetrisTestSuiteBase.scala:34)                                                                      
     | 	at generic.GameTestSuite.$anonfun$getDisplay$2(GameTestSuite.scala:138)                                                                 
     | 	at generic.GameTestSuite.$anonfun$getDisplay$2$adapted(GameTestSuite.scala:137)                                                         
     | 	at scala.collection.immutable.Range.map(Range.scala:59)                                                                                 
     | 	at generic.GameTestSuite.$anonfun$getDisplay$1(GameTestSuite.scala:137)                                                                 
     | 	at generic.GameTestSuite.$anonfun$getDisplay$1$adapted(GameTestSuite.scala:136)                                                         
     | 	at scala.collection.immutable.Range.map(Range.scala:59)                                                                                 
     | 	at generic.GameTestSuite.getGridDisplay$1(GameTestSuite.scala:136)                                                                      
     | 	at generic.GameTestSuite.getDisplay(GameTestSuite.scala:143)                                                                            
     | 	at generic.GameTestSuite$TestRecording.$anonfun$implementationDisplays$1(GameTestSuite.scala:190)                                       
     | 	at generic.GameTestSuite$TestRecording.catchLogicError$1(GameTestSuite.scala:182)                                                       
     | 	at generic.GameTestSuite$TestRecording.liftedTree1$1(GameTestSuite.scala:190)                                                           
     | 	at generic.GameTestSuite$TestRecording.implementationDisplays$lzycompute(GameTestSuite.scala:187)                                       
     | 	at generic.GameTestSuite$TestRecording.implementationDisplays(GameTestSuite.scala:178)                                                  
     | 	at generic.GameTestSuite$TestRecording.passes$lzycompute(GameTestSuite.scala:208)                                                       
     | 	at generic.GameTestSuite$TestRecording.passes(GameTestSuite.scala:207)                                                                  
     | 	at generic.GameTestSuite.checkGame(GameTestSuite.scala:290)                                                                             
     | 	at tetris.TetrisTestSuiteBase.checkGame(TetrisTestSuiteBase.scala:106)                                                                  
     | 	at tetris.BlockedTests.$anonfun$new$11(BlockedTests.scala:252)                                                                          
     | 	at scala.runtime.java8.JFunction0$mcV$sp.apply(JFunction0$mcV$sp.scala:18)                                                              
     | 	at infrastructure.TestBase.$anonfun$test$1(TestBase.scala:36)                                                                           
     | 	at org.scalatest.OutcomeOf.outcomeOf(OutcomeOf.scala:85)                                                                                
     | 	at org.scalatest.OutcomeOf.outcomeOf$(OutcomeOf.scala:83)                                                                               
     | 	at org.scalatest.OutcomeOf$.outcomeOf(OutcomeOf.scala:104)                                                                              
     | 	at org.scalatest.Transformer.apply(Transformer.scala:22)                                                                                
     | 	at org.scalatest.Transformer.apply(Transformer.scala:20)                                                                                
     | 	at org.scalatest.FunSuiteLike$$anon$1.apply(FunSuiteLike.scala:186)                                                                     
     | 	at org.scalatest.TestSuite.withFixture(TestSuite.scala:196)                                                                             
     | 	at org.scalatest.TestSuite.withFixture$(TestSuite.scala:195)                                                                            
     | 	at infrastructure.TestBase.org$scalatest$concurrent$TimeLimitedTests$$super$withFixture(TestBase.scala:9)                               
     | 	at org.scalatest.concurrent.TimeLimitedTests.$anonfun$withFixture$3(TimeLimitedTests.scala:154)                                         
     | 	at org.scalatest.enablers.Timed$$anon$1.timeoutAfter(Timed.scala:127)                                                                   
     | 	at org.scalatest.concurrent.TimeLimits.failAfterImpl(TimeLimits.scala:239)                                                              
     | 	at org.scalatest.concurrent.TimeLimits.failAfterImpl$(TimeLimits.scala:233)                                                             
     | 	at org.scalatest.concurrent.TimeLimits$.failAfterImpl(TimeLimits.scala:305)                                                             
     | 	at org.scalatest.concurrent.TimeLimitedTests.withFixture(TimeLimitedTests.scala:153)                                                    
     | 	at org.scalatest.concurrent.TimeLimitedTests.withFixture$(TimeLimitedTests.scala:150)                                                   
     | 	at infrastructure.TestBase.withFixture(TestBase.scala:9)                                                                                
     | 	at org.scalatest.FunSuiteLike.invokeWithFixture$1(FunSuiteLike.scala:184)                                                               
     | 	at org.scalatest.FunSuiteLike.$anonfun$runTest$1(FunSuiteLike.scala:196)                                                                
     | 	at org.scalatest.SuperEngine.runTestImpl(Engine.scala:286)                                                                              
     | 	at org.scalatest.FunSuiteLike.runTest(FunSuiteLike.scala:196)                                                                           
     | 	at org.scalatest.FunSuiteLike.runTest$(FunSuiteLike.scala:178)                                                                          
     | 	at org.scalatest.FunSuite.runTest(FunSuite.scala:1560)                                                                                  
     | 	at org.scalatest.FunSuiteLike.$anonfun$runTests$1(FunSuiteLike.scala:229)                                                               
     | 	at org.scalatest.SuperEngine.$anonfun$runTestsInBranch$1(Engine.scala:393)                                                              
     | 	at scala.collection.immutable.List.foreach(List.scala:334)                                                                              
     | 	at org.scalatest.SuperEngine.traverseSubNodes$1(Engine.scala:381)                                                                       
     | 	at org.scalatest.SuperEngine.runTestsInBranch(Engine.scala:376)                                                                         
     | 	at org.scalatest.SuperEngine.runTestsImpl(Engine.scala:458)                                                                             
     | 	at org.scalatest.FunSuiteLike.runTests(FunSuiteLike.scala:229)                                                                          
     | 	at org.scalatest.FunSuiteLike.runTests$(FunSuiteLike.scala:228)                                                                         
     | 	at org.scalatest.FunSuite.runTests(FunSuite.scala:1560)                                                                                 
     | 	at org.scalatest.Suite.run(Suite.scala:1124)                                                                                            
     | 	at org.scalatest.Suite.run$(Suite.scala:1106)                                                                                           
     | 	at org.scalatest.FunSuite.org$scalatest$FunSuiteLike$$super$run(FunSuite.scala:1560)                                                    
     | 	at org.scalatest.FunSuiteLike.$anonfun$run$1(FunSuiteLike.scala:233)                                                                    
     | 	at org.scalatest.SuperEngine.runImpl(Engine.scala:518)                                                                                  
     | 	at org.scalatest.FunSuiteLike.run(FunSuiteLike.scala:233)                                                                               
     | 	at org.scalatest.FunSuiteLike.run$(FunSuiteLike.scala:232)                                                                              
     | 	at infrastructure.TestBase.run(TestBase.scala:26)                                                                                       
     | 	at org.scalatest.Suite.callExecuteOnSuite$1(Suite.scala:1187)                                                                           
     | 	at org.scalatest.Suite.$anonfun$runNestedSuites$1(Suite.scala:1234)                                                                     
     | 	at scala.collection.ArrayOps$.foreach$extension(ArrayOps.scala:1323)                                                                    
     | 	at org.scalatest.Suite.runNestedSuites(Suite.scala:1232)                                                                                
     | 	at org.scalatest.Suite.runNestedSuites$(Suite.scala:1166)                                                                               
     | 	at org.scalatest.Suites.runNestedSuites(Suites.scala:56)                                                                                
     | 	at org.scalatest.Suite.run(Suite.scala:1121)                                                                                            
     | 	at org.scalatest.Suite.run$(Suite.scala:1106)                                                                                           
     | 	at tetris.TetrisTestSuitesBase.runDirect(TetrisTestSuitesBase.scala:20)                                                                 
     | 	at tetris.TetrisTestSuitesBase.runWithScoreCounter(TetrisTestSuitesBase.scala:14)                                                       
     | 	at tetris.TetrisTestSuite3_2.run(TetrisTestSuite3_2.scala:25)                                                                           
     | 	at org.scalatestplus.junit.JUnitRunner.run(JUnitRunner.scala:99)                                                                        
     | 	at org.gradle.api.internal.tasks.testing.junit.JUnitTestClassExecutor.runTestClass(JUnitTestClassExecutor.java:112)                     
     | 	at org.gradle.api.internal.tasks.testing.junit.JUnitTestClassExecutor.execute(JUnitTestClassExecutor.java:58)                           
     | 	at org.gradle.api.internal.tasks.testing.junit.JUnitTestClassExecutor.execute(JUnitTestClassExecutor.java:40)                           
     | 	at org.gradle.api.internal.tasks.testing.junit.AbstractJUnitTestClassProcessor.processTestClass(AbstractJUnitTestClassProcessor.java:54)
     | 	at org.gradle.api.internal.tasks.testing.SuiteTestClassProcessor.processTestClass(SuiteTestClassProcessor.java:53)                      
     | 	at java.base/jdk.internal.reflect.NativeMethodAccessorImpl.invoke0(Native Method)                                                       
     | 	at java.base/jdk.internal.reflect.NativeMethodAccessorImpl.invoke(NativeMethodAccessorImpl.java:62)                                     
     | 	at java.base/jdk.internal.reflect.DelegatingMethodAccessorImpl.invoke(DelegatingMethodAccessorImpl.java:43)                             
     | 	at java.base/java.lang.reflect.Method.invoke(Method.java:566)                                                                           
     | 	at org.gradle.internal.dispatch.ReflectionDispatch.dispatch(ReflectionDispatch.java:36)                                                 
     | 	at org.gradle.internal.dispatch.ReflectionDispatch.dispatch(ReflectionDispatch.java:24)                                                 
     | 	at org.gradle.internal.dispatch.ContextClassLoaderDispatch.dispatch(ContextClassLoaderDispatch.java:33)                                 
     | 	at org.gradle.internal.dispatch.ProxyDispatchAdapter$DispatchingInvocationHandler.invoke(ProxyDispatchAdapter.java:92)                  
     | 	at com.sun.proxy.$Proxy4.processTestClass(Unknown Source)                                                                               
     | 	at org.gradle.api.internal.tasks.testing.worker.TestWorker$2.run(TestWorker.java:183)                                                   
     | 	at org.gradle.api.internal.tasks.testing.worker.TestWorker.executeAndMaintainThreadName(TestWorker.java:132)                            
     | 	at org.gradle.api.internal.tasks.testing.worker.TestWorker.execute(TestWorker.java:103)                                                 
     | 	at org.gradle.api.internal.tasks.testing.worker.TestWorker.execute(TestWorker.java:63)                                                  
     | 	at org.gradle.process.internal.worker.child.ActionExecutionWorker.execute(ActionExecutionWorker.java:56)                                
     | 	at org.gradle.process.internal.worker.child.SystemApplicationClassLoaderWorker.call(SystemApplicationClassLoaderWorker.java:121)        
     | 	at org.gradle.process.internal.worker.child.SystemApplicationClassLoaderWorker.call(SystemApplicationClassLoaderWorker.java:71)         
     | 	at worker.org.gradle.process.internal.worker.GradleWorkerMain.run(GradleWorkerMain.java:69)                                             
     | 	at worker.org.gradle.process.internal.worker.GradleWorkerMain.main(GradleWorkerMain.java:74)                                            
     | )                                                                                                                                        


	at app//org.scalatest.Assertions.newAssertionFailedException(Assertions.scala:530)
	at app//org.scalatest.Assertions.newAssertionFailedException$(Assertions.scala:529)
	at app//org.scalatest.FunSuite.newAssertionFailedException(FunSuite.scala:1560)
	at app//org.scalatest.Assertions$AssertionsHelper.macroAssert(Assertions.scala:503)
	at app//generic.GameTestSuite.checkGame(GameTestSuite.scala:298)
	at app//tetris.TetrisTestSuiteBase.checkGame(TetrisTestSuiteBase.scala:106)
	at app//tetris.BlockedTests.$anonfun$new$11(BlockedTests.scala:252)
	at app//scala.runtime.java8.JFunction0$mcV$sp.apply(JFunction0$mcV$sp.scala:18)
	at app//infrastructure.TestBase.$anonfun$test$1(TestBase.scala:36)
	at app//org.scalatest.OutcomeOf.outcomeOf(OutcomeOf.scala:85)
	at app//org.scalatest.OutcomeOf.outcomeOf$(OutcomeOf.scala:83)
	at app//org.scalatest.OutcomeOf$.outcomeOf(OutcomeOf.scala:104)
	at app//org.scalatest.Transformer.apply(Transformer.scala:22)
	at app//org.scalatest.Transformer.apply(Transformer.scala:20)
	at app//org.scalatest.FunSuiteLike$$anon$1.apply(FunSuiteLike.scala:186)
	at app//org.scalatest.TestSuite.withFixture(TestSuite.scala:196)
	at app//org.scalatest.TestSuite.withFixture$(TestSuite.scala:195)
	at app//infrastructure.TestBase.org$scalatest$concurrent$TimeLimitedTests$$super$withFixture(TestBase.scala:9)
	at app//org.scalatest.concurrent.TimeLimitedTests.$anonfun$withFixture$3(TimeLimitedTests.scala:154)
	at app//org.scalatest.enablers.Timed$$anon$1.timeoutAfter(Timed.scala:127)
	at app//org.scalatest.concurrent.TimeLimits.failAfterImpl(TimeLimits.scala:239)
	at app//org.scalatest.concurrent.TimeLimits.failAfterImpl$(TimeLimits.scala:233)
	at app//org.scalatest.concurrent.TimeLimits$.failAfterImpl(TimeLimits.scala:305)
	at app//org.scalatest.concurrent.TimeLimitedTests.withFixture(TimeLimitedTests.scala:153)
	at app//org.scalatest.concurrent.TimeLimitedTests.withFixture$(TimeLimitedTests.scala:150)
	at app//infrastructure.TestBase.withFixture(TestBase.scala:9)
	at app//org.scalatest.FunSuiteLike.invokeWithFixture$1(FunSuiteLike.scala:184)
	at app//org.scalatest.FunSuiteLike.$anonfun$runTest$1(FunSuiteLike.scala:196)
	at app//org.scalatest.SuperEngine.runTestImpl(Engine.scala:286)
	at app//org.scalatest.FunSuiteLike.runTest(FunSuiteLike.scala:196)
	at app//org.scalatest.FunSuiteLike.runTest$(FunSuiteLike.scala:178)
	at app//org.scalatest.FunSuite.runTest(FunSuite.scala:1560)
	at app//org.scalatest.FunSuiteLike.$anonfun$runTests$1(FunSuiteLike.scala:229)
	at app//org.scalatest.SuperEngine.$anonfun$runTestsInBranch$1(Engine.scala:393)
	at app//scala.collection.immutable.List.foreach(List.scala:334)
	at app//org.scalatest.SuperEngine.traverseSubNodes$1(Engine.scala:381)
	at app//org.scalatest.SuperEngine.runTestsInBranch(Engine.scala:376)
	at app//org.scalatest.SuperEngine.runTestsImpl(Engine.scala:458)
	at app//org.scalatest.FunSuiteLike.runTests(FunSuiteLike.scala:229)
	at app//org.scalatest.FunSuiteLike.runTests$(FunSuiteLike.scala:228)
	at app//org.scalatest.FunSuite.runTests(FunSuite.scala:1560)
	at app//org.scalatest.Suite.run(Suite.scala:1124)
	at app//org.scalatest.Suite.run$(Suite.scala:1106)
	at app//org.scalatest.FunSuite.org$scalatest$FunSuiteLike$$super$run(FunSuite.scala:1560)
	at app//org.scalatest.FunSuiteLike.$anonfun$run$1(FunSuiteLike.scala:233)
	at app//org.scalatest.SuperEngine.runImpl(Engine.scala:518)
	at app//org.scalatest.FunSuiteLike.run(FunSuiteLike.scala:233)
	at app//org.scalatest.FunSuiteLike.run$(FunSuiteLike.scala:232)
	at app//infrastructure.TestBase.run(TestBase.scala:26)
	at app//org.scalatest.Suite.callExecuteOnSuite$1(Suite.scala:1187)
	at app//org.scalatest.Suite.$anonfun$runNestedSuites$1(Suite.scala:1234)
	at app//scala.collection.ArrayOps$.foreach$extension(ArrayOps.scala:1323)
	at app//org.scalatest.Suite.runNestedSuites(Suite.scala:1232)
	at app//org.scalatest.Suite.runNestedSuites$(Suite.scala:1166)
	at app//org.scalatest.Suites.runNestedSuites(Suites.scala:56)
	at app//org.scalatest.Suite.run(Suite.scala:1121)
	at app//org.scalatest.Suite.run$(Suite.scala:1106)
	at app//tetris.TetrisTestSuitesBase.runDirect(TetrisTestSuitesBase.scala:20)
	at app//tetris.TetrisTestSuitesBase.runWithScoreCounter(TetrisTestSuitesBase.scala:14)
	at app//tetris.TetrisTestSuite3_2.run(TetrisTestSuite3_2.scala:25)
	at app//org.scalatestplus.junit.JUnitRunner.run(JUnitRunner.scala:99)
	at org.gradle.api.internal.tasks.testing.junit.JUnitTestClassExecutor.runTestClass(JUnitTestClassExecutor.java:112)
	at org.gradle.api.internal.tasks.testing.junit.JUnitTestClassExecutor.execute(JUnitTestClassExecutor.java:58)
	at org.gradle.api.internal.tasks.testing.junit.JUnitTestClassExecutor.execute(JUnitTestClassExecutor.java:40)
	at org.gradle.api.internal.tasks.testing.junit.AbstractJUnitTestClassProcessor.processTestClass(AbstractJUnitTestClassProcessor.java:54)
	at org.gradle.api.internal.tasks.testing.SuiteTestClassProcessor.processTestClass(SuiteTestClassProcessor.java:53)
	at java.base@11.0.24/jdk.internal.reflect.NativeMethodAccessorImpl.invoke0(Native Method)
	at java.base@11.0.24/jdk.internal.reflect.NativeMethodAccessorImpl.invoke(NativeMethodAccessorImpl.java:62)
	at java.base@11.0.24/jdk.internal.reflect.DelegatingMethodAccessorImpl.invoke(DelegatingMethodAccessorImpl.java:43)
	at java.base@11.0.24/java.lang.reflect.Method.invoke(Method.java:566)
	at org.gradle.internal.dispatch.ReflectionDispatch.dispatch(ReflectionDispatch.java:36)
	at org.gradle.internal.dispatch.ReflectionDispatch.dispatch(ReflectionDispatch.java:24)
	at org.gradle.internal.dispatch.ContextClassLoaderDispatch.dispatch(ContextClassLoaderDispatch.java:33)
	at org.gradle.internal.dispatch.ProxyDispatchAdapter$DispatchingInvocationHandler.invoke(ProxyDispatchAdapter.java:92)
	at com.sun.proxy.$Proxy4.processTestClass(Unknown Source)
	at org.gradle.api.internal.tasks.testing.worker.TestWorker$2.run(TestWorker.java:183)
	at org.gradle.api.internal.tasks.testing.worker.TestWorker.executeAndMaintainThreadName(TestWorker.java:132)
	at org.gradle.api.internal.tasks.testing.worker.TestWorker.execute(TestWorker.java:103)
	at org.gradle.api.internal.tasks.testing.worker.TestWorker.execute(TestWorker.java:63)
	at org.gradle.process.internal.worker.child.ActionExecutionWorker.execute(ActionExecutionWorker.java:56)
	at org.gradle.process.internal.worker.child.SystemApplicationClassLoaderWorker.call(SystemApplicationClassLoaderWorker.java:121)
	at org.gradle.process.internal.worker.child.SystemApplicationClassLoaderWorker.call(SystemApplicationClassLoaderWorker.java:71)
	at app//worker.org.gradle.process.internal.worker.GradleWorkerMain.run(GradleWorkerMain.java:69)
	at app//worker.org.gradle.process.internal.worker.GradleWorkerMain.main(GradleWorkerMain.java:74)
</failure>
  </testcase>
  <system-out><![CDATA[HashMap((2,2) -> Empty, (2,1) -> Empty, (2,6) -> Empty, (1,2) -> Empty, (1,4) -> Empty, (0,4) -> Empty, (1,6) -> Empty, (0,5) -> Empty, (2,4) -> Empty, (0,0) -> Empty, (2,3) -> Empty, (1,3) -> Empty, (0,2) -> Empty, (2,5) -> Empty, (2,0) -> Empty, (0,1) -> Empty, (1,1) -> Empty, (1,5) -> Empty, (1,0) -> Empty, (0,6) -> Empty, (0,3) -> Empty)
HashMap((2,2) -> Empty, (2,1) -> Empty, (1,2) -> Empty, (1,4) -> Empty, (0,4) -> Empty, (0,5) -> Empty, (2,4) -> Empty, (0,0) -> Empty, (2,3) -> Empty, (1,3) -> Empty, (0,3) -> Empty, (0,2) -> Empty, (2,5) -> Empty, (2,0) -> Empty, (0,1) -> Empty, (1,1) -> Empty, (1,5) -> Empty, (1,0) -> Empty)
HashMap((2,2) -> Empty, (2,1) -> Empty, (1,2) -> Empty, (1,4) -> Empty, (0,4) -> Empty, (0,5) -> Empty, (2,4) -> Empty, (0,0) -> OCell, (2,3) -> Empty, (1,3) -> Empty, (0,3) -> Empty, (0,2) -> Empty, (2,5) -> Empty, (2,0) -> OCell, (0,1) -> Empty, (1,1) -> Empty, (1,5) -> Empty, (1,0) -> OCell)
HashMap((2,2) -> Empty, (2,1) -> Empty, (1,2) -> Empty, (1,4) -> Empty, (0,4) -> Empty, (0,5) -> JCell, (2,4) -> Empty, (0,0) -> Empty, (2,3) -> Empty, (1,3) -> Empty, (0,3) -> Empty, (0,2) -> Empty, (2,5) -> Empty, (2,0) -> Empty, (0,1) -> Empty, (1,1) -> Empty, (1,5) -> Empty, (1,0) -> Empty)
HashMap((2,2) -> Empty, (2,1) -> Empty, (2,0) -> ZCell, (1,2) -> Empty, (1,0) -> Empty, (0,0) -> Empty, (0,2) -> Empty, (0,1) -> Empty, (1,1) -> Empty)
HashMap((2,2) -> Empty, (1,2) -> Empty, (1,4) -> Empty, (0,4) -> Empty, (3,0) -> Empty, (0,5) -> Empty, (2,4) -> Empty, (3,2) -> Empty, (1,3) -> Empty, (0,3) -> OCell, (0,2) -> Empty, (3,4) -> Empty, (2,1) -> Empty, (2,5) -> Empty, (2,0) -> Empty, (0,1) -> Empty, (1,1) -> Empty, (1,5) -> Empty, (1,0) -> Empty, (3,1) -> Empty, (3,3) -> Empty, (0,0) -> Empty, (2,3) -> Empty, (3,5) -> Empty)
HashMap((2,2) -> Empty, (2,1) -> Empty, (2,0) -> Empty, (1,2) -> Empty, (1,0) -> Empty, (0,0) -> Empty, (0,2) -> Empty, (0,1) -> Empty, (1,1) -> Empty)
HashMap((2,2) -> Empty, (2,1) -> Empty, (2,0) -> Empty, (1,2) -> Empty, (1,0) -> Empty, (0,0) -> Empty, (0,2) -> Empty, (0,1) -> Empty, (1,1) -> Empty)
HashMap((2,2) -> Empty, (2,1) -> Empty, (2,0) -> Empty, (1,2) -> Empty, (3,0) -> Empty, (3,2) -> Empty, (2,3) -> Empty, (1,3) -> Empty, (0,3) -> Empty, (0,2) -> Empty, (0,1) -> Empty, (1,1) -> Empty, (1,0) -> Empty, (3,1) -> Empty, (3,3) -> Empty, (0,0) -> Empty)
HashMap((2,2) -> Empty, (2,1) -> Empty, (2,0) -> Empty, (1,2) -> Empty, (1,0) -> Empty, (0,0) -> Empty, (0,2) -> Empty, (0,1) -> Empty, (1,1) -> Empty)
HashMap((1,2) -> Empty, (1,0) -> Empty, (0,0) -> Empty, (1,3) -> Empty, (0,3) -> Empty, (0,2) -> Empty, (0,1) -> Empty, (1,1) -> Empty)
]]></system-out>
  <system-err><![CDATA[]]></system-err>
</testsuite>
