<?xml version="1.0" encoding="UTF-8"?>
<testsuite name="tetris.BlockedTests" tests="11" skipped="0" failures="0" errors="0" timestamp="2024-10-03T08:14:12" hostname="thinkpad" time="0.07">
  <properties/>
  <testcase name="testMoveOutLeft" classname="tetris.BlockedTests" time="0.008"/>
  <testcase name="testMoveOutRight" classname="tetris.BlockedTests" time="0.006"/>
  <testcase name="testBlockedByBlocksLeft" classname="tetris.BlockedTests" time="0.005"/>
  <testcase name="testBlockedByBlocksRight" classname="tetris.BlockedTests" time="0.005"/>
  <testcase name="testBlockedByBlocksRotateLeft" classname="tetris.BlockedTests" time="0.005"/>
  <testcase name="testBlockedByBlocksRotateRight" classname="tetris.BlockedTests" time="0.005"/>
  <testcase name="testRotateLeftOutRight" classname="tetris.BlockedTests" time="0.004"/>
  <testcase name="testRotateRightOutRight" classname="tetris.BlockedTests" time="0.005"/>
  <testcase name="testRotateLeftOutLeft" classname="tetris.BlockedTests" time="0.007"/>
  <testcase name="testRotateRightOutLeft" classname="tetris.BlockedTests" time="0.005"/>
  <testcase name="testRotateOutBottom" classname="tetris.BlockedTests" time="0.006"/>
  <system-out><![CDATA[Moved Left
Moved Left
Moved Right
Moved Right
Moved Right
Moved Left
Rotated Right
Rotated Left
Moved Right
Rotated Left
Moved Right
Rotated Left
Moved Left
Rotated Right
Moved Left
]]></system-out>
  <system-err><![CDATA[]]></system-err>
</testsuite>
