<?xml version="1.0" encoding="UTF-8"?>
<testsuite name="tetris.GameOverTests" tests="4" skipped="0" failures="0" errors="0" timestamp="2024-10-03T08:14:12" hostname="thinkpad" time="0.025">
  <properties/>
  <testcase name="testGameOver" classname="tetris.GameOverTests" time="0.006"/>
  <testcase name="testNoEscapeGameOver" classname="tetris.GameOverTests" time="0.006"/>
  <testcase name="testNoEscapeGameOver2" classname="tetris.GameOverTests" time="0.005"/>
  <testcase name="testNoGameOverTightFit" classname="tetris.GameOverTests" time="0.004"/>
  <system-out><![CDATA[newPiece
newPiece
newPiece
Moved Right
Rotated Right
Moved Left
newPiece
]]></system-out>
  <system-err><![CDATA[]]></system-err>
</testsuite>
