<?xml version="1.0" encoding="UTF-8"?>
<testsuite name="tetris.DropTests" tests="1" skipped="0" failures="0" errors="0" timestamp="2024-10-03T08:14:12" hostname="thinkpad" time="0.039">
  <properties/>
  <testcase name="testDrop" classname="tetris.DropTests" time="0.039"/>
  <system-out><![CDATA[Rotated Right
Moved Right
Drop called
Rotated Right
Moved Left
Drop called
Rotated Right
Drop called
Rotated Right
Rotated Right
Rotated Right
Drop called
Rotated Right
Moved Right
Drop called
Rotated Right
Rotated Right
Rotated Right
Moved Right
Drop called
]]></system-out>
  <system-err><![CDATA[]]></system-err>
</testsuite>
