<?xml version="1.0" encoding="UTF-8"?>
<testsuite name="tetris.SpawnTests" tests="2" skipped="0" failures="0" errors="0" timestamp="2024-10-03T12:29:18" hostname="thinkpad" time="0.006">
  <properties/>
  <testcase name="testSpawn" classname="tetris.SpawnTests" time="0.002"/>
  <testcase name="testSpawn2" classname="tetris.SpawnTests" time="0.003"/>
  <system-out><![CDATA[]]></system-out>
  <system-err><![CDATA[]]></system-err>
</testsuite>
