<?xml version="1.0" encoding="UTF-8"?>
<testsuite name="tetris.FullGameTests" tests="5" skipped="0" failures="0" errors="0" timestamp="2024-10-03T08:14:12" hostname="thinkpad" time="0.513">
  <properties/>
  <testcase name="testGame5x9" classname="tetris.FullGameTests" time="0.059"/>
  <testcase name="testGame8x11" classname="tetris.FullGameTests" time="0.291"/>
  <testcase name="testGame6x10" classname="tetris.FullGameTests" time="0.044"/>
  <testcase name="testInterleave5x9and8x11" classname="tetris.FullGameTests" time="0.048"/>
  <testcase name="testInterleave8x11and6x10" classname="tetris.FullGameTests" time="0.068"/>
  <system-out><![CDATA[Rotated Right
newPiece
Rotated Right
Moved Left
newPiece
Moved Left
Moved Left
newPiece
Rotated Right
Moved Left
Moved Left
Moved Left
newPiece
Rotated Right
Moved Left
newPiece
Rotated Right
Moved Right
newPiece
Rotated Right
Moved Left
newPiece
Rotated Right
Moved Left
Moved Left
newPiece
Moved Right
Rotated Right
newPiece
Moved Right
Rotated Right
Moved Left
newPiece
Moved Left
newPiece
Moved Right
Moved Right
newPiece
Rotated Right
newPiece
Moved Left
Rotated Right
Moved Left
newPiece
Rotated Right
Moved Left
Moved Left
Moved Left
Moved Left
newPiece
Moved Left
Moved Left
Moved Right
newPiece
Moved Left
newPiece
Rotated Right
Moved Right
Moved Right
Rotated Right
Rotated Right
Moved Right
Moved Right
newPiece
Moved Right
Moved Right
Rotated Right
Rotated Right
newPiece
Moved Right
Rotated Right
Moved Right
Moved Right
newPiece
Moved Left
Rotated Right
Moved Left
Rotated Right
Rotated Right
newPiece
Rotated Right
Moved Right
newPiece
Moved Left
Moved Left
Moved Right
newPiece
Rotated Right
Rotated Right
Rotated Right
Moved Right
newPiece
Rotated Right
Moved Right
Rotated Right
Moved Right
Moved Right
newPiece
Moved Left
Rotated Right
Moved Left
Moved Left
newPiece
Rotated Right
Rotated Right
Rotated Right
Moved Right
Moved Right
Moved Right
Moved Right
newPiece
Rotated Right
Moved Left
Moved Left
Moved Left
newPiece
Rotated Right
Moved Left
newPiece
Rotated Right
Moved Left
Moved Left
newPiece
Moved Right
Moved Left
Rotated Right
Moved Left
Moved Left
Moved Left
newPiece
Moved Right
Moved Right
Moved Left
Moved Right
newPiece
Rotated Right
Moved Right
Moved Right
Moved Left
newPiece
Rotated Right
Rotated Right
Rotated Right
Rotated Right
Rotated Right
Moved Right
newPiece
Rotated Right
Rotated Right
Rotated Right
newPiece
Rotated Right
Moved Left
Moved Left
newPiece
Rotated Right
Moved Right
Moved Right
Moved Right
Moved Left
newPiece
Moved Right
Moved Right
Moved Left
Moved Left
Moved Left
Moved Left
Rotated Right
Moved Left
newPiece
Rotated Right
Moved Right
newPiece
Moved Right
Moved Right
Moved Right
newPiece
Moved Left
Moved Left
Moved Right
newPiece
Rotated Right
Rotated Right
Rotated Right
Moved Right
Moved Right
newPiece
Moved Right
Moved Left
newPiece
Rotated Right
Rotated Right
Rotated Right
Moved Right
newPiece
Rotated Right
newPiece
Rotated Right
Moved Left
Moved Left
newPiece
Moved Left
Moved Left
newPiece
Rotated Right
Rotated Right
Rotated Right
Moved Left
newPiece
Rotated Right
Rotated Right
Moved Right
Rotated Right
Moved Right
Moved Right
newPiece
Moved Right
Rotated Right
Rotated Right
Moved Right
newPiece
Moved Right
Moved Right
Moved Left
Moved Right
newPiece
Rotated Right
Moved Left
newPiece
Moved Right
Rotated Right
newPiece
Moved Right
Moved Right
newPiece
Moved Left
Moved Left
newPiece
Rotated Right
Moved Right
Moved Right
newPiece
Rotated Right
Moved Left
newPiece
Rotated Right
newPiece
Moved Left
Moved Left
newPiece
Moved Left
Rotated Right
newPiece
Moved Left
Rotated Right
Moved Left
Moved Left
Moved Left
newPiece
Rotated Right
newPiece
Moved Left
Rotated Right
Moved Left
Moved Left
Moved Left
Moved Left
newPiece
Rotated Right
Moved Right
newPiece
Rotated Right
Moved Left
newPiece
Moved Left
Moved Left
newPiece
Rotated Right
Moved Left
Moved Left
Moved Right
newPiece
Moved Right
newPiece
Rotated Right
Moved Left
newPiece
Moved Right
newPiece
Rotated Right
Rotated Right
Moved Left
Moved Right
Moved Right
Rotated Right
newPiece
Rotated Right
Moved Left
Moved Right
Moved Right
newPiece
Moved Right
Rotated Right
Moved Right
Rotated Right
Rotated Right
Moved Right
Moved Right
newPiece
Rotated Right
newPiece
Moved Right
Moved Left
newPiece
Moved Left
Rotated Right
Moved Left
newPiece
Rotated Right
Rotated Right
Rotated Right
Moved Right
newPiece
Rotated Right
newPiece
Moved Left
Rotated Right
Moved Left
Moved Left
Moved Left
newPiece
Rotated Right
Moved Left
Moved Left
newPiece
Moved Left
Moved Left
newPiece
Moved Left
Moved Left
Moved Right
newPiece
Moved Left
newPiece
Rotated Right
Rotated Right
Rotated Right
Moved Left
newPiece
Rotated Right
Moved Right
newPiece
Moved Right
Rotated Right
Rotated Right
Rotated Right
Rotated Right
Moved Right
Moved Right
Moved Right
Rotated Right
Moved Right
Moved Right
newPiece
Moved Right
newPiece
Rotated Right
Moved Right
Rotated Right
Moved Right
Moved Right
Rotated Right
Rotated Right
newPiece
Moved Right
Moved Right
Moved Left
newPiece
Moved Right
Moved Right
Rotated Right
Moved Right
newPiece
Moved Right
Rotated Right
Moved Left
newPiece
Moved Right
Rotated Right
newPiece
Moved Left
Rotated Right
newPiece
Moved Left
Moved Right
Rotated Right
Moved Right
Rotated Right
newPiece
Moved Left
Moved Left
newPiece
]]></system-out>
  <system-err><![CDATA[]]></system-err>
</testsuite>
