<?xml version="1.0" encoding="UTF-8"?>
<testsuite name="tetris.TetrisTestSuite3_2" tests="0" skipped="0" failures="0" errors="0" timestamp="1970-01-01T00:00:00" hostname="thinkpad" time="0.0">
  <properties/>
  <system-out><![CDATA[You got 0/48 points!
Your base grade for the tetris exercise will be : 0.00
]]></system-out>
  <system-err><![CDATA[]]></system-err>
</testsuite>
