<?xml version="1.0" encoding="UTF-8"?>
<testsuite name="tetris.PlacementTests" tests="18" skipped="0" failures="0" errors="0" timestamp="2024-10-03T12:29:18" hostname="thinkpad" time="0.308">
  <properties/>
  <testcase name="testPlacementI" classname="tetris.PlacementTests" time="0.099"/>
  <testcase name="testPlacementIEven" classname="tetris.PlacementTests" time="0.007"/>
  <testcase name="testPlacementJ" classname="tetris.PlacementTests" time="0.004"/>
  <testcase name="testPlacementL" classname="tetris.PlacementTests" time="0.004"/>
  <testcase name="testPlacementO" classname="tetris.PlacementTests" time="0.004"/>
  <testcase name="testPlacementOEven" classname="tetris.PlacementTests" time="0.002"/>
  <testcase name="testPlacementS" classname="tetris.PlacementTests" time="0.003"/>
  <testcase name="testPlacementT" classname="tetris.PlacementTests" time="0.002"/>
  <testcase name="testPlacementZ" classname="tetris.PlacementTests" time="0.003"/>
  <testcase name="testPlacementI" classname="tetris.PlacementTests" time="0.003"/>
  <testcase name="testPlacementIEven" classname="tetris.PlacementTests" time="0.002"/>
  <testcase name="testPlacementJ" classname="tetris.PlacementTests" time="0.002"/>
  <testcase name="testPlacementL" classname="tetris.PlacementTests" time="0.002"/>
  <testcase name="testPlacementO" classname="tetris.PlacementTests" time="0.001"/>
  <testcase name="testPlacementOEven" classname="tetris.PlacementTests" time="0.001"/>
  <testcase name="testPlacementS" classname="tetris.PlacementTests" time="0.002"/>
  <testcase name="testPlacementT" classname="tetris.PlacementTests" time="0.003"/>
  <testcase name="testPlacementZ" classname="tetris.PlacementTests" time="0.002"/>
  <system-out><![CDATA[]]></system-out>
  <system-err><![CDATA[]]></system-err>
</testsuite>
