<?xml version="1.0" encoding="UTF-8"?>
<testsuite name="tetris.MovementTests" tests="4" skipped="0" failures="0" errors="0" timestamp="2024-10-03T12:29:18" hostname="thinkpad" time="0.137">
  <properties/>
  <testcase name="testMovement" classname="tetris.MovementTests" time="0.012"/>
  <testcase name="testMovement2" classname="tetris.MovementTests" time="0.007"/>
  <testcase name="testMovement" classname="tetris.MovementTests" time="0.004"/>
  <testcase name="testMovement2" classname="tetris.MovementTests" time="0.004"/>
  <system-out><![CDATA[]]></system-out>
  <system-err><![CDATA[]]></system-err>
</testsuite>
