<?xml version="1.0" encoding="UTF-8"?>
<testsuite name="tetris.SpawnTests" tests="2" skipped="0" failures="0" errors="0" timestamp="2024-10-03T08:20:39" hostname="thinkpad" time="0.017">
  <properties/>
  <testcase name="testSpawn" classname="tetris.SpawnTests" time="0.007"/>
  <testcase name="testSpawn2" classname="tetris.SpawnTests" time="0.009"/>
  <system-out><![CDATA[newPiece
newPiece
newPiece
newPiece
]]></system-out>
  <system-err><![CDATA[]]></system-err>
</testsuite>
