<?xml version="1.0" encoding="UTF-8"?>
<testsuite name="tetris.RotateBackToStartTests" tests="4" skipped="0" failures="0" errors="0" timestamp="2024-10-02T18:57:14" hostname="thinkpad" time="0.035">
  <properties/>
  <testcase name="testRotate360" classname="tetris.RotateBackToStartTests" time="0.008"/>
  <testcase name="testRotate360CC" classname="tetris.RotateBackToStartTests" time="0.007"/>
  <testcase name="testRotateLeftRight" classname="tetris.RotateBackToStartTests" time="0.007"/>
  <testcase name="testRotateRightLeft" classname="tetris.RotateBackToStartTests" time="0.008"/>
  <system-out><![CDATA[Rotated Right
Rotated Right
Rotated Right
Rotated Right
Rotated Left
Rotated Left
Rotated Left
Rotated Left
Rotated Right
Rotated Left
Rotated Left
Rotated Left
Rotated Right
Rotated Right
]]></system-out>
  <system-err><![CDATA[]]></system-err>
</testsuite>
