<?xml version="1.0" encoding="UTF-8"?>
<testsuite name="tetris.FullGameTests" tests="5" skipped="0" failures="0" errors="0" timestamp="2024-10-03T09:24:22" hostname="thinkpad" time="0.299">
  <properties/>
  <testcase name="testGame5x9" classname="tetris.FullGameTests" time="0.041"/>
  <testcase name="testGame8x11" classname="tetris.FullGameTests" time="0.153"/>
  <testcase name="testGame6x10" classname="tetris.FullGameTests" time="0.027"/>
  <testcase name="testInterleave5x9and8x11" classname="tetris.FullGameTests" time="0.032"/>
  <testcase name="testInterleave8x11and6x10" classname="tetris.FullGameTests" time="0.042"/>
  <system-out><![CDATA[]]></system-out>
  <system-err><![CDATA[]]></system-err>
</testsuite>
