<?xml version="1.0" encoding="UTF-8"?>
<testsuite name="tetris.ClearLinesTests" tests="5" skipped="0" failures="0" errors="0" timestamp="2024-10-02T16:02:28" hostname="thinkpad" time="0.027">
  <properties/>
  <testcase name="testClear1Line" classname="tetris.ClearLinesTests" time="0.005"/>
  <testcase name="testClear1LineMiddle" classname="tetris.ClearLinesTests" time="0.006"/>
  <testcase name="testClear2Lines" classname="tetris.ClearLinesTests" time="0.006"/>
  <testcase name="testClear3Lines" classname="tetris.ClearLinesTests" time="0.004"/>
  <testcase name="testClear4Lines" classname="tetris.ClearLinesTests" time="0.004"/>
  <system-out><![CDATA[Rotated Right
newPiece
(Removing line:,4)
Rotated Right
Moved Right
newPiece
(Removing line:,6)
Rotated Right
Moved Right
newPiece
(Removing line:,4)
(Removing line:,6)
Rotated Right
Moved Right
newPiece
(Removing line:,4)
(Removing line:,6)
(Removing line:,7)
Rotated Right
Moved Left
newPiece
(Removing line:,4)
(Removing line:,5)
(Removing line:,6)
(Removing line:,7)
]]></system-out>
  <system-err><![CDATA[]]></system-err>
</testsuite>
