<?xml version="1.0" encoding="UTF-8"?>
<testsuite name="tetris.PlacementTests" tests="9" skipped="0" failures="0" errors="0" timestamp="2024-09-30T18:54:53" hostname="thinkpad" time="0.202">
  <properties/>
  <testcase name="testPlacementI" classname="tetris.PlacementTests" time="0.147"/>
  <testcase name="testPlacementIEven" classname="tetris.PlacementTests" time="0.005"/>
  <testcase name="testPlacementJ" classname="tetris.PlacementTests" time="0.005"/>
  <testcase name="testPlacementL" classname="tetris.PlacementTests" time="0.011"/>
  <testcase name="testPlacementO" classname="tetris.PlacementTests" time="0.009"/>
  <testcase name="testPlacementOEven" classname="tetris.PlacementTests" time="0.006"/>
  <testcase name="testPlacementS" classname="tetris.PlacementTests" time="0.004"/>
  <testcase name="testPlacementT" classname="tetris.PlacementTests" time="0.003"/>
  <testcase name="testPlacementZ" classname="tetris.PlacementTests" time="0.004"/>
  <system-out><![CDATA[]]></system-out>
  <system-err><![CDATA[]]></system-err>
</testsuite>
